[2019-06-05 02:25:54] local.ERROR: SQLSTATE[42S22]: Column not found: 1054 Unknown column 'study_status' in 'field list' (SQL: insert into `students` (`name`, `gender`, `religion`, `is_staff_son`, `birthday`, `start_data`, `start_year`, `study_status`, `note`, `level_id`, `classroom_id`, `part_id`, `start_from`, `student_parent_id`, `contact_id`, `updated_at`, `created_at`) values (?, ?, ?, ?, ?, ?, ?, ?, ?, ?, ?, ?, ?, ?, ?, 2019-06-05 02:25:53, 2019-06-05 02:25:53)) {"exception":"[object] (Illuminate\\Database\\QueryException(code: 42S22): SQLSTATE[42S22]: Column not found: 1054 Unknown column 'study_status' in 'field list' (SQL: insert into `students` (`name`, `gender`, `religion`, `is_staff_son`, `birthday`, `start_data`, `start_year`, `study_status`, `note`, `level_id`, `classroom_id`, `part_id`, `start_from`, `student_parent_id`, `contact_id`, `updated_at`, `created_at`) values (?, ?, ?, ?, ?, ?, ?, ?, ?, ?, ?, ?, ?, ?, ?, 2019-06-05 02:25:53, 2019-06-05 02:25:53)) at /home/a7med404/a7meD404/WD_WORK/WorkingFolder/work-on/school-system/vendor/laravel/framework/src/Illuminate/Database/Connection.php:664, PDOException(code: 42S22): SQLSTATE[42S22]: Column not found: 1054 Unknown column 'study_status' in 'field list' at /home/a7med404/a7meD404/WD_WORK/WorkingFolder/work-on/school-system/vendor/laravel/framework/src/Illuminate/Database/Connection.php:452)
[stacktrace]
#0 /home/a7med404/a7meD404/WD_WORK/WorkingFolder/work-on/school-system/vendor/laravel/framework/src/Illuminate/Database/Connection.php(624): Illuminate\\Database\\Connection->runQueryCallback('insert into `st...', Array, Object(Closure))
#1 /home/a7med404/a7meD404/WD_WORK/WorkingFolder/work-on/school-system/vendor/laravel/framework/src/Illuminate/Database/Connection.php(459): Illuminate\\Database\\Connection->run('insert into `st...', Array, Object(Closure))
#2 /home/a7med404/a7meD404/WD_WORK/WorkingFolder/work-on/school-system/vendor/laravel/framework/src/Illuminate/Database/Connection.php(411): Illuminate\\Database\\Connection->statement('insert into `st...', Array)
#3 /home/a7med404/a7meD404/WD_WORK/WorkingFolder/work-on/school-system/vendor/laravel/framework/src/Illuminate/Database/Query/Processors/Processor.php(32): Illuminate\\Database\\Connection->insert('insert into `st...', Array)
#4 /home/a7med404/a7meD404/WD_WORK/WorkingFolder/work-on/school-system/vendor/laravel/framework/src/Illuminate/Database/Query/Builder.php(2657): Illuminate\\Database\\Query\\Processors\\Processor->processInsertGetId(Object(Illuminate\\Database\\Query\\Builder), 'insert into `st...', Array, 'id')
#5 /home/a7med404/a7meD404/WD_WORK/WorkingFolder/work-on/school-system/vendor/laravel/framework/src/Illuminate/Database/Eloquent/Builder.php(1349): Illuminate\\Database\\Query\\Builder->insertGetId(Array, 'id')
#6 /home/a7med404/a7meD404/WD_WORK/WorkingFolder/work-on/school-system/vendor/laravel/framework/src/Illuminate/Database/Eloquent/Model.php(835): Illuminate\\Database\\Eloquent\\Builder->__call('insertGetId', Array)
#7 /home/a7med404/a7meD404/WD_WORK/WorkingFolder/work-on/school-system/vendor/laravel/framework/src/Illuminate/Database/Eloquent/Model.php(800): Illuminate\\Database\\Eloquent\\Model->insertAndSetId(Object(Illuminate\\Database\\Eloquent\\Builder), Array)
#8 /home/a7med404/a7meD404/WD_WORK/WorkingFolder/work-on/school-system/vendor/laravel/framework/src/Illuminate/Database/Eloquent/Model.php(663): Illuminate\\Database\\Eloquent\\Model->performInsert(Object(Illuminate\\Database\\Eloquent\\Builder))
#9 /home/a7med404/a7meD404/WD_WORK/WorkingFolder/work-on/school-system/vendor/laravel/framework/src/Illuminate/Database/Eloquent/Builder.php(795): Illuminate\\Database\\Eloquent\\Model->save()
#10 /home/a7med404/a7meD404/WD_WORK/WorkingFolder/work-on/school-system/vendor/laravel/framework/src/Illuminate/Support/helpers.php(1123): Illuminate\\Database\\Eloquent\\Builder->Illuminate\\Database\\Eloquent\\{closure}(Object(Modules\\Student\\Entities\\Student))
#11 /home/a7med404/a7meD404/WD_WORK/WorkingFolder/work-on/school-system/vendor/laravel/framework/src/Illuminate/Database/Eloquent/Builder.php(796): tap(Object(Modules\\Student\\Entities\\Student), Object(Closure))
#12 /home/a7med404/a7meD404/WD_WORK/WorkingFolder/work-on/school-system/vendor/laravel/framework/src/Illuminate/Support/Traits/ForwardsCalls.php(23): Illuminate\\Database\\Eloquent\\Builder->create(Array)
#13 /home/a7med404/a7meD404/WD_WORK/WorkingFolder/work-on/school-system/vendor/laravel/framework/src/Illuminate/Database/Eloquent/Model.php(1614): Illuminate\\Database\\Eloquent\\Model->forwardCallTo(Object(Illuminate\\Database\\Eloquent\\Builder), 'create', Array)
#14 /home/a7med404/a7meD404/WD_WORK/WorkingFolder/work-on/school-system/vendor/laravel/framework/src/Illuminate/Database/Eloquent/Model.php(1626): Illuminate\\Database\\Eloquent\\Model->__call('create', Array)
#15 /home/a7med404/a7meD404/WD_WORK/WorkingFolder/work-on/school-system/Modules/Student/Http/Controllers/StudentController.php(51): Illuminate\\Database\\Eloquent\\Model::__callStatic('create', Array)
#16 [internal function]: Modules\\Student\\Http\\Controllers\\StudentController->store(Object(Illuminate\\Http\\Request))
#17 /home/a7med404/a7meD404/WD_WORK/WorkingFolder/work-on/school-system/vendor/laravel/framework/src/Illuminate/Routing/Controller.php(54): call_user_func_array(Array, Array)
#18 /home/a7med404/a7meD404/WD_WORK/WorkingFolder/work-on/school-system/vendor/laravel/framework/src/Illuminate/Routing/ControllerDispatcher.php(45): Illuminate\\Routing\\Controller->callAction('store', Array)
#19 /home/a7med404/a7meD404/WD_WORK/WorkingFolder/work-on/school-system/vendor/laravel/framework/src/Illuminate/Routing/Route.php(219): Illuminate\\Routing\\ControllerDispatcher->dispatch(Object(Illuminate\\Routing\\Route), Object(Modules\\Student\\Http\\Controllers\\StudentController), 'store')
#20 /home/a7med404/a7meD404/WD_WORK/WorkingFolder/work-on/school-system/vendor/laravel/framework/src/Illuminate/Routing/Route.php(176): Illuminate\\Routing\\Route->runController()
#21 /home/a7med404/a7meD404/WD_WORK/WorkingFolder/work-on/school-system/vendor/laravel/framework/src/Illuminate/Routing/Router.php(680): Illuminate\\Routing\\Route->run()
#22 /home/a7med404/a7meD404/WD_WORK/WorkingFolder/work-on/school-system/vendor/laravel/framework/src/Illuminate/Routing/Pipeline.php(30): Illuminate\\Routing\\Router->Illuminate\\Routing\\{closure}(Object(Illuminate\\Http\\Request))
#23 /home/a7med404/a7meD404/WD_WORK/WorkingFolder/work-on/school-system/vendor/laravel/framework/src/Illuminate/Routing/Middleware/SubstituteBindings.php(41): Illuminate\\Routing\\Pipeline->Illuminate\\Routing\\{closure}(Object(Illuminate\\Http\\Request))
#24 /home/a7med404/a7meD404/WD_WORK/WorkingFolder/work-on/school-system/vendor/laravel/framework/src/Illuminate/Pipeline/Pipeline.php(163): Illuminate\\Routing\\Middleware\\SubstituteBindings->handle(Object(Illuminate\\Http\\Request), Object(Closure))
#25 /home/a7med404/a7meD404/WD_WORK/WorkingFolder/work-on/school-system/vendor/laravel/framework/src/Illuminate/Routing/Pipeline.php(53): Illuminate\\Pipeline\\Pipeline->Illuminate\\Pipeline\\{closure}(Object(Illuminate\\Http\\Request))
#26 /home/a7med404/a7meD404/WD_WORK/WorkingFolder/work-on/school-system/vendor/laravel/framework/src/Illuminate/Routing/Middleware/ThrottleRequests.php(58): Illuminate\\Routing\\Pipeline->Illuminate\\Routing\\{closure}(Object(Illuminate\\Http\\Request))
#27 /home/a7med404/a7meD404/WD_WORK/WorkingFolder/work-on/school-system/vendor/laravel/framework/src/Illuminate/Pipeline/Pipeline.php(163): Illuminate\\Routing\\Middleware\\ThrottleRequests->handle(Object(Illuminate\\Http\\Request), Object(Closure), 60, '1')
#28 /home/a7med404/a7meD404/WD_WORK/WorkingFolder/work-on/school-system/vendor/laravel/framework/src/Illuminate/Routing/Pipeline.php(53): Illuminate\\Pipeline\\Pipeline->Illuminate\\Pipeline\\{closure}(Object(Illuminate\\Http\\Request))
#29 /home/a7med404/a7meD404/WD_WORK/WorkingFolder/work-on/school-system/vendor/laravel/framework/src/Illuminate/Pipeline/Pipeline.php(104): Illuminate\\Routing\\Pipeline->Illuminate\\Routing\\{closure}(Object(Illuminate\\Http\\Request))
#30 /home/a7med404/a7meD404/WD_WORK/WorkingFolder/work-on/school-system/vendor/laravel/framework/src/Illuminate/Routing/Router.php(682): Illuminate\\Pipeline\\Pipeline->then(Object(Closure))
#31 /home/a7med404/a7meD404/WD_WORK/WorkingFolder/work-on/school-system/vendor/laravel/framework/src/Illuminate/Routing/Router.php(657): Illuminate\\Routing\\Router->runRouteWithinStack(Object(Illuminate\\Routing\\Route), Object(Illuminate\\Http\\Request))
#32 /home/a7med404/a7meD404/WD_WORK/WorkingFolder/work-on/school-system/vendor/laravel/framework/src/Illuminate/Routing/Router.php(623): Illuminate\\Routing\\Router->runRoute(Object(Illuminate\\Http\\Request), Object(Illuminate\\Routing\\Route))
#33 /home/a7med404/a7meD404/WD_WORK/WorkingFolder/work-on/school-system/vendor/laravel/framework/src/Illuminate/Routing/Router.php(612): Illuminate\\Routing\\Router->dispatchToRoute(Object(Illuminate\\Http\\Request))
#34 /home/a7med404/a7meD404/WD_WORK/WorkingFolder/work-on/school-system/vendor/laravel/framework/src/Illuminate/Foundation/Http/Kernel.php(176): Illuminate\\Routing\\Router->dispatch(Object(Illuminate\\Http\\Request))
#35 /home/a7med404/a7meD404/WD_WORK/WorkingFolder/work-on/school-system/vendor/laravel/framework/src/Illuminate/Routing/Pipeline.php(30): Illuminate\\Foundation\\Http\\Kernel->Illuminate\\Foundation\\Http\\{closure}(Object(Illuminate\\Http\\Request))
#36 /home/a7med404/a7meD404/WD_WORK/WorkingFolder/work-on/school-system/vendor/barryvdh/laravel-debugbar/src/Middleware/InjectDebugbar.php(65): Illuminate\\Routing\\Pipeline->Illuminate\\Routing\\{closure}(Object(Illuminate\\Http\\Request))
#37 /home/a7med404/a7meD404/WD_WORK/WorkingFolder/work-on/school-system/vendor/laravel/framework/src/Illuminate/Pipeline/Pipeline.php(163): Barryvdh\\Debugbar\\Middleware\\InjectDebugbar->handle(Object(Illuminate\\Http\\Request), Object(Closure))
#38 /home/a7med404/a7meD404/WD_WORK/WorkingFolder/work-on/school-system/vendor/laravel/framework/src/Illuminate/Routing/Pipeline.php(53): Illuminate\\Pipeline\\Pipeline->Illuminate\\Pipeline\\{closure}(Object(Illuminate\\Http\\Request))
#39 /home/a7med404/a7meD404/WD_WORK/WorkingFolder/work-on/school-system/vendor/fideloper/proxy/src/TrustProxies.php(57): Illuminate\\Routing\\Pipeline->Illuminate\\Routing\\{closure}(Object(Illuminate\\Http\\Request))
#40 /home/a7med404/a7meD404/WD_WORK/WorkingFolder/work-on/school-system/vendor/laravel/framework/src/Illuminate/Pipeline/Pipeline.php(163): Fideloper\\Proxy\\TrustProxies->handle(Object(Illuminate\\Http\\Request), Object(Closure))
#41 /home/a7med404/a7meD404/WD_WORK/WorkingFolder/work-on/school-system/vendor/laravel/framework/src/Illuminate/Routing/Pipeline.php(53): Illuminate\\Pipeline\\Pipeline->Illuminate\\Pipeline\\{closure}(Object(Illuminate\\Http\\Request))
#42 /home/a7med404/a7meD404/WD_WORK/WorkingFolder/work-on/school-system/vendor/laravel/framework/src/Illuminate/Foundation/Http/Middleware/TransformsRequest.php(21): Illuminate\\Routing\\Pipeline->Illuminate\\Routing\\{closure}(Object(Illuminate\\Http\\Request))
#43 /home/a7med404/a7meD404/WD_WORK/WorkingFolder/work-on/school-system/vendor/laravel/framework/src/Illuminate/Pipeline/Pipeline.php(163): Illuminate\\Foundation\\Http\\Middleware\\TransformsRequest->handle(Object(Illuminate\\Http\\Request), Object(Closure))
#44 /home/a7med404/a7meD404/WD_WORK/WorkingFolder/work-on/school-system/vendor/laravel/framework/src/Illuminate/Routing/Pipeline.php(53): Illuminate\\Pipeline\\Pipeline->Illuminate\\Pipeline\\{closure}(Object(Illuminate\\Http\\Request))
#45 /home/a7med404/a7meD404/WD_WORK/WorkingFolder/work-on/school-system/vendor/laravel/framework/src/Illuminate/Foundation/Http/Middleware/TransformsRequest.php(21): Illuminate\\Routing\\Pipeline->Illuminate\\Routing\\{closure}(Object(Illuminate\\Http\\Request))
#46 /home/a7med404/a7meD404/WD_WORK/WorkingFolder/work-on/school-system/vendor/laravel/framework/src/Illuminate/Pipeline/Pipeline.php(163): Illuminate\\Foundation\\Http\\Middleware\\TransformsRequest->handle(Object(Illuminate\\Http\\Request), Object(Closure))
#47 /home/a7med404/a7meD404/WD_WORK/WorkingFolder/work-on/school-system/vendor/laravel/framework/src/Illuminate/Routing/Pipeline.php(53): Illuminate\\Pipeline\\Pipeline->Illuminate\\Pipeline\\{closure}(Object(Illuminate\\Http\\Request))
#48 /home/a7med404/a7meD404/WD_WORK/WorkingFolder/work-on/school-system/vendor/laravel/framework/src/Illuminate/Foundation/Http/Middleware/ValidatePostSize.php(27): Illuminate\\Routing\\Pipeline->Illuminate\\Routing\\{closure}(Object(Illuminate\\Http\\Request))
#49 /home/a7med404/a7meD404/WD_WORK/WorkingFolder/work-on/school-system/vendor/laravel/framework/src/Illuminate/Pipeline/Pipeline.php(163): Illuminate\\Foundation\\Http\\Middleware\\ValidatePostSize->handle(Object(Illuminate\\Http\\Request), Object(Closure))
#50 /home/a7med404/a7meD404/WD_WORK/WorkingFolder/work-on/school-system/vendor/laravel/framework/src/Illuminate/Routing/Pipeline.php(53): Illuminate\\Pipeline\\Pipeline->Illuminate\\Pipeline\\{closure}(Object(Illuminate\\Http\\Request))
#51 /home/a7med404/a7meD404/WD_WORK/WorkingFolder/work-on/school-system/vendor/laravel/framework/src/Illuminate/Foundation/Http/Middleware/CheckForMaintenanceMode.php(62): Illuminate\\Routing\\Pipeline->Illuminate\\Routing\\{closure}(Object(Illuminate\\Http\\Request))
#52 /home/a7med404/a7meD404/WD_WORK/WorkingFolder/work-on/school-system/vendor/laravel/framework/src/Illuminate/Pipeline/Pipeline.php(163): Illuminate\\Foundation\\Http\\Middleware\\CheckForMaintenanceMode->handle(Object(Illuminate\\Http\\Request), Object(Closure))
#53 /home/a7med404/a7meD404/WD_WORK/WorkingFolder/work-on/school-system/vendor/laravel/framework/src/Illuminate/Routing/Pipeline.php(53): Illuminate\\Pipeline\\Pipeline->Illuminate\\Pipeline\\{closure}(Object(Illuminate\\Http\\Request))
#54 /home/a7med404/a7meD404/WD_WORK/WorkingFolder/work-on/school-system/vendor/laravel/framework/src/Illuminate/Pipeline/Pipeline.php(104): Illuminate\\Routing\\Pipeline->Illuminate\\Routing\\{closure}(Object(Illuminate\\Http\\Request))
#55 /home/a7med404/a7meD404/WD_WORK/WorkingFolder/work-on/school-system/vendor/laravel/framework/src/Illuminate/Foundation/Http/Kernel.php(151): Illuminate\\Pipeline\\Pipeline->then(Object(Closure))
#56 /home/a7med404/a7meD404/WD_WORK/WorkingFolder/work-on/school-system/vendor/laravel/framework/src/Illuminate/Foundation/Http/Kernel.php(116): Illuminate\\Foundation\\Http\\Kernel->sendRequestThroughRouter(Object(Illuminate\\Http\\Request))
#57 /home/a7med404/a7meD404/WD_WORK/WorkingFolder/work-on/school-system/public/index.php(55): Illuminate\\Foundation\\Http\\Kernel->handle(Object(Illuminate\\Http\\Request))
#58 /home/a7med404/a7meD404/WD_WORK/WorkingFolder/work-on/school-system/server.php(21): require_once('/home/a7med404/...')
#59 {main}
"} 
[2019-06-05 02:26:40] local.ERROR: SQLSTATE[42S22]: Column not found: 1054 Unknown column 'study_status' in 'field list' (SQL: insert into `students` (`name`, `gender`, `religion`, `is_staff_son`, `birthday`, `start_data`, `start_year`, `study_status`, `note`, `level_id`, `classroom_id`, `part_id`, `start_from`, `student_parent_id`, `contact_id`, `updated_at`, `created_at`) values (kmkmkmm jnn, 0, 2, 1, 2019-05-07, 2019-05-07, TE, TE, jjjj, 0, 0, 0, ?, ?, ?, 2019-06-05 02:26:40, 2019-06-05 02:26:40)) {"exception":"[object] (Illuminate\\Database\\QueryException(code: 42S22): SQLSTATE[42S22]: Column not found: 1054 Unknown column 'study_status' in 'field list' (SQL: insert into `students` (`name`, `gender`, `religion`, `is_staff_son`, `birthday`, `start_data`, `start_year`, `study_status`, `note`, `level_id`, `classroom_id`, `part_id`, `start_from`, `student_parent_id`, `contact_id`, `updated_at`, `created_at`) values (kmkmkmm jnn, 0, 2, 1, 2019-05-07, 2019-05-07, TE, TE, jjjj, 0, 0, 0, ?, ?, ?, 2019-06-05 02:26:40, 2019-06-05 02:26:40)) at /home/a7med404/a7meD404/WD_WORK/WorkingFolder/work-on/school-system/vendor/laravel/framework/src/Illuminate/Database/Connection.php:664, PDOException(code: 42S22): SQLSTATE[42S22]: Column not found: 1054 Unknown column 'study_status' in 'field list' at /home/a7med404/a7meD404/WD_WORK/WorkingFolder/work-on/school-system/vendor/laravel/framework/src/Illuminate/Database/Connection.php:452)
[stacktrace]
#0 /home/a7med404/a7meD404/WD_WORK/WorkingFolder/work-on/school-system/vendor/laravel/framework/src/Illuminate/Database/Connection.php(624): Illuminate\\Database\\Connection->runQueryCallback('insert into `st...', Array, Object(Closure))
#1 /home/a7med404/a7meD404/WD_WORK/WorkingFolder/work-on/school-system/vendor/laravel/framework/src/Illuminate/Database/Connection.php(459): Illuminate\\Database\\Connection->run('insert into `st...', Array, Object(Closure))
#2 /home/a7med404/a7meD404/WD_WORK/WorkingFolder/work-on/school-system/vendor/laravel/framework/src/Illuminate/Database/Connection.php(411): Illuminate\\Database\\Connection->statement('insert into `st...', Array)
#3 /home/a7med404/a7meD404/WD_WORK/WorkingFolder/work-on/school-system/vendor/laravel/framework/src/Illuminate/Database/Query/Processors/Processor.php(32): Illuminate\\Database\\Connection->insert('insert into `st...', Array)
#4 /home/a7med404/a7meD404/WD_WORK/WorkingFolder/work-on/school-system/vendor/laravel/framework/src/Illuminate/Database/Query/Builder.php(2657): Illuminate\\Database\\Query\\Processors\\Processor->processInsertGetId(Object(Illuminate\\Database\\Query\\Builder), 'insert into `st...', Array, 'id')
#5 /home/a7med404/a7meD404/WD_WORK/WorkingFolder/work-on/school-system/vendor/laravel/framework/src/Illuminate/Database/Eloquent/Builder.php(1349): Illuminate\\Database\\Query\\Builder->insertGetId(Array, 'id')
#6 /home/a7med404/a7meD404/WD_WORK/WorkingFolder/work-on/school-system/vendor/laravel/framework/src/Illuminate/Database/Eloquent/Model.php(835): Illuminate\\Database\\Eloquent\\Builder->__call('insertGetId', Array)
#7 /home/a7med404/a7meD404/WD_WORK/WorkingFolder/work-on/school-system/vendor/laravel/framework/src/Illuminate/Database/Eloquent/Model.php(800): Illuminate\\Database\\Eloquent\\Model->insertAndSetId(Object(Illuminate\\Database\\Eloquent\\Builder), Array)
#8 /home/a7med404/a7meD404/WD_WORK/WorkingFolder/work-on/school-system/vendor/laravel/framework/src/Illuminate/Database/Eloquent/Model.php(663): Illuminate\\Database\\Eloquent\\Model->performInsert(Object(Illuminate\\Database\\Eloquent\\Builder))
#9 /home/a7med404/a7meD404/WD_WORK/WorkingFolder/work-on/school-system/vendor/laravel/framework/src/Illuminate/Database/Eloquent/Builder.php(795): Illuminate\\Database\\Eloquent\\Model->save()
#10 /home/a7med404/a7meD404/WD_WORK/WorkingFolder/work-on/school-system/vendor/laravel/framework/src/Illuminate/Support/helpers.php(1123): Illuminate\\Database\\Eloquent\\Builder->Illuminate\\Database\\Eloquent\\{closure}(Object(Modules\\Student\\Entities\\Student))
#11 /home/a7med404/a7meD404/WD_WORK/WorkingFolder/work-on/school-system/vendor/laravel/framework/src/Illuminate/Database/Eloquent/Builder.php(796): tap(Object(Modules\\Student\\Entities\\Student), Object(Closure))
#12 /home/a7med404/a7meD404/WD_WORK/WorkingFolder/work-on/school-system/vendor/laravel/framework/src/Illuminate/Support/Traits/ForwardsCalls.php(23): Illuminate\\Database\\Eloquent\\Builder->create(Array)
#13 /home/a7med404/a7meD404/WD_WORK/WorkingFolder/work-on/school-system/vendor/laravel/framework/src/Illuminate/Database/Eloquent/Model.php(1614): Illuminate\\Database\\Eloquent\\Model->forwardCallTo(Object(Illuminate\\Database\\Eloquent\\Builder), 'create', Array)
#14 /home/a7med404/a7meD404/WD_WORK/WorkingFolder/work-on/school-system/vendor/laravel/framework/src/Illuminate/Database/Eloquent/Model.php(1626): Illuminate\\Database\\Eloquent\\Model->__call('create', Array)
#15 /home/a7med404/a7meD404/WD_WORK/WorkingFolder/work-on/school-system/Modules/Student/Http/Controllers/StudentController.php(51): Illuminate\\Database\\Eloquent\\Model::__callStatic('create', Array)
#16 [internal function]: Modules\\Student\\Http\\Controllers\\StudentController->store(Object(Illuminate\\Http\\Request))
#17 /home/a7med404/a7meD404/WD_WORK/WorkingFolder/work-on/school-system/vendor/laravel/framework/src/Illuminate/Routing/Controller.php(54): call_user_func_array(Array, Array)
#18 /home/a7med404/a7meD404/WD_WORK/WorkingFolder/work-on/school-system/vendor/laravel/framework/src/Illuminate/Routing/ControllerDispatcher.php(45): Illuminate\\Routing\\Controller->callAction('store', Array)
#19 /home/a7med404/a7meD404/WD_WORK/WorkingFolder/work-on/school-system/vendor/laravel/framework/src/Illuminate/Routing/Route.php(219): Illuminate\\Routing\\ControllerDispatcher->dispatch(Object(Illuminate\\Routing\\Route), Object(Modules\\Student\\Http\\Controllers\\StudentController), 'store')
#20 /home/a7med404/a7meD404/WD_WORK/WorkingFolder/work-on/school-system/vendor/laravel/framework/src/Illuminate/Routing/Route.php(176): Illuminate\\Routing\\Route->runController()
#21 /home/a7med404/a7meD404/WD_WORK/WorkingFolder/work-on/school-system/vendor/laravel/framework/src/Illuminate/Routing/Router.php(680): Illuminate\\Routing\\Route->run()
#22 /home/a7med404/a7meD404/WD_WORK/WorkingFolder/work-on/school-system/vendor/laravel/framework/src/Illuminate/Routing/Pipeline.php(30): Illuminate\\Routing\\Router->Illuminate\\Routing\\{closure}(Object(Illuminate\\Http\\Request))
#23 /home/a7med404/a7meD404/WD_WORK/WorkingFolder/work-on/school-system/vendor/laravel/framework/src/Illuminate/Routing/Middleware/SubstituteBindings.php(41): Illuminate\\Routing\\Pipeline->Illuminate\\Routing\\{closure}(Object(Illuminate\\Http\\Request))
#24 /home/a7med404/a7meD404/WD_WORK/WorkingFolder/work-on/school-system/vendor/laravel/framework/src/Illuminate/Pipeline/Pipeline.php(163): Illuminate\\Routing\\Middleware\\SubstituteBindings->handle(Object(Illuminate\\Http\\Request), Object(Closure))
#25 /home/a7med404/a7meD404/WD_WORK/WorkingFolder/work-on/school-system/vendor/laravel/framework/src/Illuminate/Routing/Pipeline.php(53): Illuminate\\Pipeline\\Pipeline->Illuminate\\Pipeline\\{closure}(Object(Illuminate\\Http\\Request))
#26 /home/a7med404/a7meD404/WD_WORK/WorkingFolder/work-on/school-system/vendor/laravel/framework/src/Illuminate/Routing/Middleware/ThrottleRequests.php(58): Illuminate\\Routing\\Pipeline->Illuminate\\Routing\\{closure}(Object(Illuminate\\Http\\Request))
#27 /home/a7med404/a7meD404/WD_WORK/WorkingFolder/work-on/school-system/vendor/laravel/framework/src/Illuminate/Pipeline/Pipeline.php(163): Illuminate\\Routing\\Middleware\\ThrottleRequests->handle(Object(Illuminate\\Http\\Request), Object(Closure), 60, '1')
#28 /home/a7med404/a7meD404/WD_WORK/WorkingFolder/work-on/school-system/vendor/laravel/framework/src/Illuminate/Routing/Pipeline.php(53): Illuminate\\Pipeline\\Pipeline->Illuminate\\Pipeline\\{closure}(Object(Illuminate\\Http\\Request))
#29 /home/a7med404/a7meD404/WD_WORK/WorkingFolder/work-on/school-system/vendor/laravel/framework/src/Illuminate/Pipeline/Pipeline.php(104): Illuminate\\Routing\\Pipeline->Illuminate\\Routing\\{closure}(Object(Illuminate\\Http\\Request))
#30 /home/a7med404/a7meD404/WD_WORK/WorkingFolder/work-on/school-system/vendor/laravel/framework/src/Illuminate/Routing/Router.php(682): Illuminate\\Pipeline\\Pipeline->then(Object(Closure))
#31 /home/a7med404/a7meD404/WD_WORK/WorkingFolder/work-on/school-system/vendor/laravel/framework/src/Illuminate/Routing/Router.php(657): Illuminate\\Routing\\Router->runRouteWithinStack(Object(Illuminate\\Routing\\Route), Object(Illuminate\\Http\\Request))
#32 /home/a7med404/a7meD404/WD_WORK/WorkingFolder/work-on/school-system/vendor/laravel/framework/src/Illuminate/Routing/Router.php(623): Illuminate\\Routing\\Router->runRoute(Object(Illuminate\\Http\\Request), Object(Illuminate\\Routing\\Route))
#33 /home/a7med404/a7meD404/WD_WORK/WorkingFolder/work-on/school-system/vendor/laravel/framework/src/Illuminate/Routing/Router.php(612): Illuminate\\Routing\\Router->dispatchToRoute(Object(Illuminate\\Http\\Request))
#34 /home/a7med404/a7meD404/WD_WORK/WorkingFolder/work-on/school-system/vendor/laravel/framework/src/Illuminate/Foundation/Http/Kernel.php(176): Illuminate\\Routing\\Router->dispatch(Object(Illuminate\\Http\\Request))
#35 /home/a7med404/a7meD404/WD_WORK/WorkingFolder/work-on/school-system/vendor/laravel/framework/src/Illuminate/Routing/Pipeline.php(30): Illuminate\\Foundation\\Http\\Kernel->Illuminate\\Foundation\\Http\\{closure}(Object(Illuminate\\Http\\Request))
#36 /home/a7med404/a7meD404/WD_WORK/WorkingFolder/work-on/school-system/vendor/barryvdh/laravel-debugbar/src/Middleware/InjectDebugbar.php(65): Illuminate\\Routing\\Pipeline->Illuminate\\Routing\\{closure}(Object(Illuminate\\Http\\Request))
#37 /home/a7med404/a7meD404/WD_WORK/WorkingFolder/work-on/school-system/vendor/laravel/framework/src/Illuminate/Pipeline/Pipeline.php(163): Barryvdh\\Debugbar\\Middleware\\InjectDebugbar->handle(Object(Illuminate\\Http\\Request), Object(Closure))
#38 /home/a7med404/a7meD404/WD_WORK/WorkingFolder/work-on/school-system/vendor/laravel/framework/src/Illuminate/Routing/Pipeline.php(53): Illuminate\\Pipeline\\Pipeline->Illuminate\\Pipeline\\{closure}(Object(Illuminate\\Http\\Request))
#39 /home/a7med404/a7meD404/WD_WORK/WorkingFolder/work-on/school-system/vendor/fideloper/proxy/src/TrustProxies.php(57): Illuminate\\Routing\\Pipeline->Illuminate\\Routing\\{closure}(Object(Illuminate\\Http\\Request))
#40 /home/a7med404/a7meD404/WD_WORK/WorkingFolder/work-on/school-system/vendor/laravel/framework/src/Illuminate/Pipeline/Pipeline.php(163): Fideloper\\Proxy\\TrustProxies->handle(Object(Illuminate\\Http\\Request), Object(Closure))
#41 /home/a7med404/a7meD404/WD_WORK/WorkingFolder/work-on/school-system/vendor/laravel/framework/src/Illuminate/Routing/Pipeline.php(53): Illuminate\\Pipeline\\Pipeline->Illuminate\\Pipeline\\{closure}(Object(Illuminate\\Http\\Request))
#42 /home/a7med404/a7meD404/WD_WORK/WorkingFolder/work-on/school-system/vendor/laravel/framework/src/Illuminate/Foundation/Http/Middleware/TransformsRequest.php(21): Illuminate\\Routing\\Pipeline->Illuminate\\Routing\\{closure}(Object(Illuminate\\Http\\Request))
#43 /home/a7med404/a7meD404/WD_WORK/WorkingFolder/work-on/school-system/vendor/laravel/framework/src/Illuminate/Pipeline/Pipeline.php(163): Illuminate\\Foundation\\Http\\Middleware\\TransformsRequest->handle(Object(Illuminate\\Http\\Request), Object(Closure))
#44 /home/a7med404/a7meD404/WD_WORK/WorkingFolder/work-on/school-system/vendor/laravel/framework/src/Illuminate/Routing/Pipeline.php(53): Illuminate\\Pipeline\\Pipeline->Illuminate\\Pipeline\\{closure}(Object(Illuminate\\Http\\Request))
#45 /home/a7med404/a7meD404/WD_WORK/WorkingFolder/work-on/school-system/vendor/laravel/framework/src/Illuminate/Foundation/Http/Middleware/TransformsRequest.php(21): Illuminate\\Routing\\Pipeline->Illuminate\\Routing\\{closure}(Object(Illuminate\\Http\\Request))
#46 /home/a7med404/a7meD404/WD_WORK/WorkingFolder/work-on/school-system/vendor/laravel/framework/src/Illuminate/Pipeline/Pipeline.php(163): Illuminate\\Foundation\\Http\\Middleware\\TransformsRequest->handle(Object(Illuminate\\Http\\Request), Object(Closure))
#47 /home/a7med404/a7meD404/WD_WORK/WorkingFolder/work-on/school-system/vendor/laravel/framework/src/Illuminate/Routing/Pipeline.php(53): Illuminate\\Pipeline\\Pipeline->Illuminate\\Pipeline\\{closure}(Object(Illuminate\\Http\\Request))
#48 /home/a7med404/a7meD404/WD_WORK/WorkingFolder/work-on/school-system/vendor/laravel/framework/src/Illuminate/Foundation/Http/Middleware/ValidatePostSize.php(27): Illuminate\\Routing\\Pipeline->Illuminate\\Routing\\{closure}(Object(Illuminate\\Http\\Request))
#49 /home/a7med404/a7meD404/WD_WORK/WorkingFolder/work-on/school-system/vendor/laravel/framework/src/Illuminate/Pipeline/Pipeline.php(163): Illuminate\\Foundation\\Http\\Middleware\\ValidatePostSize->handle(Object(Illuminate\\Http\\Request), Object(Closure))
#50 /home/a7med404/a7meD404/WD_WORK/WorkingFolder/work-on/school-system/vendor/laravel/framework/src/Illuminate/Routing/Pipeline.php(53): Illuminate\\Pipeline\\Pipeline->Illuminate\\Pipeline\\{closure}(Object(Illuminate\\Http\\Request))
#51 /home/a7med404/a7meD404/WD_WORK/WorkingFolder/work-on/school-system/vendor/laravel/framework/src/Illuminate/Foundation/Http/Middleware/CheckForMaintenanceMode.php(62): Illuminate\\Routing\\Pipeline->Illuminate\\Routing\\{closure}(Object(Illuminate\\Http\\Request))
#52 /home/a7med404/a7meD404/WD_WORK/WorkingFolder/work-on/school-system/vendor/laravel/framework/src/Illuminate/Pipeline/Pipeline.php(163): Illuminate\\Foundation\\Http\\Middleware\\CheckForMaintenanceMode->handle(Object(Illuminate\\Http\\Request), Object(Closure))
#53 /home/a7med404/a7meD404/WD_WORK/WorkingFolder/work-on/school-system/vendor/laravel/framework/src/Illuminate/Routing/Pipeline.php(53): Illuminate\\Pipeline\\Pipeline->Illuminate\\Pipeline\\{closure}(Object(Illuminate\\Http\\Request))
#54 /home/a7med404/a7meD404/WD_WORK/WorkingFolder/work-on/school-system/vendor/laravel/framework/src/Illuminate/Pipeline/Pipeline.php(104): Illuminate\\Routing\\Pipeline->Illuminate\\Routing\\{closure}(Object(Illuminate\\Http\\Request))
#55 /home/a7med404/a7meD404/WD_WORK/WorkingFolder/work-on/school-system/vendor/laravel/framework/src/Illuminate/Foundation/Http/Kernel.php(151): Illuminate\\Pipeline\\Pipeline->then(Object(Closure))
#56 /home/a7med404/a7meD404/WD_WORK/WorkingFolder/work-on/school-system/vendor/laravel/framework/src/Illuminate/Foundation/Http/Kernel.php(116): Illuminate\\Foundation\\Http\\Kernel->sendRequestThroughRouter(Object(Illuminate\\Http\\Request))
#57 /home/a7med404/a7meD404/WD_WORK/WorkingFolder/work-on/school-system/public/index.php(55): Illuminate\\Foundation\\Http\\Kernel->handle(Object(Illuminate\\Http\\Request))
#58 /home/a7med404/a7meD404/WD_WORK/WorkingFolder/work-on/school-system/server.php(21): require_once('/home/a7med404/...')
#59 {main}
"} 
[2019-06-05 02:28:25] local.ERROR: SQLSTATE[42S22]: Column not found: 1054 Unknown column 'start_from' in 'field list' (SQL: insert into `students` (`name`, `gender`, `religion`, `is_staff_son`, `birthday`, `start_data`, `start_year`, `note`, `level_id`, `classroom_id`, `part_id`, `start_from`, `student_parent_id`, `contact_id`, `updated_at`, `created_at`) values (?, ?, ?, ?, ?, ?, ?, ?, ?, ?, ?, ?, ?, ?, 2019-06-05 02:28:25, 2019-06-05 02:28:25)) {"exception":"[object] (Illuminate\\Database\\QueryException(code: 42S22): SQLSTATE[42S22]: Column not found: 1054 Unknown column 'start_from' in 'field list' (SQL: insert into `students` (`name`, `gender`, `religion`, `is_staff_son`, `birthday`, `start_data`, `start_year`, `note`, `level_id`, `classroom_id`, `part_id`, `start_from`, `student_parent_id`, `contact_id`, `updated_at`, `created_at`) values (?, ?, ?, ?, ?, ?, ?, ?, ?, ?, ?, ?, ?, ?, 2019-06-05 02:28:25, 2019-06-05 02:28:25)) at /home/a7med404/a7meD404/WD_WORK/WorkingFolder/work-on/school-system/vendor/laravel/framework/src/Illuminate/Database/Connection.php:664, PDOException(code: 42S22): SQLSTATE[42S22]: Column not found: 1054 Unknown column 'start_from' in 'field list' at /home/a7med404/a7meD404/WD_WORK/WorkingFolder/work-on/school-system/vendor/laravel/framework/src/Illuminate/Database/Connection.php:452)
[stacktrace]
#0 /home/a7med404/a7meD404/WD_WORK/WorkingFolder/work-on/school-system/vendor/laravel/framework/src/Illuminate/Database/Connection.php(624): Illuminate\\Database\\Connection->runQueryCallback('insert into `st...', Array, Object(Closure))
#1 /home/a7med404/a7meD404/WD_WORK/WorkingFolder/work-on/school-system/vendor/laravel/framework/src/Illuminate/Database/Connection.php(459): Illuminate\\Database\\Connection->run('insert into `st...', Array, Object(Closure))
#2 /home/a7med404/a7meD404/WD_WORK/WorkingFolder/work-on/school-system/vendor/laravel/framework/src/Illuminate/Database/Connection.php(411): Illuminate\\Database\\Connection->statement('insert into `st...', Array)
#3 /home/a7med404/a7meD404/WD_WORK/WorkingFolder/work-on/school-system/vendor/laravel/framework/src/Illuminate/Database/Query/Processors/Processor.php(32): Illuminate\\Database\\Connection->insert('insert into `st...', Array)
#4 /home/a7med404/a7meD404/WD_WORK/WorkingFolder/work-on/school-system/vendor/laravel/framework/src/Illuminate/Database/Query/Builder.php(2657): Illuminate\\Database\\Query\\Processors\\Processor->processInsertGetId(Object(Illuminate\\Database\\Query\\Builder), 'insert into `st...', Array, 'id')
#5 /home/a7med404/a7meD404/WD_WORK/WorkingFolder/work-on/school-system/vendor/laravel/framework/src/Illuminate/Database/Eloquent/Builder.php(1349): Illuminate\\Database\\Query\\Builder->insertGetId(Array, 'id')
#6 /home/a7med404/a7meD404/WD_WORK/WorkingFolder/work-on/school-system/vendor/laravel/framework/src/Illuminate/Database/Eloquent/Model.php(835): Illuminate\\Database\\Eloquent\\Builder->__call('insertGetId', Array)
#7 /home/a7med404/a7meD404/WD_WORK/WorkingFolder/work-on/school-system/vendor/laravel/framework/src/Illuminate/Database/Eloquent/Model.php(800): Illuminate\\Database\\Eloquent\\Model->insertAndSetId(Object(Illuminate\\Database\\Eloquent\\Builder), Array)
#8 /home/a7med404/a7meD404/WD_WORK/WorkingFolder/work-on/school-system/vendor/laravel/framework/src/Illuminate/Database/Eloquent/Model.php(663): Illuminate\\Database\\Eloquent\\Model->performInsert(Object(Illuminate\\Database\\Eloquent\\Builder))
#9 /home/a7med404/a7meD404/WD_WORK/WorkingFolder/work-on/school-system/vendor/laravel/framework/src/Illuminate/Database/Eloquent/Builder.php(795): Illuminate\\Database\\Eloquent\\Model->save()
#10 /home/a7med404/a7meD404/WD_WORK/WorkingFolder/work-on/school-system/vendor/laravel/framework/src/Illuminate/Support/helpers.php(1123): Illuminate\\Database\\Eloquent\\Builder->Illuminate\\Database\\Eloquent\\{closure}(Object(Modules\\Student\\Entities\\Student))
#11 /home/a7med404/a7meD404/WD_WORK/WorkingFolder/work-on/school-system/vendor/laravel/framework/src/Illuminate/Database/Eloquent/Builder.php(796): tap(Object(Modules\\Student\\Entities\\Student), Object(Closure))
#12 /home/a7med404/a7meD404/WD_WORK/WorkingFolder/work-on/school-system/vendor/laravel/framework/src/Illuminate/Support/Traits/ForwardsCalls.php(23): Illuminate\\Database\\Eloquent\\Builder->create(Array)
#13 /home/a7med404/a7meD404/WD_WORK/WorkingFolder/work-on/school-system/vendor/laravel/framework/src/Illuminate/Database/Eloquent/Model.php(1614): Illuminate\\Database\\Eloquent\\Model->forwardCallTo(Object(Illuminate\\Database\\Eloquent\\Builder), 'create', Array)
#14 /home/a7med404/a7meD404/WD_WORK/WorkingFolder/work-on/school-system/vendor/laravel/framework/src/Illuminate/Database/Eloquent/Model.php(1626): Illuminate\\Database\\Eloquent\\Model->__call('create', Array)
#15 /home/a7med404/a7meD404/WD_WORK/WorkingFolder/work-on/school-system/Modules/Student/Http/Controllers/StudentController.php(53): Illuminate\\Database\\Eloquent\\Model::__callStatic('create', Array)
#16 [internal function]: Modules\\Student\\Http\\Controllers\\StudentController->store(Object(Illuminate\\Http\\Request))
#17 /home/a7med404/a7meD404/WD_WORK/WorkingFolder/work-on/school-system/vendor/laravel/framework/src/Illuminate/Routing/Controller.php(54): call_user_func_array(Array, Array)
#18 /home/a7med404/a7meD404/WD_WORK/WorkingFolder/work-on/school-system/vendor/laravel/framework/src/Illuminate/Routing/ControllerDispatcher.php(45): Illuminate\\Routing\\Controller->callAction('store', Array)
#19 /home/a7med404/a7meD404/WD_WORK/WorkingFolder/work-on/school-system/vendor/laravel/framework/src/Illuminate/Routing/Route.php(219): Illuminate\\Routing\\ControllerDispatcher->dispatch(Object(Illuminate\\Routing\\Route), Object(Modules\\Student\\Http\\Controllers\\StudentController), 'store')
#20 /home/a7med404/a7meD404/WD_WORK/WorkingFolder/work-on/school-system/vendor/laravel/framework/src/Illuminate/Routing/Route.php(176): Illuminate\\Routing\\Route->runController()
#21 /home/a7med404/a7meD404/WD_WORK/WorkingFolder/work-on/school-system/vendor/laravel/framework/src/Illuminate/Routing/Router.php(680): Illuminate\\Routing\\Route->run()
#22 /home/a7med404/a7meD404/WD_WORK/WorkingFolder/work-on/school-system/vendor/laravel/framework/src/Illuminate/Routing/Pipeline.php(30): Illuminate\\Routing\\Router->Illuminate\\Routing\\{closure}(Object(Illuminate\\Http\\Request))
#23 /home/a7med404/a7meD404/WD_WORK/WorkingFolder/work-on/school-system/vendor/laravel/framework/src/Illuminate/Routing/Middleware/SubstituteBindings.php(41): Illuminate\\Routing\\Pipeline->Illuminate\\Routing\\{closure}(Object(Illuminate\\Http\\Request))
#24 /home/a7med404/a7meD404/WD_WORK/WorkingFolder/work-on/school-system/vendor/laravel/framework/src/Illuminate/Pipeline/Pipeline.php(163): Illuminate\\Routing\\Middleware\\SubstituteBindings->handle(Object(Illuminate\\Http\\Request), Object(Closure))
#25 /home/a7med404/a7meD404/WD_WORK/WorkingFolder/work-on/school-system/vendor/laravel/framework/src/Illuminate/Routing/Pipeline.php(53): Illuminate\\Pipeline\\Pipeline->Illuminate\\Pipeline\\{closure}(Object(Illuminate\\Http\\Request))
#26 /home/a7med404/a7meD404/WD_WORK/WorkingFolder/work-on/school-system/vendor/laravel/framework/src/Illuminate/Routing/Middleware/ThrottleRequests.php(58): Illuminate\\Routing\\Pipeline->Illuminate\\Routing\\{closure}(Object(Illuminate\\Http\\Request))
#27 /home/a7med404/a7meD404/WD_WORK/WorkingFolder/work-on/school-system/vendor/laravel/framework/src/Illuminate/Pipeline/Pipeline.php(163): Illuminate\\Routing\\Middleware\\ThrottleRequests->handle(Object(Illuminate\\Http\\Request), Object(Closure), 60, '1')
#28 /home/a7med404/a7meD404/WD_WORK/WorkingFolder/work-on/school-system/vendor/laravel/framework/src/Illuminate/Routing/Pipeline.php(53): Illuminate\\Pipeline\\Pipeline->Illuminate\\Pipeline\\{closure}(Object(Illuminate\\Http\\Request))
#29 /home/a7med404/a7meD404/WD_WORK/WorkingFolder/work-on/school-system/vendor/laravel/framework/src/Illuminate/Pipeline/Pipeline.php(104): Illuminate\\Routing\\Pipeline->Illuminate\\Routing\\{closure}(Object(Illuminate\\Http\\Request))
#30 /home/a7med404/a7meD404/WD_WORK/WorkingFolder/work-on/school-system/vendor/laravel/framework/src/Illuminate/Routing/Router.php(682): Illuminate\\Pipeline\\Pipeline->then(Object(Closure))
#31 /home/a7med404/a7meD404/WD_WORK/WorkingFolder/work-on/school-system/vendor/laravel/framework/src/Illuminate/Routing/Router.php(657): Illuminate\\Routing\\Router->runRouteWithinStack(Object(Illuminate\\Routing\\Route), Object(Illuminate\\Http\\Request))
#32 /home/a7med404/a7meD404/WD_WORK/WorkingFolder/work-on/school-system/vendor/laravel/framework/src/Illuminate/Routing/Router.php(623): Illuminate\\Routing\\Router->runRoute(Object(Illuminate\\Http\\Request), Object(Illuminate\\Routing\\Route))
#33 /home/a7med404/a7meD404/WD_WORK/WorkingFolder/work-on/school-system/vendor/laravel/framework/src/Illuminate/Routing/Router.php(612): Illuminate\\Routing\\Router->dispatchToRoute(Object(Illuminate\\Http\\Request))
#34 /home/a7med404/a7meD404/WD_WORK/WorkingFolder/work-on/school-system/vendor/laravel/framework/src/Illuminate/Foundation/Http/Kernel.php(176): Illuminate\\Routing\\Router->dispatch(Object(Illuminate\\Http\\Request))
#35 /home/a7med404/a7meD404/WD_WORK/WorkingFolder/work-on/school-system/vendor/laravel/framework/src/Illuminate/Routing/Pipeline.php(30): Illuminate\\Foundation\\Http\\Kernel->Illuminate\\Foundation\\Http\\{closure}(Object(Illuminate\\Http\\Request))
#36 /home/a7med404/a7meD404/WD_WORK/WorkingFolder/work-on/school-system/vendor/barryvdh/laravel-debugbar/src/Middleware/InjectDebugbar.php(65): Illuminate\\Routing\\Pipeline->Illuminate\\Routing\\{closure}(Object(Illuminate\\Http\\Request))
#37 /home/a7med404/a7meD404/WD_WORK/WorkingFolder/work-on/school-system/vendor/laravel/framework/src/Illuminate/Pipeline/Pipeline.php(163): Barryvdh\\Debugbar\\Middleware\\InjectDebugbar->handle(Object(Illuminate\\Http\\Request), Object(Closure))
#38 /home/a7med404/a7meD404/WD_WORK/WorkingFolder/work-on/school-system/vendor/laravel/framework/src/Illuminate/Routing/Pipeline.php(53): Illuminate\\Pipeline\\Pipeline->Illuminate\\Pipeline\\{closure}(Object(Illuminate\\Http\\Request))
#39 /home/a7med404/a7meD404/WD_WORK/WorkingFolder/work-on/school-system/vendor/fideloper/proxy/src/TrustProxies.php(57): Illuminate\\Routing\\Pipeline->Illuminate\\Routing\\{closure}(Object(Illuminate\\Http\\Request))
#40 /home/a7med404/a7meD404/WD_WORK/WorkingFolder/work-on/school-system/vendor/laravel/framework/src/Illuminate/Pipeline/Pipeline.php(163): Fideloper\\Proxy\\TrustProxies->handle(Object(Illuminate\\Http\\Request), Object(Closure))
#41 /home/a7med404/a7meD404/WD_WORK/WorkingFolder/work-on/school-system/vendor/laravel/framework/src/Illuminate/Routing/Pipeline.php(53): Illuminate\\Pipeline\\Pipeline->Illuminate\\Pipeline\\{closure}(Object(Illuminate\\Http\\Request))
#42 /home/a7med404/a7meD404/WD_WORK/WorkingFolder/work-on/school-system/vendor/laravel/framework/src/Illuminate/Foundation/Http/Middleware/TransformsRequest.php(21): Illuminate\\Routing\\Pipeline->Illuminate\\Routing\\{closure}(Object(Illuminate\\Http\\Request))
#43 /home/a7med404/a7meD404/WD_WORK/WorkingFolder/work-on/school-system/vendor/laravel/framework/src/Illuminate/Pipeline/Pipeline.php(163): Illuminate\\Foundation\\Http\\Middleware\\TransformsRequest->handle(Object(Illuminate\\Http\\Request), Object(Closure))
#44 /home/a7med404/a7meD404/WD_WORK/WorkingFolder/work-on/school-system/vendor/laravel/framework/src/Illuminate/Routing/Pipeline.php(53): Illuminate\\Pipeline\\Pipeline->Illuminate\\Pipeline\\{closure}(Object(Illuminate\\Http\\Request))
#45 /home/a7med404/a7meD404/WD_WORK/WorkingFolder/work-on/school-system/vendor/laravel/framework/src/Illuminate/Foundation/Http/Middleware/TransformsRequest.php(21): Illuminate\\Routing\\Pipeline->Illuminate\\Routing\\{closure}(Object(Illuminate\\Http\\Request))
#46 /home/a7med404/a7meD404/WD_WORK/WorkingFolder/work-on/school-system/vendor/laravel/framework/src/Illuminate/Pipeline/Pipeline.php(163): Illuminate\\Foundation\\Http\\Middleware\\TransformsRequest->handle(Object(Illuminate\\Http\\Request), Object(Closure))
#47 /home/a7med404/a7meD404/WD_WORK/WorkingFolder/work-on/school-system/vendor/laravel/framework/src/Illuminate/Routing/Pipeline.php(53): Illuminate\\Pipeline\\Pipeline->Illuminate\\Pipeline\\{closure}(Object(Illuminate\\Http\\Request))
#48 /home/a7med404/a7meD404/WD_WORK/WorkingFolder/work-on/school-system/vendor/laravel/framework/src/Illuminate/Foundation/Http/Middleware/ValidatePostSize.php(27): Illuminate\\Routing\\Pipeline->Illuminate\\Routing\\{closure}(Object(Illuminate\\Http\\Request))
#49 /home/a7med404/a7meD404/WD_WORK/WorkingFolder/work-on/school-system/vendor/laravel/framework/src/Illuminate/Pipeline/Pipeline.php(163): Illuminate\\Foundation\\Http\\Middleware\\ValidatePostSize->handle(Object(Illuminate\\Http\\Request), Object(Closure))
#50 /home/a7med404/a7meD404/WD_WORK/WorkingFolder/work-on/school-system/vendor/laravel/framework/src/Illuminate/Routing/Pipeline.php(53): Illuminate\\Pipeline\\Pipeline->Illuminate\\Pipeline\\{closure}(Object(Illuminate\\Http\\Request))
#51 /home/a7med404/a7meD404/WD_WORK/WorkingFolder/work-on/school-system/vendor/laravel/framework/src/Illuminate/Foundation/Http/Middleware/CheckForMaintenanceMode.php(62): Illuminate\\Routing\\Pipeline->Illuminate\\Routing\\{closure}(Object(Illuminate\\Http\\Request))
#52 /home/a7med404/a7meD404/WD_WORK/WorkingFolder/work-on/school-system/vendor/laravel/framework/src/Illuminate/Pipeline/Pipeline.php(163): Illuminate\\Foundation\\Http\\Middleware\\CheckForMaintenanceMode->handle(Object(Illuminate\\Http\\Request), Object(Closure))
#53 /home/a7med404/a7meD404/WD_WORK/WorkingFolder/work-on/school-system/vendor/laravel/framework/src/Illuminate/Routing/Pipeline.php(53): Illuminate\\Pipeline\\Pipeline->Illuminate\\Pipeline\\{closure}(Object(Illuminate\\Http\\Request))
#54 /home/a7med404/a7meD404/WD_WORK/WorkingFolder/work-on/school-system/vendor/laravel/framework/src/Illuminate/Pipeline/Pipeline.php(104): Illuminate\\Routing\\Pipeline->Illuminate\\Routing\\{closure}(Object(Illuminate\\Http\\Request))
#55 /home/a7med404/a7meD404/WD_WORK/WorkingFolder/work-on/school-system/vendor/laravel/framework/src/Illuminate/Foundation/Http/Kernel.php(151): Illuminate\\Pipeline\\Pipeline->then(Object(Closure))
#56 /home/a7med404/a7meD404/WD_WORK/WorkingFolder/work-on/school-system/vendor/laravel/framework/src/Illuminate/Foundation/Http/Kernel.php(116): Illuminate\\Foundation\\Http\\Kernel->sendRequestThroughRouter(Object(Illuminate\\Http\\Request))
#57 /home/a7med404/a7meD404/WD_WORK/WorkingFolder/work-on/school-system/public/index.php(55): Illuminate\\Foundation\\Http\\Kernel->handle(Object(Illuminate\\Http\\Request))
#58 /home/a7med404/a7meD404/WD_WORK/WorkingFolder/work-on/school-system/server.php(21): require_once('/home/a7med404/...')
#59 {main}
"} 
[2019-06-05 02:34:52] local.ERROR: syntax error, unexpected '"/test"' (T_CONSTANT_ENCAPSED_STRING), expecting ',' or ')' (View: /home/a7med404/a7meD404/WD_WORK/WorkingFolder/work-on/school-system/resources/views/app.blade.php) {"exception":"[object] (ErrorException(code: 0): syntax error, unexpected '\"/test\"' (T_CONSTANT_ENCAPSED_STRING), expecting ',' or ')' (View: /home/a7med404/a7meD404/WD_WORK/WorkingFolder/work-on/school-system/resources/views/app.blade.php) at /home/a7med404/a7meD404/WD_WORK/WorkingFolder/work-on/school-system/storage/framework/views/46b8622d1241d81e0b2767c740f8cfc5e577c8dd.php:10, Symfony\\Component\\Debug\\Exception\\FatalThrowableError(code: 0): syntax error, unexpected '\"/test\"' (T_CONSTANT_ENCAPSED_STRING), expecting ',' or ')' at /home/a7med404/a7meD404/WD_WORK/WorkingFolder/work-on/school-system/storage/framework/views/46b8622d1241d81e0b2767c740f8cfc5e577c8dd.php:10)
[stacktrace]
#0 /home/a7med404/a7meD404/WD_WORK/WorkingFolder/work-on/school-system/vendor/laravel/framework/src/Illuminate/View/Engines/PhpEngine.php(47): Illuminate\\View\\Engines\\CompilerEngine->handleViewException(Object(Symfony\\Component\\Debug\\Exception\\FatalThrowableError), 1)
#1 /home/a7med404/a7meD404/WD_WORK/WorkingFolder/work-on/school-system/vendor/laravel/framework/src/Illuminate/View/Engines/CompilerEngine.php(59): Illuminate\\View\\Engines\\PhpEngine->evaluatePath('/home/a7med404/...', Array)
#2 /home/a7med404/a7meD404/WD_WORK/WorkingFolder/work-on/school-system/vendor/laravel/framework/src/Illuminate/View/View.php(142): Illuminate\\View\\Engines\\CompilerEngine->get('/home/a7med404/...', Array)
#3 /home/a7med404/a7meD404/WD_WORK/WorkingFolder/work-on/school-system/vendor/laravel/framework/src/Illuminate/View/View.php(125): Illuminate\\View\\View->getContents()
#4 /home/a7med404/a7meD404/WD_WORK/WorkingFolder/work-on/school-system/vendor/laravel/framework/src/Illuminate/View/View.php(90): Illuminate\\View\\View->renderContents()
#5 /home/a7med404/a7meD404/WD_WORK/WorkingFolder/work-on/school-system/vendor/laravel/framework/src/Illuminate/Http/Response.php(42): Illuminate\\View\\View->render()
#6 /home/a7med404/a7meD404/WD_WORK/WorkingFolder/work-on/school-system/vendor/symfony/http-foundation/Response.php(202): Illuminate\\Http\\Response->setContent(Object(Illuminate\\View\\View))
#7 /home/a7med404/a7meD404/WD_WORK/WorkingFolder/work-on/school-system/vendor/laravel/framework/src/Illuminate/Routing/Router.php(748): Symfony\\Component\\HttpFoundation\\Response->__construct(Object(Illuminate\\View\\View))
#8 /home/a7med404/a7meD404/WD_WORK/WorkingFolder/work-on/school-system/vendor/laravel/framework/src/Illuminate/Routing/Router.php(720): Illuminate\\Routing\\Router::toResponse(Object(Illuminate\\Http\\Request), Object(Illuminate\\View\\View))
#9 /home/a7med404/a7meD404/WD_WORK/WorkingFolder/work-on/school-system/vendor/laravel/framework/src/Illuminate/Routing/Router.php(680): Illuminate\\Routing\\Router->prepareResponse(Object(Illuminate\\Http\\Request), Object(Illuminate\\View\\View))
#10 /home/a7med404/a7meD404/WD_WORK/WorkingFolder/work-on/school-system/vendor/laravel/framework/src/Illuminate/Routing/Pipeline.php(30): Illuminate\\Routing\\Router->Illuminate\\Routing\\{closure}(Object(Illuminate\\Http\\Request))
#11 /home/a7med404/a7meD404/WD_WORK/WorkingFolder/work-on/school-system/vendor/laravel/framework/src/Illuminate/Routing/Middleware/SubstituteBindings.php(41): Illuminate\\Routing\\Pipeline->Illuminate\\Routing\\{closure}(Object(Illuminate\\Http\\Request))
#12 /home/a7med404/a7meD404/WD_WORK/WorkingFolder/work-on/school-system/vendor/laravel/framework/src/Illuminate/Pipeline/Pipeline.php(163): Illuminate\\Routing\\Middleware\\SubstituteBindings->handle(Object(Illuminate\\Http\\Request), Object(Closure))
#13 /home/a7med404/a7meD404/WD_WORK/WorkingFolder/work-on/school-system/vendor/laravel/framework/src/Illuminate/Routing/Pipeline.php(53): Illuminate\\Pipeline\\Pipeline->Illuminate\\Pipeline\\{closure}(Object(Illuminate\\Http\\Request))
#14 /home/a7med404/a7meD404/WD_WORK/WorkingFolder/work-on/school-system/vendor/laravel/framework/src/Illuminate/Foundation/Http/Middleware/VerifyCsrfToken.php(75): Illuminate\\Routing\\Pipeline->Illuminate\\Routing\\{closure}(Object(Illuminate\\Http\\Request))
#15 /home/a7med404/a7meD404/WD_WORK/WorkingFolder/work-on/school-system/vendor/laravel/framework/src/Illuminate/Pipeline/Pipeline.php(163): Illuminate\\Foundation\\Http\\Middleware\\VerifyCsrfToken->handle(Object(Illuminate\\Http\\Request), Object(Closure))
#16 /home/a7med404/a7meD404/WD_WORK/WorkingFolder/work-on/school-system/vendor/laravel/framework/src/Illuminate/Routing/Pipeline.php(53): Illuminate\\Pipeline\\Pipeline->Illuminate\\Pipeline\\{closure}(Object(Illuminate\\Http\\Request))
#17 /home/a7med404/a7meD404/WD_WORK/WorkingFolder/work-on/school-system/vendor/laravel/framework/src/Illuminate/View/Middleware/ShareErrorsFromSession.php(49): Illuminate\\Routing\\Pipeline->Illuminate\\Routing\\{closure}(Object(Illuminate\\Http\\Request))
#18 /home/a7med404/a7meD404/WD_WORK/WorkingFolder/work-on/school-system/vendor/laravel/framework/src/Illuminate/Pipeline/Pipeline.php(163): Illuminate\\View\\Middleware\\ShareErrorsFromSession->handle(Object(Illuminate\\Http\\Request), Object(Closure))
#19 /home/a7med404/a7meD404/WD_WORK/WorkingFolder/work-on/school-system/vendor/laravel/framework/src/Illuminate/Routing/Pipeline.php(53): Illuminate\\Pipeline\\Pipeline->Illuminate\\Pipeline\\{closure}(Object(Illuminate\\Http\\Request))
#20 /home/a7med404/a7meD404/WD_WORK/WorkingFolder/work-on/school-system/vendor/laravel/framework/src/Illuminate/Session/Middleware/StartSession.php(56): Illuminate\\Routing\\Pipeline->Illuminate\\Routing\\{closure}(Object(Illuminate\\Http\\Request))
#21 /home/a7med404/a7meD404/WD_WORK/WorkingFolder/work-on/school-system/vendor/laravel/framework/src/Illuminate/Pipeline/Pipeline.php(163): Illuminate\\Session\\Middleware\\StartSession->handle(Object(Illuminate\\Http\\Request), Object(Closure))
#22 /home/a7med404/a7meD404/WD_WORK/WorkingFolder/work-on/school-system/vendor/laravel/framework/src/Illuminate/Routing/Pipeline.php(53): Illuminate\\Pipeline\\Pipeline->Illuminate\\Pipeline\\{closure}(Object(Illuminate\\Http\\Request))
#23 /home/a7med404/a7meD404/WD_WORK/WorkingFolder/work-on/school-system/vendor/laravel/framework/src/Illuminate/Cookie/Middleware/AddQueuedCookiesToResponse.php(37): Illuminate\\Routing\\Pipeline->Illuminate\\Routing\\{closure}(Object(Illuminate\\Http\\Request))
#24 /home/a7med404/a7meD404/WD_WORK/WorkingFolder/work-on/school-system/vendor/laravel/framework/src/Illuminate/Pipeline/Pipeline.php(163): Illuminate\\Cookie\\Middleware\\AddQueuedCookiesToResponse->handle(Object(Illuminate\\Http\\Request), Object(Closure))
#25 /home/a7med404/a7meD404/WD_WORK/WorkingFolder/work-on/school-system/vendor/laravel/framework/src/Illuminate/Routing/Pipeline.php(53): Illuminate\\Pipeline\\Pipeline->Illuminate\\Pipeline\\{closure}(Object(Illuminate\\Http\\Request))
#26 /home/a7med404/a7meD404/WD_WORK/WorkingFolder/work-on/school-system/vendor/laravel/framework/src/Illuminate/Cookie/Middleware/EncryptCookies.php(66): Illuminate\\Routing\\Pipeline->Illuminate\\Routing\\{closure}(Object(Illuminate\\Http\\Request))
#27 /home/a7med404/a7meD404/WD_WORK/WorkingFolder/work-on/school-system/vendor/laravel/framework/src/Illuminate/Pipeline/Pipeline.php(163): Illuminate\\Cookie\\Middleware\\EncryptCookies->handle(Object(Illuminate\\Http\\Request), Object(Closure))
#28 /home/a7med404/a7meD404/WD_WORK/WorkingFolder/work-on/school-system/vendor/laravel/framework/src/Illuminate/Routing/Pipeline.php(53): Illuminate\\Pipeline\\Pipeline->Illuminate\\Pipeline\\{closure}(Object(Illuminate\\Http\\Request))
#29 /home/a7med404/a7meD404/WD_WORK/WorkingFolder/work-on/school-system/vendor/laravel/framework/src/Illuminate/Pipeline/Pipeline.php(104): Illuminate\\Routing\\Pipeline->Illuminate\\Routing\\{closure}(Object(Illuminate\\Http\\Request))
#30 /home/a7med404/a7meD404/WD_WORK/WorkingFolder/work-on/school-system/vendor/laravel/framework/src/Illuminate/Routing/Router.php(682): Illuminate\\Pipeline\\Pipeline->then(Object(Closure))
#31 /home/a7med404/a7meD404/WD_WORK/WorkingFolder/work-on/school-system/vendor/laravel/framework/src/Illuminate/Routing/Router.php(657): Illuminate\\Routing\\Router->runRouteWithinStack(Object(Illuminate\\Routing\\Route), Object(Illuminate\\Http\\Request))
#32 /home/a7med404/a7meD404/WD_WORK/WorkingFolder/work-on/school-system/vendor/laravel/framework/src/Illuminate/Routing/Router.php(623): Illuminate\\Routing\\Router->runRoute(Object(Illuminate\\Http\\Request), Object(Illuminate\\Routing\\Route))
#33 /home/a7med404/a7meD404/WD_WORK/WorkingFolder/work-on/school-system/vendor/laravel/framework/src/Illuminate/Routing/Router.php(612): Illuminate\\Routing\\Router->dispatchToRoute(Object(Illuminate\\Http\\Request))
#34 /home/a7med404/a7meD404/WD_WORK/WorkingFolder/work-on/school-system/vendor/laravel/framework/src/Illuminate/Foundation/Http/Kernel.php(176): Illuminate\\Routing\\Router->dispatch(Object(Illuminate\\Http\\Request))
#35 /home/a7med404/a7meD404/WD_WORK/WorkingFolder/work-on/school-system/vendor/laravel/framework/src/Illuminate/Routing/Pipeline.php(30): Illuminate\\Foundation\\Http\\Kernel->Illuminate\\Foundation\\Http\\{closure}(Object(Illuminate\\Http\\Request))
#36 /home/a7med404/a7meD404/WD_WORK/WorkingFolder/work-on/school-system/vendor/barryvdh/laravel-debugbar/src/Middleware/InjectDebugbar.php(65): Illuminate\\Routing\\Pipeline->Illuminate\\Routing\\{closure}(Object(Illuminate\\Http\\Request))
#37 /home/a7med404/a7meD404/WD_WORK/WorkingFolder/work-on/school-system/vendor/laravel/framework/src/Illuminate/Pipeline/Pipeline.php(163): Barryvdh\\Debugbar\\Middleware\\InjectDebugbar->handle(Object(Illuminate\\Http\\Request), Object(Closure))
#38 /home/a7med404/a7meD404/WD_WORK/WorkingFolder/work-on/school-system/vendor/laravel/framework/src/Illuminate/Routing/Pipeline.php(53): Illuminate\\Pipeline\\Pipeline->Illuminate\\Pipeline\\{closure}(Object(Illuminate\\Http\\Request))
#39 /home/a7med404/a7meD404/WD_WORK/WorkingFolder/work-on/school-system/vendor/fideloper/proxy/src/TrustProxies.php(57): Illuminate\\Routing\\Pipeline->Illuminate\\Routing\\{closure}(Object(Illuminate\\Http\\Request))
#40 /home/a7med404/a7meD404/WD_WORK/WorkingFolder/work-on/school-system/vendor/laravel/framework/src/Illuminate/Pipeline/Pipeline.php(163): Fideloper\\Proxy\\TrustProxies->handle(Object(Illuminate\\Http\\Request), Object(Closure))
#41 /home/a7med404/a7meD404/WD_WORK/WorkingFolder/work-on/school-system/vendor/laravel/framework/src/Illuminate/Routing/Pipeline.php(53): Illuminate\\Pipeline\\Pipeline->Illuminate\\Pipeline\\{closure}(Object(Illuminate\\Http\\Request))
#42 /home/a7med404/a7meD404/WD_WORK/WorkingFolder/work-on/school-system/vendor/laravel/framework/src/Illuminate/Foundation/Http/Middleware/TransformsRequest.php(21): Illuminate\\Routing\\Pipeline->Illuminate\\Routing\\{closure}(Object(Illuminate\\Http\\Request))
#43 /home/a7med404/a7meD404/WD_WORK/WorkingFolder/work-on/school-system/vendor/laravel/framework/src/Illuminate/Pipeline/Pipeline.php(163): Illuminate\\Foundation\\Http\\Middleware\\TransformsRequest->handle(Object(Illuminate\\Http\\Request), Object(Closure))
#44 /home/a7med404/a7meD404/WD_WORK/WorkingFolder/work-on/school-system/vendor/laravel/framework/src/Illuminate/Routing/Pipeline.php(53): Illuminate\\Pipeline\\Pipeline->Illuminate\\Pipeline\\{closure}(Object(Illuminate\\Http\\Request))
#45 /home/a7med404/a7meD404/WD_WORK/WorkingFolder/work-on/school-system/vendor/laravel/framework/src/Illuminate/Foundation/Http/Middleware/TransformsRequest.php(21): Illuminate\\Routing\\Pipeline->Illuminate\\Routing\\{closure}(Object(Illuminate\\Http\\Request))
#46 /home/a7med404/a7meD404/WD_WORK/WorkingFolder/work-on/school-system/vendor/laravel/framework/src/Illuminate/Pipeline/Pipeline.php(163): Illuminate\\Foundation\\Http\\Middleware\\TransformsRequest->handle(Object(Illuminate\\Http\\Request), Object(Closure))
#47 /home/a7med404/a7meD404/WD_WORK/WorkingFolder/work-on/school-system/vendor/laravel/framework/src/Illuminate/Routing/Pipeline.php(53): Illuminate\\Pipeline\\Pipeline->Illuminate\\Pipeline\\{closure}(Object(Illuminate\\Http\\Request))
#48 /home/a7med404/a7meD404/WD_WORK/WorkingFolder/work-on/school-system/vendor/laravel/framework/src/Illuminate/Foundation/Http/Middleware/ValidatePostSize.php(27): Illuminate\\Routing\\Pipeline->Illuminate\\Routing\\{closure}(Object(Illuminate\\Http\\Request))
#49 /home/a7med404/a7meD404/WD_WORK/WorkingFolder/work-on/school-system/vendor/laravel/framework/src/Illuminate/Pipeline/Pipeline.php(163): Illuminate\\Foundation\\Http\\Middleware\\ValidatePostSize->handle(Object(Illuminate\\Http\\Request), Object(Closure))
#50 /home/a7med404/a7meD404/WD_WORK/WorkingFolder/work-on/school-system/vendor/laravel/framework/src/Illuminate/Routing/Pipeline.php(53): Illuminate\\Pipeline\\Pipeline->Illuminate\\Pipeline\\{closure}(Object(Illuminate\\Http\\Request))
#51 /home/a7med404/a7meD404/WD_WORK/WorkingFolder/work-on/school-system/vendor/laravel/framework/src/Illuminate/Foundation/Http/Middleware/CheckForMaintenanceMode.php(62): Illuminate\\Routing\\Pipeline->Illuminate\\Routing\\{closure}(Object(Illuminate\\Http\\Request))
#52 /home/a7med404/a7meD404/WD_WORK/WorkingFolder/work-on/school-system/vendor/laravel/framework/src/Illuminate/Pipeline/Pipeline.php(163): Illuminate\\Foundation\\Http\\Middleware\\CheckForMaintenanceMode->handle(Object(Illuminate\\Http\\Request), Object(Closure))
#53 /home/a7med404/a7meD404/WD_WORK/WorkingFolder/work-on/school-system/vendor/laravel/framework/src/Illuminate/Routing/Pipeline.php(53): Illuminate\\Pipeline\\Pipeline->Illuminate\\Pipeline\\{closure}(Object(Illuminate\\Http\\Request))
#54 /home/a7med404/a7meD404/WD_WORK/WorkingFolder/work-on/school-system/vendor/laravel/framework/src/Illuminate/Pipeline/Pipeline.php(104): Illuminate\\Routing\\Pipeline->Illuminate\\Routing\\{closure}(Object(Illuminate\\Http\\Request))
#55 /home/a7med404/a7meD404/WD_WORK/WorkingFolder/work-on/school-system/vendor/laravel/framework/src/Illuminate/Foundation/Http/Kernel.php(151): Illuminate\\Pipeline\\Pipeline->then(Object(Closure))
#56 /home/a7med404/a7meD404/WD_WORK/WorkingFolder/work-on/school-system/vendor/laravel/framework/src/Illuminate/Foundation/Http/Kernel.php(116): Illuminate\\Foundation\\Http\\Kernel->sendRequestThroughRouter(Object(Illuminate\\Http\\Request))
#57 /home/a7med404/a7meD404/WD_WORK/WorkingFolder/work-on/school-system/public/index.php(55): Illuminate\\Foundation\\Http\\Kernel->handle(Object(Illuminate\\Http\\Request))
#58 /home/a7med404/a7meD404/WD_WORK/WorkingFolder/work-on/school-system/server.php(21): require_once('/home/a7med404/...')
#59 {main}
"} 
[2019-06-05 02:35:02] local.ERROR: Object of class Illuminate\Routing\UrlGenerator could not be converted to string (View: /home/a7med404/a7meD404/WD_WORK/WorkingFolder/work-on/school-system/resources/views/app.blade.php) {"exception":"[object] (ErrorException(code: 0): Object of class Illuminate\\Routing\\UrlGenerator could not be converted to string (View: /home/a7med404/a7meD404/WD_WORK/WorkingFolder/work-on/school-system/resources/views/app.blade.php) at /home/a7med404/a7meD404/WD_WORK/WorkingFolder/work-on/school-system/storage/framework/views/46b8622d1241d81e0b2767c740f8cfc5e577c8dd.php:10, ErrorException(code: 0): Object of class Illuminate\\Routing\\UrlGenerator could not be converted to string at /home/a7med404/a7meD404/WD_WORK/WorkingFolder/work-on/school-system/storage/framework/views/46b8622d1241d81e0b2767c740f8cfc5e577c8dd.php:10)
[stacktrace]
#0 /home/a7med404/a7meD404/WD_WORK/WorkingFolder/work-on/school-system/vendor/laravel/framework/src/Illuminate/View/Engines/PhpEngine.php(45): Illuminate\\View\\Engines\\CompilerEngine->handleViewException(Object(ErrorException), 1)
#1 /home/a7med404/a7meD404/WD_WORK/WorkingFolder/work-on/school-system/vendor/laravel/framework/src/Illuminate/View/Engines/CompilerEngine.php(59): Illuminate\\View\\Engines\\PhpEngine->evaluatePath('/home/a7med404/...', Array)
#2 /home/a7med404/a7meD404/WD_WORK/WorkingFolder/work-on/school-system/vendor/laravel/framework/src/Illuminate/View/View.php(142): Illuminate\\View\\Engines\\CompilerEngine->get('/home/a7med404/...', Array)
#3 /home/a7med404/a7meD404/WD_WORK/WorkingFolder/work-on/school-system/vendor/laravel/framework/src/Illuminate/View/View.php(125): Illuminate\\View\\View->getContents()
#4 /home/a7med404/a7meD404/WD_WORK/WorkingFolder/work-on/school-system/vendor/laravel/framework/src/Illuminate/View/View.php(90): Illuminate\\View\\View->renderContents()
#5 /home/a7med404/a7meD404/WD_WORK/WorkingFolder/work-on/school-system/vendor/laravel/framework/src/Illuminate/Http/Response.php(42): Illuminate\\View\\View->render()
#6 /home/a7med404/a7meD404/WD_WORK/WorkingFolder/work-on/school-system/vendor/symfony/http-foundation/Response.php(202): Illuminate\\Http\\Response->setContent(Object(Illuminate\\View\\View))
#7 /home/a7med404/a7meD404/WD_WORK/WorkingFolder/work-on/school-system/vendor/laravel/framework/src/Illuminate/Routing/Router.php(748): Symfony\\Component\\HttpFoundation\\Response->__construct(Object(Illuminate\\View\\View))
#8 /home/a7med404/a7meD404/WD_WORK/WorkingFolder/work-on/school-system/vendor/laravel/framework/src/Illuminate/Routing/Router.php(720): Illuminate\\Routing\\Router::toResponse(Object(Illuminate\\Http\\Request), Object(Illuminate\\View\\View))
#9 /home/a7med404/a7meD404/WD_WORK/WorkingFolder/work-on/school-system/vendor/laravel/framework/src/Illuminate/Routing/Router.php(680): Illuminate\\Routing\\Router->prepareResponse(Object(Illuminate\\Http\\Request), Object(Illuminate\\View\\View))
#10 /home/a7med404/a7meD404/WD_WORK/WorkingFolder/work-on/school-system/vendor/laravel/framework/src/Illuminate/Routing/Pipeline.php(30): Illuminate\\Routing\\Router->Illuminate\\Routing\\{closure}(Object(Illuminate\\Http\\Request))
#11 /home/a7med404/a7meD404/WD_WORK/WorkingFolder/work-on/school-system/vendor/laravel/framework/src/Illuminate/Routing/Middleware/SubstituteBindings.php(41): Illuminate\\Routing\\Pipeline->Illuminate\\Routing\\{closure}(Object(Illuminate\\Http\\Request))
#12 /home/a7med404/a7meD404/WD_WORK/WorkingFolder/work-on/school-system/vendor/laravel/framework/src/Illuminate/Pipeline/Pipeline.php(163): Illuminate\\Routing\\Middleware\\SubstituteBindings->handle(Object(Illuminate\\Http\\Request), Object(Closure))
#13 /home/a7med404/a7meD404/WD_WORK/WorkingFolder/work-on/school-system/vendor/laravel/framework/src/Illuminate/Routing/Pipeline.php(53): Illuminate\\Pipeline\\Pipeline->Illuminate\\Pipeline\\{closure}(Object(Illuminate\\Http\\Request))
#14 /home/a7med404/a7meD404/WD_WORK/WorkingFolder/work-on/school-system/vendor/laravel/framework/src/Illuminate/Foundation/Http/Middleware/VerifyCsrfToken.php(75): Illuminate\\Routing\\Pipeline->Illuminate\\Routing\\{closure}(Object(Illuminate\\Http\\Request))
#15 /home/a7med404/a7meD404/WD_WORK/WorkingFolder/work-on/school-system/vendor/laravel/framework/src/Illuminate/Pipeline/Pipeline.php(163): Illuminate\\Foundation\\Http\\Middleware\\VerifyCsrfToken->handle(Object(Illuminate\\Http\\Request), Object(Closure))
#16 /home/a7med404/a7meD404/WD_WORK/WorkingFolder/work-on/school-system/vendor/laravel/framework/src/Illuminate/Routing/Pipeline.php(53): Illuminate\\Pipeline\\Pipeline->Illuminate\\Pipeline\\{closure}(Object(Illuminate\\Http\\Request))
#17 /home/a7med404/a7meD404/WD_WORK/WorkingFolder/work-on/school-system/vendor/laravel/framework/src/Illuminate/View/Middleware/ShareErrorsFromSession.php(49): Illuminate\\Routing\\Pipeline->Illuminate\\Routing\\{closure}(Object(Illuminate\\Http\\Request))
#18 /home/a7med404/a7meD404/WD_WORK/WorkingFolder/work-on/school-system/vendor/laravel/framework/src/Illuminate/Pipeline/Pipeline.php(163): Illuminate\\View\\Middleware\\ShareErrorsFromSession->handle(Object(Illuminate\\Http\\Request), Object(Closure))
#19 /home/a7med404/a7meD404/WD_WORK/WorkingFolder/work-on/school-system/vendor/laravel/framework/src/Illuminate/Routing/Pipeline.php(53): Illuminate\\Pipeline\\Pipeline->Illuminate\\Pipeline\\{closure}(Object(Illuminate\\Http\\Request))
#20 /home/a7med404/a7meD404/WD_WORK/WorkingFolder/work-on/school-system/vendor/laravel/framework/src/Illuminate/Session/Middleware/StartSession.php(56): Illuminate\\Routing\\Pipeline->Illuminate\\Routing\\{closure}(Object(Illuminate\\Http\\Request))
#21 /home/a7med404/a7meD404/WD_WORK/WorkingFolder/work-on/school-system/vendor/laravel/framework/src/Illuminate/Pipeline/Pipeline.php(163): Illuminate\\Session\\Middleware\\StartSession->handle(Object(Illuminate\\Http\\Request), Object(Closure))
#22 /home/a7med404/a7meD404/WD_WORK/WorkingFolder/work-on/school-system/vendor/laravel/framework/src/Illuminate/Routing/Pipeline.php(53): Illuminate\\Pipeline\\Pipeline->Illuminate\\Pipeline\\{closure}(Object(Illuminate\\Http\\Request))
#23 /home/a7med404/a7meD404/WD_WORK/WorkingFolder/work-on/school-system/vendor/laravel/framework/src/Illuminate/Cookie/Middleware/AddQueuedCookiesToResponse.php(37): Illuminate\\Routing\\Pipeline->Illuminate\\Routing\\{closure}(Object(Illuminate\\Http\\Request))
#24 /home/a7med404/a7meD404/WD_WORK/WorkingFolder/work-on/school-system/vendor/laravel/framework/src/Illuminate/Pipeline/Pipeline.php(163): Illuminate\\Cookie\\Middleware\\AddQueuedCookiesToResponse->handle(Object(Illuminate\\Http\\Request), Object(Closure))
#25 /home/a7med404/a7meD404/WD_WORK/WorkingFolder/work-on/school-system/vendor/laravel/framework/src/Illuminate/Routing/Pipeline.php(53): Illuminate\\Pipeline\\Pipeline->Illuminate\\Pipeline\\{closure}(Object(Illuminate\\Http\\Request))
#26 /home/a7med404/a7meD404/WD_WORK/WorkingFolder/work-on/school-system/vendor/laravel/framework/src/Illuminate/Cookie/Middleware/EncryptCookies.php(66): Illuminate\\Routing\\Pipeline->Illuminate\\Routing\\{closure}(Object(Illuminate\\Http\\Request))
#27 /home/a7med404/a7meD404/WD_WORK/WorkingFolder/work-on/school-system/vendor/laravel/framework/src/Illuminate/Pipeline/Pipeline.php(163): Illuminate\\Cookie\\Middleware\\EncryptCookies->handle(Object(Illuminate\\Http\\Request), Object(Closure))
#28 /home/a7med404/a7meD404/WD_WORK/WorkingFolder/work-on/school-system/vendor/laravel/framework/src/Illuminate/Routing/Pipeline.php(53): Illuminate\\Pipeline\\Pipeline->Illuminate\\Pipeline\\{closure}(Object(Illuminate\\Http\\Request))
#29 /home/a7med404/a7meD404/WD_WORK/WorkingFolder/work-on/school-system/vendor/laravel/framework/src/Illuminate/Pipeline/Pipeline.php(104): Illuminate\\Routing\\Pipeline->Illuminate\\Routing\\{closure}(Object(Illuminate\\Http\\Request))
#30 /home/a7med404/a7meD404/WD_WORK/WorkingFolder/work-on/school-system/vendor/laravel/framework/src/Illuminate/Routing/Router.php(682): Illuminate\\Pipeline\\Pipeline->then(Object(Closure))
#31 /home/a7med404/a7meD404/WD_WORK/WorkingFolder/work-on/school-system/vendor/laravel/framework/src/Illuminate/Routing/Router.php(657): Illuminate\\Routing\\Router->runRouteWithinStack(Object(Illuminate\\Routing\\Route), Object(Illuminate\\Http\\Request))
#32 /home/a7med404/a7meD404/WD_WORK/WorkingFolder/work-on/school-system/vendor/laravel/framework/src/Illuminate/Routing/Router.php(623): Illuminate\\Routing\\Router->runRoute(Object(Illuminate\\Http\\Request), Object(Illuminate\\Routing\\Route))
#33 /home/a7med404/a7meD404/WD_WORK/WorkingFolder/work-on/school-system/vendor/laravel/framework/src/Illuminate/Routing/Router.php(612): Illuminate\\Routing\\Router->dispatchToRoute(Object(Illuminate\\Http\\Request))
#34 /home/a7med404/a7meD404/WD_WORK/WorkingFolder/work-on/school-system/vendor/laravel/framework/src/Illuminate/Foundation/Http/Kernel.php(176): Illuminate\\Routing\\Router->dispatch(Object(Illuminate\\Http\\Request))
#35 /home/a7med404/a7meD404/WD_WORK/WorkingFolder/work-on/school-system/vendor/laravel/framework/src/Illuminate/Routing/Pipeline.php(30): Illuminate\\Foundation\\Http\\Kernel->Illuminate\\Foundation\\Http\\{closure}(Object(Illuminate\\Http\\Request))
#36 /home/a7med404/a7meD404/WD_WORK/WorkingFolder/work-on/school-system/vendor/barryvdh/laravel-debugbar/src/Middleware/InjectDebugbar.php(65): Illuminate\\Routing\\Pipeline->Illuminate\\Routing\\{closure}(Object(Illuminate\\Http\\Request))
#37 /home/a7med404/a7meD404/WD_WORK/WorkingFolder/work-on/school-system/vendor/laravel/framework/src/Illuminate/Pipeline/Pipeline.php(163): Barryvdh\\Debugbar\\Middleware\\InjectDebugbar->handle(Object(Illuminate\\Http\\Request), Object(Closure))
#38 /home/a7med404/a7meD404/WD_WORK/WorkingFolder/work-on/school-system/vendor/laravel/framework/src/Illuminate/Routing/Pipeline.php(53): Illuminate\\Pipeline\\Pipeline->Illuminate\\Pipeline\\{closure}(Object(Illuminate\\Http\\Request))
#39 /home/a7med404/a7meD404/WD_WORK/WorkingFolder/work-on/school-system/vendor/fideloper/proxy/src/TrustProxies.php(57): Illuminate\\Routing\\Pipeline->Illuminate\\Routing\\{closure}(Object(Illuminate\\Http\\Request))
#40 /home/a7med404/a7meD404/WD_WORK/WorkingFolder/work-on/school-system/vendor/laravel/framework/src/Illuminate/Pipeline/Pipeline.php(163): Fideloper\\Proxy\\TrustProxies->handle(Object(Illuminate\\Http\\Request), Object(Closure))
#41 /home/a7med404/a7meD404/WD_WORK/WorkingFolder/work-on/school-system/vendor/laravel/framework/src/Illuminate/Routing/Pipeline.php(53): Illuminate\\Pipeline\\Pipeline->Illuminate\\Pipeline\\{closure}(Object(Illuminate\\Http\\Request))
#42 /home/a7med404/a7meD404/WD_WORK/WorkingFolder/work-on/school-system/vendor/laravel/framework/src/Illuminate/Foundation/Http/Middleware/TransformsRequest.php(21): Illuminate\\Routing\\Pipeline->Illuminate\\Routing\\{closure}(Object(Illuminate\\Http\\Request))
#43 /home/a7med404/a7meD404/WD_WORK/WorkingFolder/work-on/school-system/vendor/laravel/framework/src/Illuminate/Pipeline/Pipeline.php(163): Illuminate\\Foundation\\Http\\Middleware\\TransformsRequest->handle(Object(Illuminate\\Http\\Request), Object(Closure))
#44 /home/a7med404/a7meD404/WD_WORK/WorkingFolder/work-on/school-system/vendor/laravel/framework/src/Illuminate/Routing/Pipeline.php(53): Illuminate\\Pipeline\\Pipeline->Illuminate\\Pipeline\\{closure}(Object(Illuminate\\Http\\Request))
#45 /home/a7med404/a7meD404/WD_WORK/WorkingFolder/work-on/school-system/vendor/laravel/framework/src/Illuminate/Foundation/Http/Middleware/TransformsRequest.php(21): Illuminate\\Routing\\Pipeline->Illuminate\\Routing\\{closure}(Object(Illuminate\\Http\\Request))
#46 /home/a7med404/a7meD404/WD_WORK/WorkingFolder/work-on/school-system/vendor/laravel/framework/src/Illuminate/Pipeline/Pipeline.php(163): Illuminate\\Foundation\\Http\\Middleware\\TransformsRequest->handle(Object(Illuminate\\Http\\Request), Object(Closure))
#47 /home/a7med404/a7meD404/WD_WORK/WorkingFolder/work-on/school-system/vendor/laravel/framework/src/Illuminate/Routing/Pipeline.php(53): Illuminate\\Pipeline\\Pipeline->Illuminate\\Pipeline\\{closure}(Object(Illuminate\\Http\\Request))
#48 /home/a7med404/a7meD404/WD_WORK/WorkingFolder/work-on/school-system/vendor/laravel/framework/src/Illuminate/Foundation/Http/Middleware/ValidatePostSize.php(27): Illuminate\\Routing\\Pipeline->Illuminate\\Routing\\{closure}(Object(Illuminate\\Http\\Request))
#49 /home/a7med404/a7meD404/WD_WORK/WorkingFolder/work-on/school-system/vendor/laravel/framework/src/Illuminate/Pipeline/Pipeline.php(163): Illuminate\\Foundation\\Http\\Middleware\\ValidatePostSize->handle(Object(Illuminate\\Http\\Request), Object(Closure))
#50 /home/a7med404/a7meD404/WD_WORK/WorkingFolder/work-on/school-system/vendor/laravel/framework/src/Illuminate/Routing/Pipeline.php(53): Illuminate\\Pipeline\\Pipeline->Illuminate\\Pipeline\\{closure}(Object(Illuminate\\Http\\Request))
#51 /home/a7med404/a7meD404/WD_WORK/WorkingFolder/work-on/school-system/vendor/laravel/framework/src/Illuminate/Foundation/Http/Middleware/CheckForMaintenanceMode.php(62): Illuminate\\Routing\\Pipeline->Illuminate\\Routing\\{closure}(Object(Illuminate\\Http\\Request))
#52 /home/a7med404/a7meD404/WD_WORK/WorkingFolder/work-on/school-system/vendor/laravel/framework/src/Illuminate/Pipeline/Pipeline.php(163): Illuminate\\Foundation\\Http\\Middleware\\CheckForMaintenanceMode->handle(Object(Illuminate\\Http\\Request), Object(Closure))
#53 /home/a7med404/a7meD404/WD_WORK/WorkingFolder/work-on/school-system/vendor/laravel/framework/src/Illuminate/Routing/Pipeline.php(53): Illuminate\\Pipeline\\Pipeline->Illuminate\\Pipeline\\{closure}(Object(Illuminate\\Http\\Request))
#54 /home/a7med404/a7meD404/WD_WORK/WorkingFolder/work-on/school-system/vendor/laravel/framework/src/Illuminate/Pipeline/Pipeline.php(104): Illuminate\\Routing\\Pipeline->Illuminate\\Routing\\{closure}(Object(Illuminate\\Http\\Request))
#55 /home/a7med404/a7meD404/WD_WORK/WorkingFolder/work-on/school-system/vendor/laravel/framework/src/Illuminate/Foundation/Http/Kernel.php(151): Illuminate\\Pipeline\\Pipeline->then(Object(Closure))
#56 /home/a7med404/a7meD404/WD_WORK/WorkingFolder/work-on/school-system/vendor/laravel/framework/src/Illuminate/Foundation/Http/Kernel.php(116): Illuminate\\Foundation\\Http\\Kernel->sendRequestThroughRouter(Object(Illuminate\\Http\\Request))
#57 /home/a7med404/a7meD404/WD_WORK/WorkingFolder/work-on/school-system/public/index.php(55): Illuminate\\Foundation\\Http\\Kernel->handle(Object(Illuminate\\Http\\Request))
#58 /home/a7med404/a7meD404/WD_WORK/WorkingFolder/work-on/school-system/server.php(21): require_once('/home/a7med404/...')
#59 {main}
"} 
