[2019-05-29 00:45:27] local.ERROR: Class 'Modules\Student\Http\Controllers\Level' not found {"exception":"[object] (Symfony\\Component\\Debug\\Exception\\FatalThrowableError(code: 0): Class 'Modules\\Student\\Http\\Controllers\\Level' not found at /home/a7med404/a7meD404/WD_WORK/WorkingFolder/work-on/school-system/Modules/Student/Http/Controllers/PrintController.php:39)
[stacktrace]
#0 [internal function]: Modules\\Student\\Http\\Controllers\\PrintController->downloadPDF()
#1 /home/a7med404/a7meD404/WD_WORK/WorkingFolder/work-on/school-system/vendor/laravel/framework/src/Illuminate/Routing/Controller.php(54): call_user_func_array(Array, Array)
#2 /home/a7med404/a7meD404/WD_WORK/WorkingFolder/work-on/school-system/vendor/laravel/framework/src/Illuminate/Routing/ControllerDispatcher.php(45): Illuminate\\Routing\\Controller->callAction('downloadPDF', Array)
#3 /home/a7med404/a7meD404/WD_WORK/WorkingFolder/work-on/school-system/vendor/laravel/framework/src/Illuminate/Routing/Route.php(219): Illuminate\\Routing\\ControllerDispatcher->dispatch(Object(Illuminate\\Routing\\Route), Object(Modules\\Student\\Http\\Controllers\\PrintController), 'downloadPDF')
#4 /home/a7med404/a7meD404/WD_WORK/WorkingFolder/work-on/school-system/vendor/laravel/framework/src/Illuminate/Routing/Route.php(176): Illuminate\\Routing\\Route->runController()
#5 /home/a7med404/a7meD404/WD_WORK/WorkingFolder/work-on/school-system/vendor/laravel/framework/src/Illuminate/Routing/Router.php(680): Illuminate\\Routing\\Route->run()
#6 /home/a7med404/a7meD404/WD_WORK/WorkingFolder/work-on/school-system/vendor/laravel/framework/src/Illuminate/Routing/Pipeline.php(30): Illuminate\\Routing\\Router->Illuminate\\Routing\\{closure}(Object(Illuminate\\Http\\Request))
#7 /home/a7med404/a7meD404/WD_WORK/WorkingFolder/work-on/school-system/vendor/laravel/framework/src/Illuminate/Routing/Middleware/SubstituteBindings.php(41): Illuminate\\Routing\\Pipeline->Illuminate\\Routing\\{closure}(Object(Illuminate\\Http\\Request))
#8 /home/a7med404/a7meD404/WD_WORK/WorkingFolder/work-on/school-system/vendor/laravel/framework/src/Illuminate/Pipeline/Pipeline.php(163): Illuminate\\Routing\\Middleware\\SubstituteBindings->handle(Object(Illuminate\\Http\\Request), Object(Closure))
#9 /home/a7med404/a7meD404/WD_WORK/WorkingFolder/work-on/school-system/vendor/laravel/framework/src/Illuminate/Routing/Pipeline.php(53): Illuminate\\Pipeline\\Pipeline->Illuminate\\Pipeline\\{closure}(Object(Illuminate\\Http\\Request))
#10 /home/a7med404/a7meD404/WD_WORK/WorkingFolder/work-on/school-system/vendor/laravel/framework/src/Illuminate/Foundation/Http/Middleware/VerifyCsrfToken.php(75): Illuminate\\Routing\\Pipeline->Illuminate\\Routing\\{closure}(Object(Illuminate\\Http\\Request))
#11 /home/a7med404/a7meD404/WD_WORK/WorkingFolder/work-on/school-system/vendor/laravel/framework/src/Illuminate/Pipeline/Pipeline.php(163): Illuminate\\Foundation\\Http\\Middleware\\VerifyCsrfToken->handle(Object(Illuminate\\Http\\Request), Object(Closure))
#12 /home/a7med404/a7meD404/WD_WORK/WorkingFolder/work-on/school-system/vendor/laravel/framework/src/Illuminate/Routing/Pipeline.php(53): Illuminate\\Pipeline\\Pipeline->Illuminate\\Pipeline\\{closure}(Object(Illuminate\\Http\\Request))
#13 /home/a7med404/a7meD404/WD_WORK/WorkingFolder/work-on/school-system/vendor/laravel/framework/src/Illuminate/View/Middleware/ShareErrorsFromSession.php(49): Illuminate\\Routing\\Pipeline->Illuminate\\Routing\\{closure}(Object(Illuminate\\Http\\Request))
#14 /home/a7med404/a7meD404/WD_WORK/WorkingFolder/work-on/school-system/vendor/laravel/framework/src/Illuminate/Pipeline/Pipeline.php(163): Illuminate\\View\\Middleware\\ShareErrorsFromSession->handle(Object(Illuminate\\Http\\Request), Object(Closure))
#15 /home/a7med404/a7meD404/WD_WORK/WorkingFolder/work-on/school-system/vendor/laravel/framework/src/Illuminate/Routing/Pipeline.php(53): Illuminate\\Pipeline\\Pipeline->Illuminate\\Pipeline\\{closure}(Object(Illuminate\\Http\\Request))
#16 /home/a7med404/a7meD404/WD_WORK/WorkingFolder/work-on/school-system/vendor/laravel/framework/src/Illuminate/Session/Middleware/StartSession.php(56): Illuminate\\Routing\\Pipeline->Illuminate\\Routing\\{closure}(Object(Illuminate\\Http\\Request))
#17 /home/a7med404/a7meD404/WD_WORK/WorkingFolder/work-on/school-system/vendor/laravel/framework/src/Illuminate/Pipeline/Pipeline.php(163): Illuminate\\Session\\Middleware\\StartSession->handle(Object(Illuminate\\Http\\Request), Object(Closure))
#18 /home/a7med404/a7meD404/WD_WORK/WorkingFolder/work-on/school-system/vendor/laravel/framework/src/Illuminate/Routing/Pipeline.php(53): Illuminate\\Pipeline\\Pipeline->Illuminate\\Pipeline\\{closure}(Object(Illuminate\\Http\\Request))
#19 /home/a7med404/a7meD404/WD_WORK/WorkingFolder/work-on/school-system/vendor/laravel/framework/src/Illuminate/Cookie/Middleware/AddQueuedCookiesToResponse.php(37): Illuminate\\Routing\\Pipeline->Illuminate\\Routing\\{closure}(Object(Illuminate\\Http\\Request))
#20 /home/a7med404/a7meD404/WD_WORK/WorkingFolder/work-on/school-system/vendor/laravel/framework/src/Illuminate/Pipeline/Pipeline.php(163): Illuminate\\Cookie\\Middleware\\AddQueuedCookiesToResponse->handle(Object(Illuminate\\Http\\Request), Object(Closure))
#21 /home/a7med404/a7meD404/WD_WORK/WorkingFolder/work-on/school-system/vendor/laravel/framework/src/Illuminate/Routing/Pipeline.php(53): Illuminate\\Pipeline\\Pipeline->Illuminate\\Pipeline\\{closure}(Object(Illuminate\\Http\\Request))
#22 /home/a7med404/a7meD404/WD_WORK/WorkingFolder/work-on/school-system/vendor/laravel/framework/src/Illuminate/Cookie/Middleware/EncryptCookies.php(66): Illuminate\\Routing\\Pipeline->Illuminate\\Routing\\{closure}(Object(Illuminate\\Http\\Request))
#23 /home/a7med404/a7meD404/WD_WORK/WorkingFolder/work-on/school-system/vendor/laravel/framework/src/Illuminate/Pipeline/Pipeline.php(163): Illuminate\\Cookie\\Middleware\\EncryptCookies->handle(Object(Illuminate\\Http\\Request), Object(Closure))
#24 /home/a7med404/a7meD404/WD_WORK/WorkingFolder/work-on/school-system/vendor/laravel/framework/src/Illuminate/Routing/Pipeline.php(53): Illuminate\\Pipeline\\Pipeline->Illuminate\\Pipeline\\{closure}(Object(Illuminate\\Http\\Request))
#25 /home/a7med404/a7meD404/WD_WORK/WorkingFolder/work-on/school-system/vendor/laravel/framework/src/Illuminate/Pipeline/Pipeline.php(104): Illuminate\\Routing\\Pipeline->Illuminate\\Routing\\{closure}(Object(Illuminate\\Http\\Request))
#26 /home/a7med404/a7meD404/WD_WORK/WorkingFolder/work-on/school-system/vendor/laravel/framework/src/Illuminate/Routing/Router.php(682): Illuminate\\Pipeline\\Pipeline->then(Object(Closure))
#27 /home/a7med404/a7meD404/WD_WORK/WorkingFolder/work-on/school-system/vendor/laravel/framework/src/Illuminate/Routing/Router.php(657): Illuminate\\Routing\\Router->runRouteWithinStack(Object(Illuminate\\Routing\\Route), Object(Illuminate\\Http\\Request))
#28 /home/a7med404/a7meD404/WD_WORK/WorkingFolder/work-on/school-system/vendor/laravel/framework/src/Illuminate/Routing/Router.php(623): Illuminate\\Routing\\Router->runRoute(Object(Illuminate\\Http\\Request), Object(Illuminate\\Routing\\Route))
#29 /home/a7med404/a7meD404/WD_WORK/WorkingFolder/work-on/school-system/vendor/laravel/framework/src/Illuminate/Routing/Router.php(612): Illuminate\\Routing\\Router->dispatchToRoute(Object(Illuminate\\Http\\Request))
#30 /home/a7med404/a7meD404/WD_WORK/WorkingFolder/work-on/school-system/vendor/laravel/framework/src/Illuminate/Foundation/Http/Kernel.php(176): Illuminate\\Routing\\Router->dispatch(Object(Illuminate\\Http\\Request))
#31 /home/a7med404/a7meD404/WD_WORK/WorkingFolder/work-on/school-system/vendor/laravel/framework/src/Illuminate/Routing/Pipeline.php(30): Illuminate\\Foundation\\Http\\Kernel->Illuminate\\Foundation\\Http\\{closure}(Object(Illuminate\\Http\\Request))
#32 /home/a7med404/a7meD404/WD_WORK/WorkingFolder/work-on/school-system/vendor/barryvdh/laravel-debugbar/src/Middleware/InjectDebugbar.php(65): Illuminate\\Routing\\Pipeline->Illuminate\\Routing\\{closure}(Object(Illuminate\\Http\\Request))
#33 /home/a7med404/a7meD404/WD_WORK/WorkingFolder/work-on/school-system/vendor/laravel/framework/src/Illuminate/Pipeline/Pipeline.php(163): Barryvdh\\Debugbar\\Middleware\\InjectDebugbar->handle(Object(Illuminate\\Http\\Request), Object(Closure))
#34 /home/a7med404/a7meD404/WD_WORK/WorkingFolder/work-on/school-system/vendor/laravel/framework/src/Illuminate/Routing/Pipeline.php(53): Illuminate\\Pipeline\\Pipeline->Illuminate\\Pipeline\\{closure}(Object(Illuminate\\Http\\Request))
#35 /home/a7med404/a7meD404/WD_WORK/WorkingFolder/work-on/school-system/vendor/fideloper/proxy/src/TrustProxies.php(57): Illuminate\\Routing\\Pipeline->Illuminate\\Routing\\{closure}(Object(Illuminate\\Http\\Request))
#36 /home/a7med404/a7meD404/WD_WORK/WorkingFolder/work-on/school-system/vendor/laravel/framework/src/Illuminate/Pipeline/Pipeline.php(163): Fideloper\\Proxy\\TrustProxies->handle(Object(Illuminate\\Http\\Request), Object(Closure))
#37 /home/a7med404/a7meD404/WD_WORK/WorkingFolder/work-on/school-system/vendor/laravel/framework/src/Illuminate/Routing/Pipeline.php(53): Illuminate\\Pipeline\\Pipeline->Illuminate\\Pipeline\\{closure}(Object(Illuminate\\Http\\Request))
#38 /home/a7med404/a7meD404/WD_WORK/WorkingFolder/work-on/school-system/vendor/laravel/framework/src/Illuminate/Foundation/Http/Middleware/TransformsRequest.php(21): Illuminate\\Routing\\Pipeline->Illuminate\\Routing\\{closure}(Object(Illuminate\\Http\\Request))
#39 /home/a7med404/a7meD404/WD_WORK/WorkingFolder/work-on/school-system/vendor/laravel/framework/src/Illuminate/Pipeline/Pipeline.php(163): Illuminate\\Foundation\\Http\\Middleware\\TransformsRequest->handle(Object(Illuminate\\Http\\Request), Object(Closure))
#40 /home/a7med404/a7meD404/WD_WORK/WorkingFolder/work-on/school-system/vendor/laravel/framework/src/Illuminate/Routing/Pipeline.php(53): Illuminate\\Pipeline\\Pipeline->Illuminate\\Pipeline\\{closure}(Object(Illuminate\\Http\\Request))
#41 /home/a7med404/a7meD404/WD_WORK/WorkingFolder/work-on/school-system/vendor/laravel/framework/src/Illuminate/Foundation/Http/Middleware/TransformsRequest.php(21): Illuminate\\Routing\\Pipeline->Illuminate\\Routing\\{closure}(Object(Illuminate\\Http\\Request))
#42 /home/a7med404/a7meD404/WD_WORK/WorkingFolder/work-on/school-system/vendor/laravel/framework/src/Illuminate/Pipeline/Pipeline.php(163): Illuminate\\Foundation\\Http\\Middleware\\TransformsRequest->handle(Object(Illuminate\\Http\\Request), Object(Closure))
#43 /home/a7med404/a7meD404/WD_WORK/WorkingFolder/work-on/school-system/vendor/laravel/framework/src/Illuminate/Routing/Pipeline.php(53): Illuminate\\Pipeline\\Pipeline->Illuminate\\Pipeline\\{closure}(Object(Illuminate\\Http\\Request))
#44 /home/a7med404/a7meD404/WD_WORK/WorkingFolder/work-on/school-system/vendor/laravel/framework/src/Illuminate/Foundation/Http/Middleware/ValidatePostSize.php(27): Illuminate\\Routing\\Pipeline->Illuminate\\Routing\\{closure}(Object(Illuminate\\Http\\Request))
#45 /home/a7med404/a7meD404/WD_WORK/WorkingFolder/work-on/school-system/vendor/laravel/framework/src/Illuminate/Pipeline/Pipeline.php(163): Illuminate\\Foundation\\Http\\Middleware\\ValidatePostSize->handle(Object(Illuminate\\Http\\Request), Object(Closure))
#46 /home/a7med404/a7meD404/WD_WORK/WorkingFolder/work-on/school-system/vendor/laravel/framework/src/Illuminate/Routing/Pipeline.php(53): Illuminate\\Pipeline\\Pipeline->Illuminate\\Pipeline\\{closure}(Object(Illuminate\\Http\\Request))
#47 /home/a7med404/a7meD404/WD_WORK/WorkingFolder/work-on/school-system/vendor/laravel/framework/src/Illuminate/Foundation/Http/Middleware/CheckForMaintenanceMode.php(62): Illuminate\\Routing\\Pipeline->Illuminate\\Routing\\{closure}(Object(Illuminate\\Http\\Request))
#48 /home/a7med404/a7meD404/WD_WORK/WorkingFolder/work-on/school-system/vendor/laravel/framework/src/Illuminate/Pipeline/Pipeline.php(163): Illuminate\\Foundation\\Http\\Middleware\\CheckForMaintenanceMode->handle(Object(Illuminate\\Http\\Request), Object(Closure))
#49 /home/a7med404/a7meD404/WD_WORK/WorkingFolder/work-on/school-system/vendor/laravel/framework/src/Illuminate/Routing/Pipeline.php(53): Illuminate\\Pipeline\\Pipeline->Illuminate\\Pipeline\\{closure}(Object(Illuminate\\Http\\Request))
#50 /home/a7med404/a7meD404/WD_WORK/WorkingFolder/work-on/school-system/vendor/laravel/framework/src/Illuminate/Pipeline/Pipeline.php(104): Illuminate\\Routing\\Pipeline->Illuminate\\Routing\\{closure}(Object(Illuminate\\Http\\Request))
#51 /home/a7med404/a7meD404/WD_WORK/WorkingFolder/work-on/school-system/vendor/laravel/framework/src/Illuminate/Foundation/Http/Kernel.php(151): Illuminate\\Pipeline\\Pipeline->then(Object(Closure))
#52 /home/a7med404/a7meD404/WD_WORK/WorkingFolder/work-on/school-system/vendor/laravel/framework/src/Illuminate/Foundation/Http/Kernel.php(116): Illuminate\\Foundation\\Http\\Kernel->sendRequestThroughRouter(Object(Illuminate\\Http\\Request))
#53 /home/a7med404/a7meD404/WD_WORK/WorkingFolder/work-on/school-system/public/index.php(55): Illuminate\\Foundation\\Http\\Kernel->handle(Object(Illuminate\\Http\\Request))
#54 /home/a7med404/a7meD404/WD_WORK/WorkingFolder/work-on/school-system/server.php(21): require_once('/home/a7med404/...')
#55 {main}
"} 
[2019-05-29 00:46:13] local.ERROR: Class 'Level' not found {"exception":"[object] (Symfony\\Component\\Debug\\Exception\\FatalThrowableError(code: 0): Class 'Level' not found at /home/a7med404/a7meD404/WD_WORK/WorkingFolder/work-on/school-system/Modules/Student/Http/Controllers/PrintController.php:39)
[stacktrace]
#0 [internal function]: Modules\\Student\\Http\\Controllers\\PrintController->downloadPDF()
#1 /home/a7med404/a7meD404/WD_WORK/WorkingFolder/work-on/school-system/vendor/laravel/framework/src/Illuminate/Routing/Controller.php(54): call_user_func_array(Array, Array)
#2 /home/a7med404/a7meD404/WD_WORK/WorkingFolder/work-on/school-system/vendor/laravel/framework/src/Illuminate/Routing/ControllerDispatcher.php(45): Illuminate\\Routing\\Controller->callAction('downloadPDF', Array)
#3 /home/a7med404/a7meD404/WD_WORK/WorkingFolder/work-on/school-system/vendor/laravel/framework/src/Illuminate/Routing/Route.php(219): Illuminate\\Routing\\ControllerDispatcher->dispatch(Object(Illuminate\\Routing\\Route), Object(Modules\\Student\\Http\\Controllers\\PrintController), 'downloadPDF')
#4 /home/a7med404/a7meD404/WD_WORK/WorkingFolder/work-on/school-system/vendor/laravel/framework/src/Illuminate/Routing/Route.php(176): Illuminate\\Routing\\Route->runController()
#5 /home/a7med404/a7meD404/WD_WORK/WorkingFolder/work-on/school-system/vendor/laravel/framework/src/Illuminate/Routing/Router.php(680): Illuminate\\Routing\\Route->run()
#6 /home/a7med404/a7meD404/WD_WORK/WorkingFolder/work-on/school-system/vendor/laravel/framework/src/Illuminate/Routing/Pipeline.php(30): Illuminate\\Routing\\Router->Illuminate\\Routing\\{closure}(Object(Illuminate\\Http\\Request))
#7 /home/a7med404/a7meD404/WD_WORK/WorkingFolder/work-on/school-system/vendor/laravel/framework/src/Illuminate/Routing/Middleware/SubstituteBindings.php(41): Illuminate\\Routing\\Pipeline->Illuminate\\Routing\\{closure}(Object(Illuminate\\Http\\Request))
#8 /home/a7med404/a7meD404/WD_WORK/WorkingFolder/work-on/school-system/vendor/laravel/framework/src/Illuminate/Pipeline/Pipeline.php(163): Illuminate\\Routing\\Middleware\\SubstituteBindings->handle(Object(Illuminate\\Http\\Request), Object(Closure))
#9 /home/a7med404/a7meD404/WD_WORK/WorkingFolder/work-on/school-system/vendor/laravel/framework/src/Illuminate/Routing/Pipeline.php(53): Illuminate\\Pipeline\\Pipeline->Illuminate\\Pipeline\\{closure}(Object(Illuminate\\Http\\Request))
#10 /home/a7med404/a7meD404/WD_WORK/WorkingFolder/work-on/school-system/vendor/laravel/framework/src/Illuminate/Foundation/Http/Middleware/VerifyCsrfToken.php(75): Illuminate\\Routing\\Pipeline->Illuminate\\Routing\\{closure}(Object(Illuminate\\Http\\Request))
#11 /home/a7med404/a7meD404/WD_WORK/WorkingFolder/work-on/school-system/vendor/laravel/framework/src/Illuminate/Pipeline/Pipeline.php(163): Illuminate\\Foundation\\Http\\Middleware\\VerifyCsrfToken->handle(Object(Illuminate\\Http\\Request), Object(Closure))
#12 /home/a7med404/a7meD404/WD_WORK/WorkingFolder/work-on/school-system/vendor/laravel/framework/src/Illuminate/Routing/Pipeline.php(53): Illuminate\\Pipeline\\Pipeline->Illuminate\\Pipeline\\{closure}(Object(Illuminate\\Http\\Request))
#13 /home/a7med404/a7meD404/WD_WORK/WorkingFolder/work-on/school-system/vendor/laravel/framework/src/Illuminate/View/Middleware/ShareErrorsFromSession.php(49): Illuminate\\Routing\\Pipeline->Illuminate\\Routing\\{closure}(Object(Illuminate\\Http\\Request))
#14 /home/a7med404/a7meD404/WD_WORK/WorkingFolder/work-on/school-system/vendor/laravel/framework/src/Illuminate/Pipeline/Pipeline.php(163): Illuminate\\View\\Middleware\\ShareErrorsFromSession->handle(Object(Illuminate\\Http\\Request), Object(Closure))
#15 /home/a7med404/a7meD404/WD_WORK/WorkingFolder/work-on/school-system/vendor/laravel/framework/src/Illuminate/Routing/Pipeline.php(53): Illuminate\\Pipeline\\Pipeline->Illuminate\\Pipeline\\{closure}(Object(Illuminate\\Http\\Request))
#16 /home/a7med404/a7meD404/WD_WORK/WorkingFolder/work-on/school-system/vendor/laravel/framework/src/Illuminate/Session/Middleware/StartSession.php(56): Illuminate\\Routing\\Pipeline->Illuminate\\Routing\\{closure}(Object(Illuminate\\Http\\Request))
#17 /home/a7med404/a7meD404/WD_WORK/WorkingFolder/work-on/school-system/vendor/laravel/framework/src/Illuminate/Pipeline/Pipeline.php(163): Illuminate\\Session\\Middleware\\StartSession->handle(Object(Illuminate\\Http\\Request), Object(Closure))
#18 /home/a7med404/a7meD404/WD_WORK/WorkingFolder/work-on/school-system/vendor/laravel/framework/src/Illuminate/Routing/Pipeline.php(53): Illuminate\\Pipeline\\Pipeline->Illuminate\\Pipeline\\{closure}(Object(Illuminate\\Http\\Request))
#19 /home/a7med404/a7meD404/WD_WORK/WorkingFolder/work-on/school-system/vendor/laravel/framework/src/Illuminate/Cookie/Middleware/AddQueuedCookiesToResponse.php(37): Illuminate\\Routing\\Pipeline->Illuminate\\Routing\\{closure}(Object(Illuminate\\Http\\Request))
#20 /home/a7med404/a7meD404/WD_WORK/WorkingFolder/work-on/school-system/vendor/laravel/framework/src/Illuminate/Pipeline/Pipeline.php(163): Illuminate\\Cookie\\Middleware\\AddQueuedCookiesToResponse->handle(Object(Illuminate\\Http\\Request), Object(Closure))
#21 /home/a7med404/a7meD404/WD_WORK/WorkingFolder/work-on/school-system/vendor/laravel/framework/src/Illuminate/Routing/Pipeline.php(53): Illuminate\\Pipeline\\Pipeline->Illuminate\\Pipeline\\{closure}(Object(Illuminate\\Http\\Request))
#22 /home/a7med404/a7meD404/WD_WORK/WorkingFolder/work-on/school-system/vendor/laravel/framework/src/Illuminate/Cookie/Middleware/EncryptCookies.php(66): Illuminate\\Routing\\Pipeline->Illuminate\\Routing\\{closure}(Object(Illuminate\\Http\\Request))
#23 /home/a7med404/a7meD404/WD_WORK/WorkingFolder/work-on/school-system/vendor/laravel/framework/src/Illuminate/Pipeline/Pipeline.php(163): Illuminate\\Cookie\\Middleware\\EncryptCookies->handle(Object(Illuminate\\Http\\Request), Object(Closure))
#24 /home/a7med404/a7meD404/WD_WORK/WorkingFolder/work-on/school-system/vendor/laravel/framework/src/Illuminate/Routing/Pipeline.php(53): Illuminate\\Pipeline\\Pipeline->Illuminate\\Pipeline\\{closure}(Object(Illuminate\\Http\\Request))
#25 /home/a7med404/a7meD404/WD_WORK/WorkingFolder/work-on/school-system/vendor/laravel/framework/src/Illuminate/Pipeline/Pipeline.php(104): Illuminate\\Routing\\Pipeline->Illuminate\\Routing\\{closure}(Object(Illuminate\\Http\\Request))
#26 /home/a7med404/a7meD404/WD_WORK/WorkingFolder/work-on/school-system/vendor/laravel/framework/src/Illuminate/Routing/Router.php(682): Illuminate\\Pipeline\\Pipeline->then(Object(Closure))
#27 /home/a7med404/a7meD404/WD_WORK/WorkingFolder/work-on/school-system/vendor/laravel/framework/src/Illuminate/Routing/Router.php(657): Illuminate\\Routing\\Router->runRouteWithinStack(Object(Illuminate\\Routing\\Route), Object(Illuminate\\Http\\Request))
#28 /home/a7med404/a7meD404/WD_WORK/WorkingFolder/work-on/school-system/vendor/laravel/framework/src/Illuminate/Routing/Router.php(623): Illuminate\\Routing\\Router->runRoute(Object(Illuminate\\Http\\Request), Object(Illuminate\\Routing\\Route))
#29 /home/a7med404/a7meD404/WD_WORK/WorkingFolder/work-on/school-system/vendor/laravel/framework/src/Illuminate/Routing/Router.php(612): Illuminate\\Routing\\Router->dispatchToRoute(Object(Illuminate\\Http\\Request))
#30 /home/a7med404/a7meD404/WD_WORK/WorkingFolder/work-on/school-system/vendor/laravel/framework/src/Illuminate/Foundation/Http/Kernel.php(176): Illuminate\\Routing\\Router->dispatch(Object(Illuminate\\Http\\Request))
#31 /home/a7med404/a7meD404/WD_WORK/WorkingFolder/work-on/school-system/vendor/laravel/framework/src/Illuminate/Routing/Pipeline.php(30): Illuminate\\Foundation\\Http\\Kernel->Illuminate\\Foundation\\Http\\{closure}(Object(Illuminate\\Http\\Request))
#32 /home/a7med404/a7meD404/WD_WORK/WorkingFolder/work-on/school-system/vendor/barryvdh/laravel-debugbar/src/Middleware/InjectDebugbar.php(65): Illuminate\\Routing\\Pipeline->Illuminate\\Routing\\{closure}(Object(Illuminate\\Http\\Request))
#33 /home/a7med404/a7meD404/WD_WORK/WorkingFolder/work-on/school-system/vendor/laravel/framework/src/Illuminate/Pipeline/Pipeline.php(163): Barryvdh\\Debugbar\\Middleware\\InjectDebugbar->handle(Object(Illuminate\\Http\\Request), Object(Closure))
#34 /home/a7med404/a7meD404/WD_WORK/WorkingFolder/work-on/school-system/vendor/laravel/framework/src/Illuminate/Routing/Pipeline.php(53): Illuminate\\Pipeline\\Pipeline->Illuminate\\Pipeline\\{closure}(Object(Illuminate\\Http\\Request))
#35 /home/a7med404/a7meD404/WD_WORK/WorkingFolder/work-on/school-system/vendor/fideloper/proxy/src/TrustProxies.php(57): Illuminate\\Routing\\Pipeline->Illuminate\\Routing\\{closure}(Object(Illuminate\\Http\\Request))
#36 /home/a7med404/a7meD404/WD_WORK/WorkingFolder/work-on/school-system/vendor/laravel/framework/src/Illuminate/Pipeline/Pipeline.php(163): Fideloper\\Proxy\\TrustProxies->handle(Object(Illuminate\\Http\\Request), Object(Closure))
#37 /home/a7med404/a7meD404/WD_WORK/WorkingFolder/work-on/school-system/vendor/laravel/framework/src/Illuminate/Routing/Pipeline.php(53): Illuminate\\Pipeline\\Pipeline->Illuminate\\Pipeline\\{closure}(Object(Illuminate\\Http\\Request))
#38 /home/a7med404/a7meD404/WD_WORK/WorkingFolder/work-on/school-system/vendor/laravel/framework/src/Illuminate/Foundation/Http/Middleware/TransformsRequest.php(21): Illuminate\\Routing\\Pipeline->Illuminate\\Routing\\{closure}(Object(Illuminate\\Http\\Request))
#39 /home/a7med404/a7meD404/WD_WORK/WorkingFolder/work-on/school-system/vendor/laravel/framework/src/Illuminate/Pipeline/Pipeline.php(163): Illuminate\\Foundation\\Http\\Middleware\\TransformsRequest->handle(Object(Illuminate\\Http\\Request), Object(Closure))
#40 /home/a7med404/a7meD404/WD_WORK/WorkingFolder/work-on/school-system/vendor/laravel/framework/src/Illuminate/Routing/Pipeline.php(53): Illuminate\\Pipeline\\Pipeline->Illuminate\\Pipeline\\{closure}(Object(Illuminate\\Http\\Request))
#41 /home/a7med404/a7meD404/WD_WORK/WorkingFolder/work-on/school-system/vendor/laravel/framework/src/Illuminate/Foundation/Http/Middleware/TransformsRequest.php(21): Illuminate\\Routing\\Pipeline->Illuminate\\Routing\\{closure}(Object(Illuminate\\Http\\Request))
#42 /home/a7med404/a7meD404/WD_WORK/WorkingFolder/work-on/school-system/vendor/laravel/framework/src/Illuminate/Pipeline/Pipeline.php(163): Illuminate\\Foundation\\Http\\Middleware\\TransformsRequest->handle(Object(Illuminate\\Http\\Request), Object(Closure))
#43 /home/a7med404/a7meD404/WD_WORK/WorkingFolder/work-on/school-system/vendor/laravel/framework/src/Illuminate/Routing/Pipeline.php(53): Illuminate\\Pipeline\\Pipeline->Illuminate\\Pipeline\\{closure}(Object(Illuminate\\Http\\Request))
#44 /home/a7med404/a7meD404/WD_WORK/WorkingFolder/work-on/school-system/vendor/laravel/framework/src/Illuminate/Foundation/Http/Middleware/ValidatePostSize.php(27): Illuminate\\Routing\\Pipeline->Illuminate\\Routing\\{closure}(Object(Illuminate\\Http\\Request))
#45 /home/a7med404/a7meD404/WD_WORK/WorkingFolder/work-on/school-system/vendor/laravel/framework/src/Illuminate/Pipeline/Pipeline.php(163): Illuminate\\Foundation\\Http\\Middleware\\ValidatePostSize->handle(Object(Illuminate\\Http\\Request), Object(Closure))
#46 /home/a7med404/a7meD404/WD_WORK/WorkingFolder/work-on/school-system/vendor/laravel/framework/src/Illuminate/Routing/Pipeline.php(53): Illuminate\\Pipeline\\Pipeline->Illuminate\\Pipeline\\{closure}(Object(Illuminate\\Http\\Request))
#47 /home/a7med404/a7meD404/WD_WORK/WorkingFolder/work-on/school-system/vendor/laravel/framework/src/Illuminate/Foundation/Http/Middleware/CheckForMaintenanceMode.php(62): Illuminate\\Routing\\Pipeline->Illuminate\\Routing\\{closure}(Object(Illuminate\\Http\\Request))
#48 /home/a7med404/a7meD404/WD_WORK/WorkingFolder/work-on/school-system/vendor/laravel/framework/src/Illuminate/Pipeline/Pipeline.php(163): Illuminate\\Foundation\\Http\\Middleware\\CheckForMaintenanceMode->handle(Object(Illuminate\\Http\\Request), Object(Closure))
#49 /home/a7med404/a7meD404/WD_WORK/WorkingFolder/work-on/school-system/vendor/laravel/framework/src/Illuminate/Routing/Pipeline.php(53): Illuminate\\Pipeline\\Pipeline->Illuminate\\Pipeline\\{closure}(Object(Illuminate\\Http\\Request))
#50 /home/a7med404/a7meD404/WD_WORK/WorkingFolder/work-on/school-system/vendor/laravel/framework/src/Illuminate/Pipeline/Pipeline.php(104): Illuminate\\Routing\\Pipeline->Illuminate\\Routing\\{closure}(Object(Illuminate\\Http\\Request))
#51 /home/a7med404/a7meD404/WD_WORK/WorkingFolder/work-on/school-system/vendor/laravel/framework/src/Illuminate/Foundation/Http/Kernel.php(151): Illuminate\\Pipeline\\Pipeline->then(Object(Closure))
#52 /home/a7med404/a7meD404/WD_WORK/WorkingFolder/work-on/school-system/vendor/laravel/framework/src/Illuminate/Foundation/Http/Kernel.php(116): Illuminate\\Foundation\\Http\\Kernel->sendRequestThroughRouter(Object(Illuminate\\Http\\Request))
#53 /home/a7med404/a7meD404/WD_WORK/WorkingFolder/work-on/school-system/public/index.php(55): Illuminate\\Foundation\\Http\\Kernel->handle(Object(Illuminate\\Http\\Request))
#54 /home/a7med404/a7meD404/WD_WORK/WorkingFolder/work-on/school-system/server.php(21): require_once('/home/a7med404/...')
#55 {main}
"} 
[2019-05-29 00:56:31] local.ERROR: View [print.print] not found. {"exception":"[object] (InvalidArgumentException(code: 0): View [print.print] not found. at /home/a7med404/a7meD404/WD_WORK/WorkingFolder/work-on/school-system/vendor/laravel/framework/src/Illuminate/View/FileViewFinder.php:137)
[stacktrace]
#0 /home/a7med404/a7meD404/WD_WORK/WorkingFolder/work-on/school-system/vendor/laravel/framework/src/Illuminate/View/FileViewFinder.php(92): Illuminate\\View\\FileViewFinder->findInPaths('print.print', Array)
#1 /home/a7med404/a7meD404/WD_WORK/WorkingFolder/work-on/school-system/vendor/laravel/framework/src/Illuminate/View/FileViewFinder.php(76): Illuminate\\View\\FileViewFinder->findNamespacedView('student::print....')
#2 /home/a7med404/a7meD404/WD_WORK/WorkingFolder/work-on/school-system/vendor/laravel/framework/src/Illuminate/View/Factory.php(131): Illuminate\\View\\FileViewFinder->find('student::print....')
#3 /home/a7med404/a7meD404/WD_WORK/WorkingFolder/work-on/school-system/vendor/barryvdh/laravel-dompdf/src/PDF.php(123): Illuminate\\View\\Factory->make('student::print....', Array, Array)
#4 /home/a7med404/a7meD404/WD_WORK/WorkingFolder/work-on/school-system/vendor/barryvdh/laravel-dompdf/src/Facade.php(31): Barryvdh\\DomPDF\\PDF->loadView('student::print....', Array)
#5 /home/a7med404/a7meD404/WD_WORK/WorkingFolder/work-on/school-system/Modules/Student/Http/Controllers/PrintController.php(50): Barryvdh\\DomPDF\\Facade::__callStatic('loadView', Array)
#6 [internal function]: Modules\\Student\\Http\\Controllers\\PrintController->printPDF()
#7 /home/a7med404/a7meD404/WD_WORK/WorkingFolder/work-on/school-system/vendor/laravel/framework/src/Illuminate/Routing/Controller.php(54): call_user_func_array(Array, Array)
#8 /home/a7med404/a7meD404/WD_WORK/WorkingFolder/work-on/school-system/vendor/laravel/framework/src/Illuminate/Routing/ControllerDispatcher.php(45): Illuminate\\Routing\\Controller->callAction('printPDF', Array)
#9 /home/a7med404/a7meD404/WD_WORK/WorkingFolder/work-on/school-system/vendor/laravel/framework/src/Illuminate/Routing/Route.php(219): Illuminate\\Routing\\ControllerDispatcher->dispatch(Object(Illuminate\\Routing\\Route), Object(Modules\\Student\\Http\\Controllers\\PrintController), 'printPDF')
#10 /home/a7med404/a7meD404/WD_WORK/WorkingFolder/work-on/school-system/vendor/laravel/framework/src/Illuminate/Routing/Route.php(176): Illuminate\\Routing\\Route->runController()
#11 /home/a7med404/a7meD404/WD_WORK/WorkingFolder/work-on/school-system/vendor/laravel/framework/src/Illuminate/Routing/Router.php(680): Illuminate\\Routing\\Route->run()
#12 /home/a7med404/a7meD404/WD_WORK/WorkingFolder/work-on/school-system/vendor/laravel/framework/src/Illuminate/Routing/Pipeline.php(30): Illuminate\\Routing\\Router->Illuminate\\Routing\\{closure}(Object(Illuminate\\Http\\Request))
#13 /home/a7med404/a7meD404/WD_WORK/WorkingFolder/work-on/school-system/vendor/laravel/framework/src/Illuminate/Routing/Middleware/SubstituteBindings.php(41): Illuminate\\Routing\\Pipeline->Illuminate\\Routing\\{closure}(Object(Illuminate\\Http\\Request))
#14 /home/a7med404/a7meD404/WD_WORK/WorkingFolder/work-on/school-system/vendor/laravel/framework/src/Illuminate/Pipeline/Pipeline.php(163): Illuminate\\Routing\\Middleware\\SubstituteBindings->handle(Object(Illuminate\\Http\\Request), Object(Closure))
#15 /home/a7med404/a7meD404/WD_WORK/WorkingFolder/work-on/school-system/vendor/laravel/framework/src/Illuminate/Routing/Pipeline.php(53): Illuminate\\Pipeline\\Pipeline->Illuminate\\Pipeline\\{closure}(Object(Illuminate\\Http\\Request))
#16 /home/a7med404/a7meD404/WD_WORK/WorkingFolder/work-on/school-system/vendor/laravel/framework/src/Illuminate/Foundation/Http/Middleware/VerifyCsrfToken.php(75): Illuminate\\Routing\\Pipeline->Illuminate\\Routing\\{closure}(Object(Illuminate\\Http\\Request))
#17 /home/a7med404/a7meD404/WD_WORK/WorkingFolder/work-on/school-system/vendor/laravel/framework/src/Illuminate/Pipeline/Pipeline.php(163): Illuminate\\Foundation\\Http\\Middleware\\VerifyCsrfToken->handle(Object(Illuminate\\Http\\Request), Object(Closure))
#18 /home/a7med404/a7meD404/WD_WORK/WorkingFolder/work-on/school-system/vendor/laravel/framework/src/Illuminate/Routing/Pipeline.php(53): Illuminate\\Pipeline\\Pipeline->Illuminate\\Pipeline\\{closure}(Object(Illuminate\\Http\\Request))
#19 /home/a7med404/a7meD404/WD_WORK/WorkingFolder/work-on/school-system/vendor/laravel/framework/src/Illuminate/View/Middleware/ShareErrorsFromSession.php(49): Illuminate\\Routing\\Pipeline->Illuminate\\Routing\\{closure}(Object(Illuminate\\Http\\Request))
#20 /home/a7med404/a7meD404/WD_WORK/WorkingFolder/work-on/school-system/vendor/laravel/framework/src/Illuminate/Pipeline/Pipeline.php(163): Illuminate\\View\\Middleware\\ShareErrorsFromSession->handle(Object(Illuminate\\Http\\Request), Object(Closure))
#21 /home/a7med404/a7meD404/WD_WORK/WorkingFolder/work-on/school-system/vendor/laravel/framework/src/Illuminate/Routing/Pipeline.php(53): Illuminate\\Pipeline\\Pipeline->Illuminate\\Pipeline\\{closure}(Object(Illuminate\\Http\\Request))
#22 /home/a7med404/a7meD404/WD_WORK/WorkingFolder/work-on/school-system/vendor/laravel/framework/src/Illuminate/Session/Middleware/StartSession.php(56): Illuminate\\Routing\\Pipeline->Illuminate\\Routing\\{closure}(Object(Illuminate\\Http\\Request))
#23 /home/a7med404/a7meD404/WD_WORK/WorkingFolder/work-on/school-system/vendor/laravel/framework/src/Illuminate/Pipeline/Pipeline.php(163): Illuminate\\Session\\Middleware\\StartSession->handle(Object(Illuminate\\Http\\Request), Object(Closure))
#24 /home/a7med404/a7meD404/WD_WORK/WorkingFolder/work-on/school-system/vendor/laravel/framework/src/Illuminate/Routing/Pipeline.php(53): Illuminate\\Pipeline\\Pipeline->Illuminate\\Pipeline\\{closure}(Object(Illuminate\\Http\\Request))
#25 /home/a7med404/a7meD404/WD_WORK/WorkingFolder/work-on/school-system/vendor/laravel/framework/src/Illuminate/Cookie/Middleware/AddQueuedCookiesToResponse.php(37): Illuminate\\Routing\\Pipeline->Illuminate\\Routing\\{closure}(Object(Illuminate\\Http\\Request))
#26 /home/a7med404/a7meD404/WD_WORK/WorkingFolder/work-on/school-system/vendor/laravel/framework/src/Illuminate/Pipeline/Pipeline.php(163): Illuminate\\Cookie\\Middleware\\AddQueuedCookiesToResponse->handle(Object(Illuminate\\Http\\Request), Object(Closure))
#27 /home/a7med404/a7meD404/WD_WORK/WorkingFolder/work-on/school-system/vendor/laravel/framework/src/Illuminate/Routing/Pipeline.php(53): Illuminate\\Pipeline\\Pipeline->Illuminate\\Pipeline\\{closure}(Object(Illuminate\\Http\\Request))
#28 /home/a7med404/a7meD404/WD_WORK/WorkingFolder/work-on/school-system/vendor/laravel/framework/src/Illuminate/Cookie/Middleware/EncryptCookies.php(66): Illuminate\\Routing\\Pipeline->Illuminate\\Routing\\{closure}(Object(Illuminate\\Http\\Request))
#29 /home/a7med404/a7meD404/WD_WORK/WorkingFolder/work-on/school-system/vendor/laravel/framework/src/Illuminate/Pipeline/Pipeline.php(163): Illuminate\\Cookie\\Middleware\\EncryptCookies->handle(Object(Illuminate\\Http\\Request), Object(Closure))
#30 /home/a7med404/a7meD404/WD_WORK/WorkingFolder/work-on/school-system/vendor/laravel/framework/src/Illuminate/Routing/Pipeline.php(53): Illuminate\\Pipeline\\Pipeline->Illuminate\\Pipeline\\{closure}(Object(Illuminate\\Http\\Request))
#31 /home/a7med404/a7meD404/WD_WORK/WorkingFolder/work-on/school-system/vendor/laravel/framework/src/Illuminate/Pipeline/Pipeline.php(104): Illuminate\\Routing\\Pipeline->Illuminate\\Routing\\{closure}(Object(Illuminate\\Http\\Request))
#32 /home/a7med404/a7meD404/WD_WORK/WorkingFolder/work-on/school-system/vendor/laravel/framework/src/Illuminate/Routing/Router.php(682): Illuminate\\Pipeline\\Pipeline->then(Object(Closure))
#33 /home/a7med404/a7meD404/WD_WORK/WorkingFolder/work-on/school-system/vendor/laravel/framework/src/Illuminate/Routing/Router.php(657): Illuminate\\Routing\\Router->runRouteWithinStack(Object(Illuminate\\Routing\\Route), Object(Illuminate\\Http\\Request))
#34 /home/a7med404/a7meD404/WD_WORK/WorkingFolder/work-on/school-system/vendor/laravel/framework/src/Illuminate/Routing/Router.php(623): Illuminate\\Routing\\Router->runRoute(Object(Illuminate\\Http\\Request), Object(Illuminate\\Routing\\Route))
#35 /home/a7med404/a7meD404/WD_WORK/WorkingFolder/work-on/school-system/vendor/laravel/framework/src/Illuminate/Routing/Router.php(612): Illuminate\\Routing\\Router->dispatchToRoute(Object(Illuminate\\Http\\Request))
#36 /home/a7med404/a7meD404/WD_WORK/WorkingFolder/work-on/school-system/vendor/laravel/framework/src/Illuminate/Foundation/Http/Kernel.php(176): Illuminate\\Routing\\Router->dispatch(Object(Illuminate\\Http\\Request))
#37 /home/a7med404/a7meD404/WD_WORK/WorkingFolder/work-on/school-system/vendor/laravel/framework/src/Illuminate/Routing/Pipeline.php(30): Illuminate\\Foundation\\Http\\Kernel->Illuminate\\Foundation\\Http\\{closure}(Object(Illuminate\\Http\\Request))
#38 /home/a7med404/a7meD404/WD_WORK/WorkingFolder/work-on/school-system/vendor/barryvdh/laravel-debugbar/src/Middleware/InjectDebugbar.php(65): Illuminate\\Routing\\Pipeline->Illuminate\\Routing\\{closure}(Object(Illuminate\\Http\\Request))
#39 /home/a7med404/a7meD404/WD_WORK/WorkingFolder/work-on/school-system/vendor/laravel/framework/src/Illuminate/Pipeline/Pipeline.php(163): Barryvdh\\Debugbar\\Middleware\\InjectDebugbar->handle(Object(Illuminate\\Http\\Request), Object(Closure))
#40 /home/a7med404/a7meD404/WD_WORK/WorkingFolder/work-on/school-system/vendor/laravel/framework/src/Illuminate/Routing/Pipeline.php(53): Illuminate\\Pipeline\\Pipeline->Illuminate\\Pipeline\\{closure}(Object(Illuminate\\Http\\Request))
#41 /home/a7med404/a7meD404/WD_WORK/WorkingFolder/work-on/school-system/vendor/fideloper/proxy/src/TrustProxies.php(57): Illuminate\\Routing\\Pipeline->Illuminate\\Routing\\{closure}(Object(Illuminate\\Http\\Request))
#42 /home/a7med404/a7meD404/WD_WORK/WorkingFolder/work-on/school-system/vendor/laravel/framework/src/Illuminate/Pipeline/Pipeline.php(163): Fideloper\\Proxy\\TrustProxies->handle(Object(Illuminate\\Http\\Request), Object(Closure))
#43 /home/a7med404/a7meD404/WD_WORK/WorkingFolder/work-on/school-system/vendor/laravel/framework/src/Illuminate/Routing/Pipeline.php(53): Illuminate\\Pipeline\\Pipeline->Illuminate\\Pipeline\\{closure}(Object(Illuminate\\Http\\Request))
#44 /home/a7med404/a7meD404/WD_WORK/WorkingFolder/work-on/school-system/vendor/laravel/framework/src/Illuminate/Foundation/Http/Middleware/TransformsRequest.php(21): Illuminate\\Routing\\Pipeline->Illuminate\\Routing\\{closure}(Object(Illuminate\\Http\\Request))
#45 /home/a7med404/a7meD404/WD_WORK/WorkingFolder/work-on/school-system/vendor/laravel/framework/src/Illuminate/Pipeline/Pipeline.php(163): Illuminate\\Foundation\\Http\\Middleware\\TransformsRequest->handle(Object(Illuminate\\Http\\Request), Object(Closure))
#46 /home/a7med404/a7meD404/WD_WORK/WorkingFolder/work-on/school-system/vendor/laravel/framework/src/Illuminate/Routing/Pipeline.php(53): Illuminate\\Pipeline\\Pipeline->Illuminate\\Pipeline\\{closure}(Object(Illuminate\\Http\\Request))
#47 /home/a7med404/a7meD404/WD_WORK/WorkingFolder/work-on/school-system/vendor/laravel/framework/src/Illuminate/Foundation/Http/Middleware/TransformsRequest.php(21): Illuminate\\Routing\\Pipeline->Illuminate\\Routing\\{closure}(Object(Illuminate\\Http\\Request))
#48 /home/a7med404/a7meD404/WD_WORK/WorkingFolder/work-on/school-system/vendor/laravel/framework/src/Illuminate/Pipeline/Pipeline.php(163): Illuminate\\Foundation\\Http\\Middleware\\TransformsRequest->handle(Object(Illuminate\\Http\\Request), Object(Closure))
#49 /home/a7med404/a7meD404/WD_WORK/WorkingFolder/work-on/school-system/vendor/laravel/framework/src/Illuminate/Routing/Pipeline.php(53): Illuminate\\Pipeline\\Pipeline->Illuminate\\Pipeline\\{closure}(Object(Illuminate\\Http\\Request))
#50 /home/a7med404/a7meD404/WD_WORK/WorkingFolder/work-on/school-system/vendor/laravel/framework/src/Illuminate/Foundation/Http/Middleware/ValidatePostSize.php(27): Illuminate\\Routing\\Pipeline->Illuminate\\Routing\\{closure}(Object(Illuminate\\Http\\Request))
#51 /home/a7med404/a7meD404/WD_WORK/WorkingFolder/work-on/school-system/vendor/laravel/framework/src/Illuminate/Pipeline/Pipeline.php(163): Illuminate\\Foundation\\Http\\Middleware\\ValidatePostSize->handle(Object(Illuminate\\Http\\Request), Object(Closure))
#52 /home/a7med404/a7meD404/WD_WORK/WorkingFolder/work-on/school-system/vendor/laravel/framework/src/Illuminate/Routing/Pipeline.php(53): Illuminate\\Pipeline\\Pipeline->Illuminate\\Pipeline\\{closure}(Object(Illuminate\\Http\\Request))
#53 /home/a7med404/a7meD404/WD_WORK/WorkingFolder/work-on/school-system/vendor/laravel/framework/src/Illuminate/Foundation/Http/Middleware/CheckForMaintenanceMode.php(62): Illuminate\\Routing\\Pipeline->Illuminate\\Routing\\{closure}(Object(Illuminate\\Http\\Request))
#54 /home/a7med404/a7meD404/WD_WORK/WorkingFolder/work-on/school-system/vendor/laravel/framework/src/Illuminate/Pipeline/Pipeline.php(163): Illuminate\\Foundation\\Http\\Middleware\\CheckForMaintenanceMode->handle(Object(Illuminate\\Http\\Request), Object(Closure))
#55 /home/a7med404/a7meD404/WD_WORK/WorkingFolder/work-on/school-system/vendor/laravel/framework/src/Illuminate/Routing/Pipeline.php(53): Illuminate\\Pipeline\\Pipeline->Illuminate\\Pipeline\\{closure}(Object(Illuminate\\Http\\Request))
#56 /home/a7med404/a7meD404/WD_WORK/WorkingFolder/work-on/school-system/vendor/laravel/framework/src/Illuminate/Pipeline/Pipeline.php(104): Illuminate\\Routing\\Pipeline->Illuminate\\Routing\\{closure}(Object(Illuminate\\Http\\Request))
#57 /home/a7med404/a7meD404/WD_WORK/WorkingFolder/work-on/school-system/vendor/laravel/framework/src/Illuminate/Foundation/Http/Kernel.php(151): Illuminate\\Pipeline\\Pipeline->then(Object(Closure))
#58 /home/a7med404/a7meD404/WD_WORK/WorkingFolder/work-on/school-system/vendor/laravel/framework/src/Illuminate/Foundation/Http/Kernel.php(116): Illuminate\\Foundation\\Http\\Kernel->sendRequestThroughRouter(Object(Illuminate\\Http\\Request))
#59 /home/a7med404/a7meD404/WD_WORK/WorkingFolder/work-on/school-system/public/index.php(55): Illuminate\\Foundation\\Http\\Kernel->handle(Object(Illuminate\\Http\\Request))
#60 /home/a7med404/a7meD404/WD_WORK/WorkingFolder/work-on/school-system/server.php(21): require_once('/home/a7med404/...')
#61 {main}
"} 
[2019-05-29 00:57:12] local.ERROR: Undefined variable: levels (View: /home/a7med404/a7meD404/WD_WORK/WorkingFolder/work-on/school-system/Modules/Student/Resources/views/print/tests/print.blade.php) {"exception":"[object] (ErrorException(code: 0): Undefined variable: levels (View: /home/a7med404/a7meD404/WD_WORK/WorkingFolder/work-on/school-system/Modules/Student/Resources/views/print/tests/print.blade.php) at /home/a7med404/a7meD404/WD_WORK/WorkingFolder/work-on/school-system/storage/framework/views/639d0d7d70697ef01ff518a452d234123bbfd1da.php:42, ErrorException(code: 0): Undefined variable: levels at /home/a7med404/a7meD404/WD_WORK/WorkingFolder/work-on/school-system/storage/framework/views/639d0d7d70697ef01ff518a452d234123bbfd1da.php:42)
[stacktrace]
#0 /home/a7med404/a7meD404/WD_WORK/WorkingFolder/work-on/school-system/vendor/laravel/framework/src/Illuminate/View/Engines/PhpEngine.php(45): Illuminate\\View\\Engines\\CompilerEngine->handleViewException(Object(ErrorException), 1)
#1 /home/a7med404/a7meD404/WD_WORK/WorkingFolder/work-on/school-system/vendor/laravel/framework/src/Illuminate/View/Engines/CompilerEngine.php(59): Illuminate\\View\\Engines\\PhpEngine->evaluatePath('/home/a7med404/...', Array)
#2 /home/a7med404/a7meD404/WD_WORK/WorkingFolder/work-on/school-system/vendor/laravel/framework/src/Illuminate/View/View.php(142): Illuminate\\View\\Engines\\CompilerEngine->get('/home/a7med404/...', Array)
#3 /home/a7med404/a7meD404/WD_WORK/WorkingFolder/work-on/school-system/vendor/laravel/framework/src/Illuminate/View/View.php(125): Illuminate\\View\\View->getContents()
#4 /home/a7med404/a7meD404/WD_WORK/WorkingFolder/work-on/school-system/vendor/laravel/framework/src/Illuminate/View/View.php(90): Illuminate\\View\\View->renderContents()
#5 /home/a7med404/a7meD404/WD_WORK/WorkingFolder/work-on/school-system/vendor/barryvdh/laravel-dompdf/src/PDF.php(123): Illuminate\\View\\View->render()
#6 /home/a7med404/a7meD404/WD_WORK/WorkingFolder/work-on/school-system/vendor/barryvdh/laravel-dompdf/src/Facade.php(31): Barryvdh\\DomPDF\\PDF->loadView('student::print....', Array)
#7 /home/a7med404/a7meD404/WD_WORK/WorkingFolder/work-on/school-system/Modules/Student/Http/Controllers/PrintController.php(50): Barryvdh\\DomPDF\\Facade::__callStatic('loadView', Array)
#8 [internal function]: Modules\\Student\\Http\\Controllers\\PrintController->printPDF()
#9 /home/a7med404/a7meD404/WD_WORK/WorkingFolder/work-on/school-system/vendor/laravel/framework/src/Illuminate/Routing/Controller.php(54): call_user_func_array(Array, Array)
#10 /home/a7med404/a7meD404/WD_WORK/WorkingFolder/work-on/school-system/vendor/laravel/framework/src/Illuminate/Routing/ControllerDispatcher.php(45): Illuminate\\Routing\\Controller->callAction('printPDF', Array)
#11 /home/a7med404/a7meD404/WD_WORK/WorkingFolder/work-on/school-system/vendor/laravel/framework/src/Illuminate/Routing/Route.php(219): Illuminate\\Routing\\ControllerDispatcher->dispatch(Object(Illuminate\\Routing\\Route), Object(Modules\\Student\\Http\\Controllers\\PrintController), 'printPDF')
#12 /home/a7med404/a7meD404/WD_WORK/WorkingFolder/work-on/school-system/vendor/laravel/framework/src/Illuminate/Routing/Route.php(176): Illuminate\\Routing\\Route->runController()
#13 /home/a7med404/a7meD404/WD_WORK/WorkingFolder/work-on/school-system/vendor/laravel/framework/src/Illuminate/Routing/Router.php(680): Illuminate\\Routing\\Route->run()
#14 /home/a7med404/a7meD404/WD_WORK/WorkingFolder/work-on/school-system/vendor/laravel/framework/src/Illuminate/Routing/Pipeline.php(30): Illuminate\\Routing\\Router->Illuminate\\Routing\\{closure}(Object(Illuminate\\Http\\Request))
#15 /home/a7med404/a7meD404/WD_WORK/WorkingFolder/work-on/school-system/vendor/laravel/framework/src/Illuminate/Routing/Middleware/SubstituteBindings.php(41): Illuminate\\Routing\\Pipeline->Illuminate\\Routing\\{closure}(Object(Illuminate\\Http\\Request))
#16 /home/a7med404/a7meD404/WD_WORK/WorkingFolder/work-on/school-system/vendor/laravel/framework/src/Illuminate/Pipeline/Pipeline.php(163): Illuminate\\Routing\\Middleware\\SubstituteBindings->handle(Object(Illuminate\\Http\\Request), Object(Closure))
#17 /home/a7med404/a7meD404/WD_WORK/WorkingFolder/work-on/school-system/vendor/laravel/framework/src/Illuminate/Routing/Pipeline.php(53): Illuminate\\Pipeline\\Pipeline->Illuminate\\Pipeline\\{closure}(Object(Illuminate\\Http\\Request))
#18 /home/a7med404/a7meD404/WD_WORK/WorkingFolder/work-on/school-system/vendor/laravel/framework/src/Illuminate/Foundation/Http/Middleware/VerifyCsrfToken.php(75): Illuminate\\Routing\\Pipeline->Illuminate\\Routing\\{closure}(Object(Illuminate\\Http\\Request))
#19 /home/a7med404/a7meD404/WD_WORK/WorkingFolder/work-on/school-system/vendor/laravel/framework/src/Illuminate/Pipeline/Pipeline.php(163): Illuminate\\Foundation\\Http\\Middleware\\VerifyCsrfToken->handle(Object(Illuminate\\Http\\Request), Object(Closure))
#20 /home/a7med404/a7meD404/WD_WORK/WorkingFolder/work-on/school-system/vendor/laravel/framework/src/Illuminate/Routing/Pipeline.php(53): Illuminate\\Pipeline\\Pipeline->Illuminate\\Pipeline\\{closure}(Object(Illuminate\\Http\\Request))
#21 /home/a7med404/a7meD404/WD_WORK/WorkingFolder/work-on/school-system/vendor/laravel/framework/src/Illuminate/View/Middleware/ShareErrorsFromSession.php(49): Illuminate\\Routing\\Pipeline->Illuminate\\Routing\\{closure}(Object(Illuminate\\Http\\Request))
#22 /home/a7med404/a7meD404/WD_WORK/WorkingFolder/work-on/school-system/vendor/laravel/framework/src/Illuminate/Pipeline/Pipeline.php(163): Illuminate\\View\\Middleware\\ShareErrorsFromSession->handle(Object(Illuminate\\Http\\Request), Object(Closure))
#23 /home/a7med404/a7meD404/WD_WORK/WorkingFolder/work-on/school-system/vendor/laravel/framework/src/Illuminate/Routing/Pipeline.php(53): Illuminate\\Pipeline\\Pipeline->Illuminate\\Pipeline\\{closure}(Object(Illuminate\\Http\\Request))
#24 /home/a7med404/a7meD404/WD_WORK/WorkingFolder/work-on/school-system/vendor/laravel/framework/src/Illuminate/Session/Middleware/StartSession.php(56): Illuminate\\Routing\\Pipeline->Illuminate\\Routing\\{closure}(Object(Illuminate\\Http\\Request))
#25 /home/a7med404/a7meD404/WD_WORK/WorkingFolder/work-on/school-system/vendor/laravel/framework/src/Illuminate/Pipeline/Pipeline.php(163): Illuminate\\Session\\Middleware\\StartSession->handle(Object(Illuminate\\Http\\Request), Object(Closure))
#26 /home/a7med404/a7meD404/WD_WORK/WorkingFolder/work-on/school-system/vendor/laravel/framework/src/Illuminate/Routing/Pipeline.php(53): Illuminate\\Pipeline\\Pipeline->Illuminate\\Pipeline\\{closure}(Object(Illuminate\\Http\\Request))
#27 /home/a7med404/a7meD404/WD_WORK/WorkingFolder/work-on/school-system/vendor/laravel/framework/src/Illuminate/Cookie/Middleware/AddQueuedCookiesToResponse.php(37): Illuminate\\Routing\\Pipeline->Illuminate\\Routing\\{closure}(Object(Illuminate\\Http\\Request))
#28 /home/a7med404/a7meD404/WD_WORK/WorkingFolder/work-on/school-system/vendor/laravel/framework/src/Illuminate/Pipeline/Pipeline.php(163): Illuminate\\Cookie\\Middleware\\AddQueuedCookiesToResponse->handle(Object(Illuminate\\Http\\Request), Object(Closure))
#29 /home/a7med404/a7meD404/WD_WORK/WorkingFolder/work-on/school-system/vendor/laravel/framework/src/Illuminate/Routing/Pipeline.php(53): Illuminate\\Pipeline\\Pipeline->Illuminate\\Pipeline\\{closure}(Object(Illuminate\\Http\\Request))
#30 /home/a7med404/a7meD404/WD_WORK/WorkingFolder/work-on/school-system/vendor/laravel/framework/src/Illuminate/Cookie/Middleware/EncryptCookies.php(66): Illuminate\\Routing\\Pipeline->Illuminate\\Routing\\{closure}(Object(Illuminate\\Http\\Request))
#31 /home/a7med404/a7meD404/WD_WORK/WorkingFolder/work-on/school-system/vendor/laravel/framework/src/Illuminate/Pipeline/Pipeline.php(163): Illuminate\\Cookie\\Middleware\\EncryptCookies->handle(Object(Illuminate\\Http\\Request), Object(Closure))
#32 /home/a7med404/a7meD404/WD_WORK/WorkingFolder/work-on/school-system/vendor/laravel/framework/src/Illuminate/Routing/Pipeline.php(53): Illuminate\\Pipeline\\Pipeline->Illuminate\\Pipeline\\{closure}(Object(Illuminate\\Http\\Request))
#33 /home/a7med404/a7meD404/WD_WORK/WorkingFolder/work-on/school-system/vendor/laravel/framework/src/Illuminate/Pipeline/Pipeline.php(104): Illuminate\\Routing\\Pipeline->Illuminate\\Routing\\{closure}(Object(Illuminate\\Http\\Request))
#34 /home/a7med404/a7meD404/WD_WORK/WorkingFolder/work-on/school-system/vendor/laravel/framework/src/Illuminate/Routing/Router.php(682): Illuminate\\Pipeline\\Pipeline->then(Object(Closure))
#35 /home/a7med404/a7meD404/WD_WORK/WorkingFolder/work-on/school-system/vendor/laravel/framework/src/Illuminate/Routing/Router.php(657): Illuminate\\Routing\\Router->runRouteWithinStack(Object(Illuminate\\Routing\\Route), Object(Illuminate\\Http\\Request))
#36 /home/a7med404/a7meD404/WD_WORK/WorkingFolder/work-on/school-system/vendor/laravel/framework/src/Illuminate/Routing/Router.php(623): Illuminate\\Routing\\Router->runRoute(Object(Illuminate\\Http\\Request), Object(Illuminate\\Routing\\Route))
#37 /home/a7med404/a7meD404/WD_WORK/WorkingFolder/work-on/school-system/vendor/laravel/framework/src/Illuminate/Routing/Router.php(612): Illuminate\\Routing\\Router->dispatchToRoute(Object(Illuminate\\Http\\Request))
#38 /home/a7med404/a7meD404/WD_WORK/WorkingFolder/work-on/school-system/vendor/laravel/framework/src/Illuminate/Foundation/Http/Kernel.php(176): Illuminate\\Routing\\Router->dispatch(Object(Illuminate\\Http\\Request))
#39 /home/a7med404/a7meD404/WD_WORK/WorkingFolder/work-on/school-system/vendor/laravel/framework/src/Illuminate/Routing/Pipeline.php(30): Illuminate\\Foundation\\Http\\Kernel->Illuminate\\Foundation\\Http\\{closure}(Object(Illuminate\\Http\\Request))
#40 /home/a7med404/a7meD404/WD_WORK/WorkingFolder/work-on/school-system/vendor/barryvdh/laravel-debugbar/src/Middleware/InjectDebugbar.php(65): Illuminate\\Routing\\Pipeline->Illuminate\\Routing\\{closure}(Object(Illuminate\\Http\\Request))
#41 /home/a7med404/a7meD404/WD_WORK/WorkingFolder/work-on/school-system/vendor/laravel/framework/src/Illuminate/Pipeline/Pipeline.php(163): Barryvdh\\Debugbar\\Middleware\\InjectDebugbar->handle(Object(Illuminate\\Http\\Request), Object(Closure))
#42 /home/a7med404/a7meD404/WD_WORK/WorkingFolder/work-on/school-system/vendor/laravel/framework/src/Illuminate/Routing/Pipeline.php(53): Illuminate\\Pipeline\\Pipeline->Illuminate\\Pipeline\\{closure}(Object(Illuminate\\Http\\Request))
#43 /home/a7med404/a7meD404/WD_WORK/WorkingFolder/work-on/school-system/vendor/fideloper/proxy/src/TrustProxies.php(57): Illuminate\\Routing\\Pipeline->Illuminate\\Routing\\{closure}(Object(Illuminate\\Http\\Request))
#44 /home/a7med404/a7meD404/WD_WORK/WorkingFolder/work-on/school-system/vendor/laravel/framework/src/Illuminate/Pipeline/Pipeline.php(163): Fideloper\\Proxy\\TrustProxies->handle(Object(Illuminate\\Http\\Request), Object(Closure))
#45 /home/a7med404/a7meD404/WD_WORK/WorkingFolder/work-on/school-system/vendor/laravel/framework/src/Illuminate/Routing/Pipeline.php(53): Illuminate\\Pipeline\\Pipeline->Illuminate\\Pipeline\\{closure}(Object(Illuminate\\Http\\Request))
#46 /home/a7med404/a7meD404/WD_WORK/WorkingFolder/work-on/school-system/vendor/laravel/framework/src/Illuminate/Foundation/Http/Middleware/TransformsRequest.php(21): Illuminate\\Routing\\Pipeline->Illuminate\\Routing\\{closure}(Object(Illuminate\\Http\\Request))
#47 /home/a7med404/a7meD404/WD_WORK/WorkingFolder/work-on/school-system/vendor/laravel/framework/src/Illuminate/Pipeline/Pipeline.php(163): Illuminate\\Foundation\\Http\\Middleware\\TransformsRequest->handle(Object(Illuminate\\Http\\Request), Object(Closure))
#48 /home/a7med404/a7meD404/WD_WORK/WorkingFolder/work-on/school-system/vendor/laravel/framework/src/Illuminate/Routing/Pipeline.php(53): Illuminate\\Pipeline\\Pipeline->Illuminate\\Pipeline\\{closure}(Object(Illuminate\\Http\\Request))
#49 /home/a7med404/a7meD404/WD_WORK/WorkingFolder/work-on/school-system/vendor/laravel/framework/src/Illuminate/Foundation/Http/Middleware/TransformsRequest.php(21): Illuminate\\Routing\\Pipeline->Illuminate\\Routing\\{closure}(Object(Illuminate\\Http\\Request))
#50 /home/a7med404/a7meD404/WD_WORK/WorkingFolder/work-on/school-system/vendor/laravel/framework/src/Illuminate/Pipeline/Pipeline.php(163): Illuminate\\Foundation\\Http\\Middleware\\TransformsRequest->handle(Object(Illuminate\\Http\\Request), Object(Closure))
#51 /home/a7med404/a7meD404/WD_WORK/WorkingFolder/work-on/school-system/vendor/laravel/framework/src/Illuminate/Routing/Pipeline.php(53): Illuminate\\Pipeline\\Pipeline->Illuminate\\Pipeline\\{closure}(Object(Illuminate\\Http\\Request))
#52 /home/a7med404/a7meD404/WD_WORK/WorkingFolder/work-on/school-system/vendor/laravel/framework/src/Illuminate/Foundation/Http/Middleware/ValidatePostSize.php(27): Illuminate\\Routing\\Pipeline->Illuminate\\Routing\\{closure}(Object(Illuminate\\Http\\Request))
#53 /home/a7med404/a7meD404/WD_WORK/WorkingFolder/work-on/school-system/vendor/laravel/framework/src/Illuminate/Pipeline/Pipeline.php(163): Illuminate\\Foundation\\Http\\Middleware\\ValidatePostSize->handle(Object(Illuminate\\Http\\Request), Object(Closure))
#54 /home/a7med404/a7meD404/WD_WORK/WorkingFolder/work-on/school-system/vendor/laravel/framework/src/Illuminate/Routing/Pipeline.php(53): Illuminate\\Pipeline\\Pipeline->Illuminate\\Pipeline\\{closure}(Object(Illuminate\\Http\\Request))
#55 /home/a7med404/a7meD404/WD_WORK/WorkingFolder/work-on/school-system/vendor/laravel/framework/src/Illuminate/Foundation/Http/Middleware/CheckForMaintenanceMode.php(62): Illuminate\\Routing\\Pipeline->Illuminate\\Routing\\{closure}(Object(Illuminate\\Http\\Request))
#56 /home/a7med404/a7meD404/WD_WORK/WorkingFolder/work-on/school-system/vendor/laravel/framework/src/Illuminate/Pipeline/Pipeline.php(163): Illuminate\\Foundation\\Http\\Middleware\\CheckForMaintenanceMode->handle(Object(Illuminate\\Http\\Request), Object(Closure))
#57 /home/a7med404/a7meD404/WD_WORK/WorkingFolder/work-on/school-system/vendor/laravel/framework/src/Illuminate/Routing/Pipeline.php(53): Illuminate\\Pipeline\\Pipeline->Illuminate\\Pipeline\\{closure}(Object(Illuminate\\Http\\Request))
#58 /home/a7med404/a7meD404/WD_WORK/WorkingFolder/work-on/school-system/vendor/laravel/framework/src/Illuminate/Pipeline/Pipeline.php(104): Illuminate\\Routing\\Pipeline->Illuminate\\Routing\\{closure}(Object(Illuminate\\Http\\Request))
#59 /home/a7med404/a7meD404/WD_WORK/WorkingFolder/work-on/school-system/vendor/laravel/framework/src/Illuminate/Foundation/Http/Kernel.php(151): Illuminate\\Pipeline\\Pipeline->then(Object(Closure))
#60 /home/a7med404/a7meD404/WD_WORK/WorkingFolder/work-on/school-system/vendor/laravel/framework/src/Illuminate/Foundation/Http/Kernel.php(116): Illuminate\\Foundation\\Http\\Kernel->sendRequestThroughRouter(Object(Illuminate\\Http\\Request))
#61 /home/a7med404/a7meD404/WD_WORK/WorkingFolder/work-on/school-system/public/index.php(55): Illuminate\\Foundation\\Http\\Kernel->handle(Object(Illuminate\\Http\\Request))
#62 /home/a7med404/a7meD404/WD_WORK/WorkingFolder/work-on/school-system/server.php(21): require_once('/home/a7med404/...')
#63 {main}
"} 
[2019-05-29 00:57:27] local.ERROR: Undefined variable: levels (View: /home/a7med404/a7meD404/WD_WORK/WorkingFolder/work-on/school-system/Modules/Student/Resources/views/print/tests/print.blade.php) {"exception":"[object] (ErrorException(code: 0): Undefined variable: levels (View: /home/a7med404/a7meD404/WD_WORK/WorkingFolder/work-on/school-system/Modules/Student/Resources/views/print/tests/print.blade.php) at /home/a7med404/a7meD404/WD_WORK/WorkingFolder/work-on/school-system/storage/framework/views/639d0d7d70697ef01ff518a452d234123bbfd1da.php:42, ErrorException(code: 0): Undefined variable: levels at /home/a7med404/a7meD404/WD_WORK/WorkingFolder/work-on/school-system/storage/framework/views/639d0d7d70697ef01ff518a452d234123bbfd1da.php:42)
[stacktrace]
#0 /home/a7med404/a7meD404/WD_WORK/WorkingFolder/work-on/school-system/vendor/laravel/framework/src/Illuminate/View/Engines/PhpEngine.php(45): Illuminate\\View\\Engines\\CompilerEngine->handleViewException(Object(ErrorException), 1)
#1 /home/a7med404/a7meD404/WD_WORK/WorkingFolder/work-on/school-system/vendor/laravel/framework/src/Illuminate/View/Engines/CompilerEngine.php(59): Illuminate\\View\\Engines\\PhpEngine->evaluatePath('/home/a7med404/...', Array)
#2 /home/a7med404/a7meD404/WD_WORK/WorkingFolder/work-on/school-system/vendor/laravel/framework/src/Illuminate/View/View.php(142): Illuminate\\View\\Engines\\CompilerEngine->get('/home/a7med404/...', Array)
#3 /home/a7med404/a7meD404/WD_WORK/WorkingFolder/work-on/school-system/vendor/laravel/framework/src/Illuminate/View/View.php(125): Illuminate\\View\\View->getContents()
#4 /home/a7med404/a7meD404/WD_WORK/WorkingFolder/work-on/school-system/vendor/laravel/framework/src/Illuminate/View/View.php(90): Illuminate\\View\\View->renderContents()
#5 /home/a7med404/a7meD404/WD_WORK/WorkingFolder/work-on/school-system/vendor/barryvdh/laravel-dompdf/src/PDF.php(123): Illuminate\\View\\View->render()
#6 /home/a7med404/a7meD404/WD_WORK/WorkingFolder/work-on/school-system/vendor/barryvdh/laravel-dompdf/src/Facade.php(31): Barryvdh\\DomPDF\\PDF->loadView('student::print....', Array)
#7 /home/a7med404/a7meD404/WD_WORK/WorkingFolder/work-on/school-system/Modules/Student/Http/Controllers/PrintController.php(50): Barryvdh\\DomPDF\\Facade::__callStatic('loadView', Array)
#8 [internal function]: Modules\\Student\\Http\\Controllers\\PrintController->printPDF()
#9 /home/a7med404/a7meD404/WD_WORK/WorkingFolder/work-on/school-system/vendor/laravel/framework/src/Illuminate/Routing/Controller.php(54): call_user_func_array(Array, Array)
#10 /home/a7med404/a7meD404/WD_WORK/WorkingFolder/work-on/school-system/vendor/laravel/framework/src/Illuminate/Routing/ControllerDispatcher.php(45): Illuminate\\Routing\\Controller->callAction('printPDF', Array)
#11 /home/a7med404/a7meD404/WD_WORK/WorkingFolder/work-on/school-system/vendor/laravel/framework/src/Illuminate/Routing/Route.php(219): Illuminate\\Routing\\ControllerDispatcher->dispatch(Object(Illuminate\\Routing\\Route), Object(Modules\\Student\\Http\\Controllers\\PrintController), 'printPDF')
#12 /home/a7med404/a7meD404/WD_WORK/WorkingFolder/work-on/school-system/vendor/laravel/framework/src/Illuminate/Routing/Route.php(176): Illuminate\\Routing\\Route->runController()
#13 /home/a7med404/a7meD404/WD_WORK/WorkingFolder/work-on/school-system/vendor/laravel/framework/src/Illuminate/Routing/Router.php(680): Illuminate\\Routing\\Route->run()
#14 /home/a7med404/a7meD404/WD_WORK/WorkingFolder/work-on/school-system/vendor/laravel/framework/src/Illuminate/Routing/Pipeline.php(30): Illuminate\\Routing\\Router->Illuminate\\Routing\\{closure}(Object(Illuminate\\Http\\Request))
#15 /home/a7med404/a7meD404/WD_WORK/WorkingFolder/work-on/school-system/vendor/laravel/framework/src/Illuminate/Routing/Middleware/SubstituteBindings.php(41): Illuminate\\Routing\\Pipeline->Illuminate\\Routing\\{closure}(Object(Illuminate\\Http\\Request))
#16 /home/a7med404/a7meD404/WD_WORK/WorkingFolder/work-on/school-system/vendor/laravel/framework/src/Illuminate/Pipeline/Pipeline.php(163): Illuminate\\Routing\\Middleware\\SubstituteBindings->handle(Object(Illuminate\\Http\\Request), Object(Closure))
#17 /home/a7med404/a7meD404/WD_WORK/WorkingFolder/work-on/school-system/vendor/laravel/framework/src/Illuminate/Routing/Pipeline.php(53): Illuminate\\Pipeline\\Pipeline->Illuminate\\Pipeline\\{closure}(Object(Illuminate\\Http\\Request))
#18 /home/a7med404/a7meD404/WD_WORK/WorkingFolder/work-on/school-system/vendor/laravel/framework/src/Illuminate/Foundation/Http/Middleware/VerifyCsrfToken.php(75): Illuminate\\Routing\\Pipeline->Illuminate\\Routing\\{closure}(Object(Illuminate\\Http\\Request))
#19 /home/a7med404/a7meD404/WD_WORK/WorkingFolder/work-on/school-system/vendor/laravel/framework/src/Illuminate/Pipeline/Pipeline.php(163): Illuminate\\Foundation\\Http\\Middleware\\VerifyCsrfToken->handle(Object(Illuminate\\Http\\Request), Object(Closure))
#20 /home/a7med404/a7meD404/WD_WORK/WorkingFolder/work-on/school-system/vendor/laravel/framework/src/Illuminate/Routing/Pipeline.php(53): Illuminate\\Pipeline\\Pipeline->Illuminate\\Pipeline\\{closure}(Object(Illuminate\\Http\\Request))
#21 /home/a7med404/a7meD404/WD_WORK/WorkingFolder/work-on/school-system/vendor/laravel/framework/src/Illuminate/View/Middleware/ShareErrorsFromSession.php(49): Illuminate\\Routing\\Pipeline->Illuminate\\Routing\\{closure}(Object(Illuminate\\Http\\Request))
#22 /home/a7med404/a7meD404/WD_WORK/WorkingFolder/work-on/school-system/vendor/laravel/framework/src/Illuminate/Pipeline/Pipeline.php(163): Illuminate\\View\\Middleware\\ShareErrorsFromSession->handle(Object(Illuminate\\Http\\Request), Object(Closure))
#23 /home/a7med404/a7meD404/WD_WORK/WorkingFolder/work-on/school-system/vendor/laravel/framework/src/Illuminate/Routing/Pipeline.php(53): Illuminate\\Pipeline\\Pipeline->Illuminate\\Pipeline\\{closure}(Object(Illuminate\\Http\\Request))
#24 /home/a7med404/a7meD404/WD_WORK/WorkingFolder/work-on/school-system/vendor/laravel/framework/src/Illuminate/Session/Middleware/StartSession.php(56): Illuminate\\Routing\\Pipeline->Illuminate\\Routing\\{closure}(Object(Illuminate\\Http\\Request))
#25 /home/a7med404/a7meD404/WD_WORK/WorkingFolder/work-on/school-system/vendor/laravel/framework/src/Illuminate/Pipeline/Pipeline.php(163): Illuminate\\Session\\Middleware\\StartSession->handle(Object(Illuminate\\Http\\Request), Object(Closure))
#26 /home/a7med404/a7meD404/WD_WORK/WorkingFolder/work-on/school-system/vendor/laravel/framework/src/Illuminate/Routing/Pipeline.php(53): Illuminate\\Pipeline\\Pipeline->Illuminate\\Pipeline\\{closure}(Object(Illuminate\\Http\\Request))
#27 /home/a7med404/a7meD404/WD_WORK/WorkingFolder/work-on/school-system/vendor/laravel/framework/src/Illuminate/Cookie/Middleware/AddQueuedCookiesToResponse.php(37): Illuminate\\Routing\\Pipeline->Illuminate\\Routing\\{closure}(Object(Illuminate\\Http\\Request))
#28 /home/a7med404/a7meD404/WD_WORK/WorkingFolder/work-on/school-system/vendor/laravel/framework/src/Illuminate/Pipeline/Pipeline.php(163): Illuminate\\Cookie\\Middleware\\AddQueuedCookiesToResponse->handle(Object(Illuminate\\Http\\Request), Object(Closure))
#29 /home/a7med404/a7meD404/WD_WORK/WorkingFolder/work-on/school-system/vendor/laravel/framework/src/Illuminate/Routing/Pipeline.php(53): Illuminate\\Pipeline\\Pipeline->Illuminate\\Pipeline\\{closure}(Object(Illuminate\\Http\\Request))
#30 /home/a7med404/a7meD404/WD_WORK/WorkingFolder/work-on/school-system/vendor/laravel/framework/src/Illuminate/Cookie/Middleware/EncryptCookies.php(66): Illuminate\\Routing\\Pipeline->Illuminate\\Routing\\{closure}(Object(Illuminate\\Http\\Request))
#31 /home/a7med404/a7meD404/WD_WORK/WorkingFolder/work-on/school-system/vendor/laravel/framework/src/Illuminate/Pipeline/Pipeline.php(163): Illuminate\\Cookie\\Middleware\\EncryptCookies->handle(Object(Illuminate\\Http\\Request), Object(Closure))
#32 /home/a7med404/a7meD404/WD_WORK/WorkingFolder/work-on/school-system/vendor/laravel/framework/src/Illuminate/Routing/Pipeline.php(53): Illuminate\\Pipeline\\Pipeline->Illuminate\\Pipeline\\{closure}(Object(Illuminate\\Http\\Request))
#33 /home/a7med404/a7meD404/WD_WORK/WorkingFolder/work-on/school-system/vendor/laravel/framework/src/Illuminate/Pipeline/Pipeline.php(104): Illuminate\\Routing\\Pipeline->Illuminate\\Routing\\{closure}(Object(Illuminate\\Http\\Request))
#34 /home/a7med404/a7meD404/WD_WORK/WorkingFolder/work-on/school-system/vendor/laravel/framework/src/Illuminate/Routing/Router.php(682): Illuminate\\Pipeline\\Pipeline->then(Object(Closure))
#35 /home/a7med404/a7meD404/WD_WORK/WorkingFolder/work-on/school-system/vendor/laravel/framework/src/Illuminate/Routing/Router.php(657): Illuminate\\Routing\\Router->runRouteWithinStack(Object(Illuminate\\Routing\\Route), Object(Illuminate\\Http\\Request))
#36 /home/a7med404/a7meD404/WD_WORK/WorkingFolder/work-on/school-system/vendor/laravel/framework/src/Illuminate/Routing/Router.php(623): Illuminate\\Routing\\Router->runRoute(Object(Illuminate\\Http\\Request), Object(Illuminate\\Routing\\Route))
#37 /home/a7med404/a7meD404/WD_WORK/WorkingFolder/work-on/school-system/vendor/laravel/framework/src/Illuminate/Routing/Router.php(612): Illuminate\\Routing\\Router->dispatchToRoute(Object(Illuminate\\Http\\Request))
#38 /home/a7med404/a7meD404/WD_WORK/WorkingFolder/work-on/school-system/vendor/laravel/framework/src/Illuminate/Foundation/Http/Kernel.php(176): Illuminate\\Routing\\Router->dispatch(Object(Illuminate\\Http\\Request))
#39 /home/a7med404/a7meD404/WD_WORK/WorkingFolder/work-on/school-system/vendor/laravel/framework/src/Illuminate/Routing/Pipeline.php(30): Illuminate\\Foundation\\Http\\Kernel->Illuminate\\Foundation\\Http\\{closure}(Object(Illuminate\\Http\\Request))
#40 /home/a7med404/a7meD404/WD_WORK/WorkingFolder/work-on/school-system/vendor/barryvdh/laravel-debugbar/src/Middleware/InjectDebugbar.php(65): Illuminate\\Routing\\Pipeline->Illuminate\\Routing\\{closure}(Object(Illuminate\\Http\\Request))
#41 /home/a7med404/a7meD404/WD_WORK/WorkingFolder/work-on/school-system/vendor/laravel/framework/src/Illuminate/Pipeline/Pipeline.php(163): Barryvdh\\Debugbar\\Middleware\\InjectDebugbar->handle(Object(Illuminate\\Http\\Request), Object(Closure))
#42 /home/a7med404/a7meD404/WD_WORK/WorkingFolder/work-on/school-system/vendor/laravel/framework/src/Illuminate/Routing/Pipeline.php(53): Illuminate\\Pipeline\\Pipeline->Illuminate\\Pipeline\\{closure}(Object(Illuminate\\Http\\Request))
#43 /home/a7med404/a7meD404/WD_WORK/WorkingFolder/work-on/school-system/vendor/fideloper/proxy/src/TrustProxies.php(57): Illuminate\\Routing\\Pipeline->Illuminate\\Routing\\{closure}(Object(Illuminate\\Http\\Request))
#44 /home/a7med404/a7meD404/WD_WORK/WorkingFolder/work-on/school-system/vendor/laravel/framework/src/Illuminate/Pipeline/Pipeline.php(163): Fideloper\\Proxy\\TrustProxies->handle(Object(Illuminate\\Http\\Request), Object(Closure))
#45 /home/a7med404/a7meD404/WD_WORK/WorkingFolder/work-on/school-system/vendor/laravel/framework/src/Illuminate/Routing/Pipeline.php(53): Illuminate\\Pipeline\\Pipeline->Illuminate\\Pipeline\\{closure}(Object(Illuminate\\Http\\Request))
#46 /home/a7med404/a7meD404/WD_WORK/WorkingFolder/work-on/school-system/vendor/laravel/framework/src/Illuminate/Foundation/Http/Middleware/TransformsRequest.php(21): Illuminate\\Routing\\Pipeline->Illuminate\\Routing\\{closure}(Object(Illuminate\\Http\\Request))
#47 /home/a7med404/a7meD404/WD_WORK/WorkingFolder/work-on/school-system/vendor/laravel/framework/src/Illuminate/Pipeline/Pipeline.php(163): Illuminate\\Foundation\\Http\\Middleware\\TransformsRequest->handle(Object(Illuminate\\Http\\Request), Object(Closure))
#48 /home/a7med404/a7meD404/WD_WORK/WorkingFolder/work-on/school-system/vendor/laravel/framework/src/Illuminate/Routing/Pipeline.php(53): Illuminate\\Pipeline\\Pipeline->Illuminate\\Pipeline\\{closure}(Object(Illuminate\\Http\\Request))
#49 /home/a7med404/a7meD404/WD_WORK/WorkingFolder/work-on/school-system/vendor/laravel/framework/src/Illuminate/Foundation/Http/Middleware/TransformsRequest.php(21): Illuminate\\Routing\\Pipeline->Illuminate\\Routing\\{closure}(Object(Illuminate\\Http\\Request))
#50 /home/a7med404/a7meD404/WD_WORK/WorkingFolder/work-on/school-system/vendor/laravel/framework/src/Illuminate/Pipeline/Pipeline.php(163): Illuminate\\Foundation\\Http\\Middleware\\TransformsRequest->handle(Object(Illuminate\\Http\\Request), Object(Closure))
#51 /home/a7med404/a7meD404/WD_WORK/WorkingFolder/work-on/school-system/vendor/laravel/framework/src/Illuminate/Routing/Pipeline.php(53): Illuminate\\Pipeline\\Pipeline->Illuminate\\Pipeline\\{closure}(Object(Illuminate\\Http\\Request))
#52 /home/a7med404/a7meD404/WD_WORK/WorkingFolder/work-on/school-system/vendor/laravel/framework/src/Illuminate/Foundation/Http/Middleware/ValidatePostSize.php(27): Illuminate\\Routing\\Pipeline->Illuminate\\Routing\\{closure}(Object(Illuminate\\Http\\Request))
#53 /home/a7med404/a7meD404/WD_WORK/WorkingFolder/work-on/school-system/vendor/laravel/framework/src/Illuminate/Pipeline/Pipeline.php(163): Illuminate\\Foundation\\Http\\Middleware\\ValidatePostSize->handle(Object(Illuminate\\Http\\Request), Object(Closure))
#54 /home/a7med404/a7meD404/WD_WORK/WorkingFolder/work-on/school-system/vendor/laravel/framework/src/Illuminate/Routing/Pipeline.php(53): Illuminate\\Pipeline\\Pipeline->Illuminate\\Pipeline\\{closure}(Object(Illuminate\\Http\\Request))
#55 /home/a7med404/a7meD404/WD_WORK/WorkingFolder/work-on/school-system/vendor/laravel/framework/src/Illuminate/Foundation/Http/Middleware/CheckForMaintenanceMode.php(62): Illuminate\\Routing\\Pipeline->Illuminate\\Routing\\{closure}(Object(Illuminate\\Http\\Request))
#56 /home/a7med404/a7meD404/WD_WORK/WorkingFolder/work-on/school-system/vendor/laravel/framework/src/Illuminate/Pipeline/Pipeline.php(163): Illuminate\\Foundation\\Http\\Middleware\\CheckForMaintenanceMode->handle(Object(Illuminate\\Http\\Request), Object(Closure))
#57 /home/a7med404/a7meD404/WD_WORK/WorkingFolder/work-on/school-system/vendor/laravel/framework/src/Illuminate/Routing/Pipeline.php(53): Illuminate\\Pipeline\\Pipeline->Illuminate\\Pipeline\\{closure}(Object(Illuminate\\Http\\Request))
#58 /home/a7med404/a7meD404/WD_WORK/WorkingFolder/work-on/school-system/vendor/laravel/framework/src/Illuminate/Pipeline/Pipeline.php(104): Illuminate\\Routing\\Pipeline->Illuminate\\Routing\\{closure}(Object(Illuminate\\Http\\Request))
#59 /home/a7med404/a7meD404/WD_WORK/WorkingFolder/work-on/school-system/vendor/laravel/framework/src/Illuminate/Foundation/Http/Kernel.php(151): Illuminate\\Pipeline\\Pipeline->then(Object(Closure))
#60 /home/a7med404/a7meD404/WD_WORK/WorkingFolder/work-on/school-system/vendor/laravel/framework/src/Illuminate/Foundation/Http/Kernel.php(116): Illuminate\\Foundation\\Http\\Kernel->sendRequestThroughRouter(Object(Illuminate\\Http\\Request))
#61 /home/a7med404/a7meD404/WD_WORK/WorkingFolder/work-on/school-system/public/index.php(55): Illuminate\\Foundation\\Http\\Kernel->handle(Object(Illuminate\\Http\\Request))
#62 /home/a7med404/a7meD404/WD_WORK/WorkingFolder/work-on/school-system/server.php(21): require_once('/home/a7med404/...')
#63 {main}
"} 
[2019-05-29 01:18:09] local.ERROR: The Response content must be a string or object implementing __toString(), "object" given. {"exception":"[object] (UnexpectedValueException(code: 0): The Response content must be a string or object implementing __toString(), \"object\" given. at /home/a7med404/a7meD404/WD_WORK/WorkingFolder/work-on/school-system/vendor/symfony/http-foundation/Response.php:401)
[stacktrace]
#0 /home/a7med404/a7meD404/WD_WORK/WorkingFolder/work-on/school-system/vendor/laravel/framework/src/Illuminate/Http/Response.php(45): Symfony\\Component\\HttpFoundation\\Response->setContent(Object(Barryvdh\\DomPDF\\PDF))
#1 /home/a7med404/a7meD404/WD_WORK/WorkingFolder/work-on/school-system/vendor/symfony/http-foundation/Response.php(202): Illuminate\\Http\\Response->setContent(Object(Barryvdh\\DomPDF\\PDF))
#2 /home/a7med404/a7meD404/WD_WORK/WorkingFolder/work-on/school-system/vendor/laravel/framework/src/Illuminate/Routing/Router.php(748): Symfony\\Component\\HttpFoundation\\Response->__construct(Object(Barryvdh\\DomPDF\\PDF))
#3 /home/a7med404/a7meD404/WD_WORK/WorkingFolder/work-on/school-system/vendor/laravel/framework/src/Illuminate/Routing/Router.php(720): Illuminate\\Routing\\Router::toResponse(Object(Illuminate\\Http\\Request), Object(Barryvdh\\DomPDF\\PDF))
#4 /home/a7med404/a7meD404/WD_WORK/WorkingFolder/work-on/school-system/vendor/laravel/framework/src/Illuminate/Routing/Router.php(680): Illuminate\\Routing\\Router->prepareResponse(Object(Illuminate\\Http\\Request), Object(Barryvdh\\DomPDF\\PDF))
#5 /home/a7med404/a7meD404/WD_WORK/WorkingFolder/work-on/school-system/vendor/laravel/framework/src/Illuminate/Routing/Pipeline.php(30): Illuminate\\Routing\\Router->Illuminate\\Routing\\{closure}(Object(Illuminate\\Http\\Request))
#6 /home/a7med404/a7meD404/WD_WORK/WorkingFolder/work-on/school-system/vendor/laravel/framework/src/Illuminate/Routing/Middleware/SubstituteBindings.php(41): Illuminate\\Routing\\Pipeline->Illuminate\\Routing\\{closure}(Object(Illuminate\\Http\\Request))
#7 /home/a7med404/a7meD404/WD_WORK/WorkingFolder/work-on/school-system/vendor/laravel/framework/src/Illuminate/Pipeline/Pipeline.php(163): Illuminate\\Routing\\Middleware\\SubstituteBindings->handle(Object(Illuminate\\Http\\Request), Object(Closure))
#8 /home/a7med404/a7meD404/WD_WORK/WorkingFolder/work-on/school-system/vendor/laravel/framework/src/Illuminate/Routing/Pipeline.php(53): Illuminate\\Pipeline\\Pipeline->Illuminate\\Pipeline\\{closure}(Object(Illuminate\\Http\\Request))
#9 /home/a7med404/a7meD404/WD_WORK/WorkingFolder/work-on/school-system/vendor/laravel/framework/src/Illuminate/Foundation/Http/Middleware/VerifyCsrfToken.php(75): Illuminate\\Routing\\Pipeline->Illuminate\\Routing\\{closure}(Object(Illuminate\\Http\\Request))
#10 /home/a7med404/a7meD404/WD_WORK/WorkingFolder/work-on/school-system/vendor/laravel/framework/src/Illuminate/Pipeline/Pipeline.php(163): Illuminate\\Foundation\\Http\\Middleware\\VerifyCsrfToken->handle(Object(Illuminate\\Http\\Request), Object(Closure))
#11 /home/a7med404/a7meD404/WD_WORK/WorkingFolder/work-on/school-system/vendor/laravel/framework/src/Illuminate/Routing/Pipeline.php(53): Illuminate\\Pipeline\\Pipeline->Illuminate\\Pipeline\\{closure}(Object(Illuminate\\Http\\Request))
#12 /home/a7med404/a7meD404/WD_WORK/WorkingFolder/work-on/school-system/vendor/laravel/framework/src/Illuminate/View/Middleware/ShareErrorsFromSession.php(49): Illuminate\\Routing\\Pipeline->Illuminate\\Routing\\{closure}(Object(Illuminate\\Http\\Request))
#13 /home/a7med404/a7meD404/WD_WORK/WorkingFolder/work-on/school-system/vendor/laravel/framework/src/Illuminate/Pipeline/Pipeline.php(163): Illuminate\\View\\Middleware\\ShareErrorsFromSession->handle(Object(Illuminate\\Http\\Request), Object(Closure))
#14 /home/a7med404/a7meD404/WD_WORK/WorkingFolder/work-on/school-system/vendor/laravel/framework/src/Illuminate/Routing/Pipeline.php(53): Illuminate\\Pipeline\\Pipeline->Illuminate\\Pipeline\\{closure}(Object(Illuminate\\Http\\Request))
#15 /home/a7med404/a7meD404/WD_WORK/WorkingFolder/work-on/school-system/vendor/laravel/framework/src/Illuminate/Session/Middleware/StartSession.php(56): Illuminate\\Routing\\Pipeline->Illuminate\\Routing\\{closure}(Object(Illuminate\\Http\\Request))
#16 /home/a7med404/a7meD404/WD_WORK/WorkingFolder/work-on/school-system/vendor/laravel/framework/src/Illuminate/Pipeline/Pipeline.php(163): Illuminate\\Session\\Middleware\\StartSession->handle(Object(Illuminate\\Http\\Request), Object(Closure))
#17 /home/a7med404/a7meD404/WD_WORK/WorkingFolder/work-on/school-system/vendor/laravel/framework/src/Illuminate/Routing/Pipeline.php(53): Illuminate\\Pipeline\\Pipeline->Illuminate\\Pipeline\\{closure}(Object(Illuminate\\Http\\Request))
#18 /home/a7med404/a7meD404/WD_WORK/WorkingFolder/work-on/school-system/vendor/laravel/framework/src/Illuminate/Cookie/Middleware/AddQueuedCookiesToResponse.php(37): Illuminate\\Routing\\Pipeline->Illuminate\\Routing\\{closure}(Object(Illuminate\\Http\\Request))
#19 /home/a7med404/a7meD404/WD_WORK/WorkingFolder/work-on/school-system/vendor/laravel/framework/src/Illuminate/Pipeline/Pipeline.php(163): Illuminate\\Cookie\\Middleware\\AddQueuedCookiesToResponse->handle(Object(Illuminate\\Http\\Request), Object(Closure))
#20 /home/a7med404/a7meD404/WD_WORK/WorkingFolder/work-on/school-system/vendor/laravel/framework/src/Illuminate/Routing/Pipeline.php(53): Illuminate\\Pipeline\\Pipeline->Illuminate\\Pipeline\\{closure}(Object(Illuminate\\Http\\Request))
#21 /home/a7med404/a7meD404/WD_WORK/WorkingFolder/work-on/school-system/vendor/laravel/framework/src/Illuminate/Cookie/Middleware/EncryptCookies.php(66): Illuminate\\Routing\\Pipeline->Illuminate\\Routing\\{closure}(Object(Illuminate\\Http\\Request))
#22 /home/a7med404/a7meD404/WD_WORK/WorkingFolder/work-on/school-system/vendor/laravel/framework/src/Illuminate/Pipeline/Pipeline.php(163): Illuminate\\Cookie\\Middleware\\EncryptCookies->handle(Object(Illuminate\\Http\\Request), Object(Closure))
#23 /home/a7med404/a7meD404/WD_WORK/WorkingFolder/work-on/school-system/vendor/laravel/framework/src/Illuminate/Routing/Pipeline.php(53): Illuminate\\Pipeline\\Pipeline->Illuminate\\Pipeline\\{closure}(Object(Illuminate\\Http\\Request))
#24 /home/a7med404/a7meD404/WD_WORK/WorkingFolder/work-on/school-system/vendor/laravel/framework/src/Illuminate/Pipeline/Pipeline.php(104): Illuminate\\Routing\\Pipeline->Illuminate\\Routing\\{closure}(Object(Illuminate\\Http\\Request))
#25 /home/a7med404/a7meD404/WD_WORK/WorkingFolder/work-on/school-system/vendor/laravel/framework/src/Illuminate/Routing/Router.php(682): Illuminate\\Pipeline\\Pipeline->then(Object(Closure))
#26 /home/a7med404/a7meD404/WD_WORK/WorkingFolder/work-on/school-system/vendor/laravel/framework/src/Illuminate/Routing/Router.php(657): Illuminate\\Routing\\Router->runRouteWithinStack(Object(Illuminate\\Routing\\Route), Object(Illuminate\\Http\\Request))
#27 /home/a7med404/a7meD404/WD_WORK/WorkingFolder/work-on/school-system/vendor/laravel/framework/src/Illuminate/Routing/Router.php(623): Illuminate\\Routing\\Router->runRoute(Object(Illuminate\\Http\\Request), Object(Illuminate\\Routing\\Route))
#28 /home/a7med404/a7meD404/WD_WORK/WorkingFolder/work-on/school-system/vendor/laravel/framework/src/Illuminate/Routing/Router.php(612): Illuminate\\Routing\\Router->dispatchToRoute(Object(Illuminate\\Http\\Request))
#29 /home/a7med404/a7meD404/WD_WORK/WorkingFolder/work-on/school-system/vendor/laravel/framework/src/Illuminate/Foundation/Http/Kernel.php(176): Illuminate\\Routing\\Router->dispatch(Object(Illuminate\\Http\\Request))
#30 /home/a7med404/a7meD404/WD_WORK/WorkingFolder/work-on/school-system/vendor/laravel/framework/src/Illuminate/Routing/Pipeline.php(30): Illuminate\\Foundation\\Http\\Kernel->Illuminate\\Foundation\\Http\\{closure}(Object(Illuminate\\Http\\Request))
#31 /home/a7med404/a7meD404/WD_WORK/WorkingFolder/work-on/school-system/vendor/barryvdh/laravel-debugbar/src/Middleware/InjectDebugbar.php(65): Illuminate\\Routing\\Pipeline->Illuminate\\Routing\\{closure}(Object(Illuminate\\Http\\Request))
#32 /home/a7med404/a7meD404/WD_WORK/WorkingFolder/work-on/school-system/vendor/laravel/framework/src/Illuminate/Pipeline/Pipeline.php(163): Barryvdh\\Debugbar\\Middleware\\InjectDebugbar->handle(Object(Illuminate\\Http\\Request), Object(Closure))
#33 /home/a7med404/a7meD404/WD_WORK/WorkingFolder/work-on/school-system/vendor/laravel/framework/src/Illuminate/Routing/Pipeline.php(53): Illuminate\\Pipeline\\Pipeline->Illuminate\\Pipeline\\{closure}(Object(Illuminate\\Http\\Request))
#34 /home/a7med404/a7meD404/WD_WORK/WorkingFolder/work-on/school-system/vendor/fideloper/proxy/src/TrustProxies.php(57): Illuminate\\Routing\\Pipeline->Illuminate\\Routing\\{closure}(Object(Illuminate\\Http\\Request))
#35 /home/a7med404/a7meD404/WD_WORK/WorkingFolder/work-on/school-system/vendor/laravel/framework/src/Illuminate/Pipeline/Pipeline.php(163): Fideloper\\Proxy\\TrustProxies->handle(Object(Illuminate\\Http\\Request), Object(Closure))
#36 /home/a7med404/a7meD404/WD_WORK/WorkingFolder/work-on/school-system/vendor/laravel/framework/src/Illuminate/Routing/Pipeline.php(53): Illuminate\\Pipeline\\Pipeline->Illuminate\\Pipeline\\{closure}(Object(Illuminate\\Http\\Request))
#37 /home/a7med404/a7meD404/WD_WORK/WorkingFolder/work-on/school-system/vendor/laravel/framework/src/Illuminate/Foundation/Http/Middleware/TransformsRequest.php(21): Illuminate\\Routing\\Pipeline->Illuminate\\Routing\\{closure}(Object(Illuminate\\Http\\Request))
#38 /home/a7med404/a7meD404/WD_WORK/WorkingFolder/work-on/school-system/vendor/laravel/framework/src/Illuminate/Pipeline/Pipeline.php(163): Illuminate\\Foundation\\Http\\Middleware\\TransformsRequest->handle(Object(Illuminate\\Http\\Request), Object(Closure))
#39 /home/a7med404/a7meD404/WD_WORK/WorkingFolder/work-on/school-system/vendor/laravel/framework/src/Illuminate/Routing/Pipeline.php(53): Illuminate\\Pipeline\\Pipeline->Illuminate\\Pipeline\\{closure}(Object(Illuminate\\Http\\Request))
#40 /home/a7med404/a7meD404/WD_WORK/WorkingFolder/work-on/school-system/vendor/laravel/framework/src/Illuminate/Foundation/Http/Middleware/TransformsRequest.php(21): Illuminate\\Routing\\Pipeline->Illuminate\\Routing\\{closure}(Object(Illuminate\\Http\\Request))
#41 /home/a7med404/a7meD404/WD_WORK/WorkingFolder/work-on/school-system/vendor/laravel/framework/src/Illuminate/Pipeline/Pipeline.php(163): Illuminate\\Foundation\\Http\\Middleware\\TransformsRequest->handle(Object(Illuminate\\Http\\Request), Object(Closure))
#42 /home/a7med404/a7meD404/WD_WORK/WorkingFolder/work-on/school-system/vendor/laravel/framework/src/Illuminate/Routing/Pipeline.php(53): Illuminate\\Pipeline\\Pipeline->Illuminate\\Pipeline\\{closure}(Object(Illuminate\\Http\\Request))
#43 /home/a7med404/a7meD404/WD_WORK/WorkingFolder/work-on/school-system/vendor/laravel/framework/src/Illuminate/Foundation/Http/Middleware/ValidatePostSize.php(27): Illuminate\\Routing\\Pipeline->Illuminate\\Routing\\{closure}(Object(Illuminate\\Http\\Request))
#44 /home/a7med404/a7meD404/WD_WORK/WorkingFolder/work-on/school-system/vendor/laravel/framework/src/Illuminate/Pipeline/Pipeline.php(163): Illuminate\\Foundation\\Http\\Middleware\\ValidatePostSize->handle(Object(Illuminate\\Http\\Request), Object(Closure))
#45 /home/a7med404/a7meD404/WD_WORK/WorkingFolder/work-on/school-system/vendor/laravel/framework/src/Illuminate/Routing/Pipeline.php(53): Illuminate\\Pipeline\\Pipeline->Illuminate\\Pipeline\\{closure}(Object(Illuminate\\Http\\Request))
#46 /home/a7med404/a7meD404/WD_WORK/WorkingFolder/work-on/school-system/vendor/laravel/framework/src/Illuminate/Foundation/Http/Middleware/CheckForMaintenanceMode.php(62): Illuminate\\Routing\\Pipeline->Illuminate\\Routing\\{closure}(Object(Illuminate\\Http\\Request))
#47 /home/a7med404/a7meD404/WD_WORK/WorkingFolder/work-on/school-system/vendor/laravel/framework/src/Illuminate/Pipeline/Pipeline.php(163): Illuminate\\Foundation\\Http\\Middleware\\CheckForMaintenanceMode->handle(Object(Illuminate\\Http\\Request), Object(Closure))
#48 /home/a7med404/a7meD404/WD_WORK/WorkingFolder/work-on/school-system/vendor/laravel/framework/src/Illuminate/Routing/Pipeline.php(53): Illuminate\\Pipeline\\Pipeline->Illuminate\\Pipeline\\{closure}(Object(Illuminate\\Http\\Request))
#49 /home/a7med404/a7meD404/WD_WORK/WorkingFolder/work-on/school-system/vendor/laravel/framework/src/Illuminate/Pipeline/Pipeline.php(104): Illuminate\\Routing\\Pipeline->Illuminate\\Routing\\{closure}(Object(Illuminate\\Http\\Request))
#50 /home/a7med404/a7meD404/WD_WORK/WorkingFolder/work-on/school-system/vendor/laravel/framework/src/Illuminate/Foundation/Http/Kernel.php(151): Illuminate\\Pipeline\\Pipeline->then(Object(Closure))
#51 /home/a7med404/a7meD404/WD_WORK/WorkingFolder/work-on/school-system/vendor/laravel/framework/src/Illuminate/Foundation/Http/Kernel.php(116): Illuminate\\Foundation\\Http\\Kernel->sendRequestThroughRouter(Object(Illuminate\\Http\\Request))
#52 /home/a7med404/a7meD404/WD_WORK/WorkingFolder/work-on/school-system/public/index.php(55): Illuminate\\Foundation\\Http\\Kernel->handle(Object(Illuminate\\Http\\Request))
#53 /home/a7med404/a7meD404/WD_WORK/WorkingFolder/work-on/school-system/server.php(21): require_once('/home/a7med404/...')
#54 {main}
"} 
