[2019-06-28 05:52:24] local.ERROR: syntax error, unexpected '<<' (T_SL) {"exception":"[object] (Symfony\\Component\\Debug\\Exception\\FatalThrowableError(code: 0): syntax error, unexpected '<<' (T_SL) at /home/a7med404/a7meD404/WD_WORK/WorkingFolder/work-on/school-system/Modules/Student/Routes/api.php:30)
[stacktrace]
#0 /home/a7med404/a7meD404/WD_WORK/WorkingFolder/work-on/school-system/vendor/laravel/framework/src/Illuminate/Routing/Router.php(415): Illuminate\\Routing\\RouteFileRegistrar->register('/home/a7med404/...')
#1 /home/a7med404/a7meD404/WD_WORK/WorkingFolder/work-on/school-system/vendor/laravel/framework/src/Illuminate/Routing/Router.php(373): Illuminate\\Routing\\Router->loadRoutes('/home/a7med404/...')
#2 /home/a7med404/a7meD404/WD_WORK/WorkingFolder/work-on/school-system/vendor/laravel/framework/src/Illuminate/Routing/RouteRegistrar.php(121): Illuminate\\Routing\\Router->group(Array, '/home/a7med404/...')
#3 /home/a7med404/a7meD404/WD_WORK/WorkingFolder/work-on/school-system/Modules/Student/Providers/RouteServiceProvider.php(67): Illuminate\\Routing\\RouteRegistrar->group('/home/a7med404/...')
#4 /home/a7med404/a7meD404/WD_WORK/WorkingFolder/work-on/school-system/Modules/Student/Providers/RouteServiceProvider.php(36): Modules\\Student\\Providers\\RouteServiceProvider->mapApiRoutes()
#5 [internal function]: Modules\\Student\\Providers\\RouteServiceProvider->map()
#6 /home/a7med404/a7meD404/WD_WORK/WorkingFolder/work-on/school-system/vendor/laravel/framework/src/Illuminate/Container/BoundMethod.php(32): call_user_func_array(Array, Array)
#7 /home/a7med404/a7meD404/WD_WORK/WorkingFolder/work-on/school-system/vendor/laravel/framework/src/Illuminate/Container/BoundMethod.php(90): Illuminate\\Container\\BoundMethod::Illuminate\\Container\\{closure}()
#8 /home/a7med404/a7meD404/WD_WORK/WorkingFolder/work-on/school-system/vendor/laravel/framework/src/Illuminate/Container/BoundMethod.php(34): Illuminate\\Container\\BoundMethod::callBoundMethod(Object(Illuminate\\Foundation\\Application), Array, Object(Closure))
#9 /home/a7med404/a7meD404/WD_WORK/WorkingFolder/work-on/school-system/vendor/laravel/framework/src/Illuminate/Container/Container.php(576): Illuminate\\Container\\BoundMethod::call(Object(Illuminate\\Foundation\\Application), Array, Array, NULL)
#10 /home/a7med404/a7meD404/WD_WORK/WorkingFolder/work-on/school-system/vendor/laravel/framework/src/Illuminate/Foundation/Support/Providers/RouteServiceProvider.php(87): Illuminate\\Container\\Container->call(Array)
#11 /home/a7med404/a7meD404/WD_WORK/WorkingFolder/work-on/school-system/vendor/laravel/framework/src/Illuminate/Foundation/Support/Providers/RouteServiceProvider.php(36): Illuminate\\Foundation\\Support\\Providers\\RouteServiceProvider->loadRoutes()
#12 /home/a7med404/a7meD404/WD_WORK/WorkingFolder/work-on/school-system/Modules/Student/Providers/RouteServiceProvider.php(26): Illuminate\\Foundation\\Support\\Providers\\RouteServiceProvider->boot()
#13 [internal function]: Modules\\Student\\Providers\\RouteServiceProvider->boot()
#14 /home/a7med404/a7meD404/WD_WORK/WorkingFolder/work-on/school-system/vendor/laravel/framework/src/Illuminate/Container/BoundMethod.php(32): call_user_func_array(Array, Array)
#15 /home/a7med404/a7meD404/WD_WORK/WorkingFolder/work-on/school-system/vendor/laravel/framework/src/Illuminate/Container/BoundMethod.php(90): Illuminate\\Container\\BoundMethod::Illuminate\\Container\\{closure}()
#16 /home/a7med404/a7meD404/WD_WORK/WorkingFolder/work-on/school-system/vendor/laravel/framework/src/Illuminate/Container/BoundMethod.php(34): Illuminate\\Container\\BoundMethod::callBoundMethod(Object(Illuminate\\Foundation\\Application), Array, Object(Closure))
#17 /home/a7med404/a7meD404/WD_WORK/WorkingFolder/work-on/school-system/vendor/laravel/framework/src/Illuminate/Container/Container.php(576): Illuminate\\Container\\BoundMethod::call(Object(Illuminate\\Foundation\\Application), Array, Array, NULL)
#18 /home/a7med404/a7meD404/WD_WORK/WorkingFolder/work-on/school-system/vendor/laravel/framework/src/Illuminate/Foundation/Application.php(817): Illuminate\\Container\\Container->call(Array)
#19 /home/a7med404/a7meD404/WD_WORK/WorkingFolder/work-on/school-system/vendor/laravel/framework/src/Illuminate/Foundation/Application.php(800): Illuminate\\Foundation\\Application->bootProvider(Object(Modules\\Student\\Providers\\RouteServiceProvider))
#20 [internal function]: Illuminate\\Foundation\\Application->Illuminate\\Foundation\\{closure}(Object(Modules\\Student\\Providers\\RouteServiceProvider), 45)
#21 /home/a7med404/a7meD404/WD_WORK/WorkingFolder/work-on/school-system/vendor/laravel/framework/src/Illuminate/Foundation/Application.php(801): array_walk(Array, Object(Closure))
#22 /home/a7med404/a7meD404/WD_WORK/WorkingFolder/work-on/school-system/vendor/laravel/framework/src/Illuminate/Foundation/Bootstrap/BootProviders.php(17): Illuminate\\Foundation\\Application->boot()
#23 /home/a7med404/a7meD404/WD_WORK/WorkingFolder/work-on/school-system/vendor/laravel/framework/src/Illuminate/Foundation/Application.php(210): Illuminate\\Foundation\\Bootstrap\\BootProviders->bootstrap(Object(Illuminate\\Foundation\\Application))
#24 /home/a7med404/a7meD404/WD_WORK/WorkingFolder/work-on/school-system/vendor/laravel/framework/src/Illuminate/Foundation/Console/Kernel.php(322): Illuminate\\Foundation\\Application->bootstrapWith(Array)
#25 /home/a7med404/a7meD404/WD_WORK/WorkingFolder/work-on/school-system/vendor/laravel/framework/src/Illuminate/Foundation/Console/Kernel.php(131): Illuminate\\Foundation\\Console\\Kernel->bootstrap()
#26 /home/a7med404/a7meD404/WD_WORK/WorkingFolder/work-on/school-system/artisan(37): Illuminate\\Foundation\\Console\\Kernel->handle(Object(Symfony\\Component\\Console\\Input\\ArgvInput), Object(Symfony\\Component\\Console\\Output\\ConsoleOutput))
#27 {main}
"} 
