[2019-07-18 12:37:50] local.ERROR: Class 'Modules\Student\Http\Controllers\Level' not found {"exception":"[object] (Symfony\\Component\\Debug\\Exception\\FatalThrowableError(code: 0): Class 'Modules\\Student\\Http\\Controllers\\Level' not found at /home/a7med404/a7meD404/WD_WORK/WorkingFolder/work-on/school-system/Modules/Student/Http/Controllers/OffPrintController.php:63)
[stacktrace]
#0 /home/a7med404/a7meD404/WD_WORK/WorkingFolder/work-on/school-system/Modules/Student/Http/Controllers/OffPrintController.php(55): Modules\\Student\\Http\\Controllers\\OffPrintController->print(5, 1)
#1 [internal function]: Modules\\Student\\Http\\Controllers\\OffPrintController->store(Object(Modules\\Student\\Http\\Requests\\CreateOffPrintRequest))
#2 /home/a7med404/a7meD404/WD_WORK/WorkingFolder/work-on/school-system/vendor/laravel/framework/src/Illuminate/Routing/Controller.php(54): call_user_func_array(Array, Array)
#3 /home/a7med404/a7meD404/WD_WORK/WorkingFolder/work-on/school-system/vendor/laravel/framework/src/Illuminate/Routing/ControllerDispatcher.php(45): Illuminate\\Routing\\Controller->callAction('store', Array)
#4 /home/a7med404/a7meD404/WD_WORK/WorkingFolder/work-on/school-system/vendor/laravel/framework/src/Illuminate/Routing/Route.php(219): Illuminate\\Routing\\ControllerDispatcher->dispatch(Object(Illuminate\\Routing\\Route), Object(Modules\\Student\\Http\\Controllers\\OffPrintController), 'store')
#5 /home/a7med404/a7meD404/WD_WORK/WorkingFolder/work-on/school-system/vendor/laravel/framework/src/Illuminate/Routing/Route.php(176): Illuminate\\Routing\\Route->runController()
#6 /home/a7med404/a7meD404/WD_WORK/WorkingFolder/work-on/school-system/vendor/laravel/framework/src/Illuminate/Routing/Router.php(680): Illuminate\\Routing\\Route->run()
#7 /home/a7med404/a7meD404/WD_WORK/WorkingFolder/work-on/school-system/vendor/laravel/framework/src/Illuminate/Routing/Pipeline.php(30): Illuminate\\Routing\\Router->Illuminate\\Routing\\{closure}(Object(Illuminate\\Http\\Request))
#8 /home/a7med404/a7meD404/WD_WORK/WorkingFolder/work-on/school-system/vendor/laravel/framework/src/Illuminate/Routing/Middleware/SubstituteBindings.php(41): Illuminate\\Routing\\Pipeline->Illuminate\\Routing\\{closure}(Object(Illuminate\\Http\\Request))
#9 /home/a7med404/a7meD404/WD_WORK/WorkingFolder/work-on/school-system/vendor/laravel/framework/src/Illuminate/Pipeline/Pipeline.php(163): Illuminate\\Routing\\Middleware\\SubstituteBindings->handle(Object(Illuminate\\Http\\Request), Object(Closure))
#10 /home/a7med404/a7meD404/WD_WORK/WorkingFolder/work-on/school-system/vendor/laravel/framework/src/Illuminate/Routing/Pipeline.php(53): Illuminate\\Pipeline\\Pipeline->Illuminate\\Pipeline\\{closure}(Object(Illuminate\\Http\\Request))
#11 /home/a7med404/a7meD404/WD_WORK/WorkingFolder/work-on/school-system/vendor/laravel/framework/src/Illuminate/Routing/Middleware/ThrottleRequests.php(58): Illuminate\\Routing\\Pipeline->Illuminate\\Routing\\{closure}(Object(Illuminate\\Http\\Request))
#12 /home/a7med404/a7meD404/WD_WORK/WorkingFolder/work-on/school-system/vendor/laravel/framework/src/Illuminate/Pipeline/Pipeline.php(163): Illuminate\\Routing\\Middleware\\ThrottleRequests->handle(Object(Illuminate\\Http\\Request), Object(Closure), 60, '1')
#13 /home/a7med404/a7meD404/WD_WORK/WorkingFolder/work-on/school-system/vendor/laravel/framework/src/Illuminate/Routing/Pipeline.php(53): Illuminate\\Pipeline\\Pipeline->Illuminate\\Pipeline\\{closure}(Object(Illuminate\\Http\\Request))
#14 /home/a7med404/a7meD404/WD_WORK/WorkingFolder/work-on/school-system/vendor/laravel/framework/src/Illuminate/Pipeline/Pipeline.php(104): Illuminate\\Routing\\Pipeline->Illuminate\\Routing\\{closure}(Object(Illuminate\\Http\\Request))
#15 /home/a7med404/a7meD404/WD_WORK/WorkingFolder/work-on/school-system/vendor/laravel/framework/src/Illuminate/Routing/Router.php(682): Illuminate\\Pipeline\\Pipeline->then(Object(Closure))
#16 /home/a7med404/a7meD404/WD_WORK/WorkingFolder/work-on/school-system/vendor/laravel/framework/src/Illuminate/Routing/Router.php(657): Illuminate\\Routing\\Router->runRouteWithinStack(Object(Illuminate\\Routing\\Route), Object(Illuminate\\Http\\Request))
#17 /home/a7med404/a7meD404/WD_WORK/WorkingFolder/work-on/school-system/vendor/laravel/framework/src/Illuminate/Routing/Router.php(623): Illuminate\\Routing\\Router->runRoute(Object(Illuminate\\Http\\Request), Object(Illuminate\\Routing\\Route))
#18 /home/a7med404/a7meD404/WD_WORK/WorkingFolder/work-on/school-system/vendor/laravel/framework/src/Illuminate/Routing/Router.php(612): Illuminate\\Routing\\Router->dispatchToRoute(Object(Illuminate\\Http\\Request))
#19 /home/a7med404/a7meD404/WD_WORK/WorkingFolder/work-on/school-system/vendor/laravel/framework/src/Illuminate/Foundation/Http/Kernel.php(176): Illuminate\\Routing\\Router->dispatch(Object(Illuminate\\Http\\Request))
#20 /home/a7med404/a7meD404/WD_WORK/WorkingFolder/work-on/school-system/vendor/laravel/framework/src/Illuminate/Routing/Pipeline.php(30): Illuminate\\Foundation\\Http\\Kernel->Illuminate\\Foundation\\Http\\{closure}(Object(Illuminate\\Http\\Request))
#21 /home/a7med404/a7meD404/WD_WORK/WorkingFolder/work-on/school-system/vendor/barryvdh/laravel-debugbar/src/Middleware/InjectDebugbar.php(65): Illuminate\\Routing\\Pipeline->Illuminate\\Routing\\{closure}(Object(Illuminate\\Http\\Request))
#22 /home/a7med404/a7meD404/WD_WORK/WorkingFolder/work-on/school-system/vendor/laravel/framework/src/Illuminate/Pipeline/Pipeline.php(163): Barryvdh\\Debugbar\\Middleware\\InjectDebugbar->handle(Object(Illuminate\\Http\\Request), Object(Closure))
#23 /home/a7med404/a7meD404/WD_WORK/WorkingFolder/work-on/school-system/vendor/laravel/framework/src/Illuminate/Routing/Pipeline.php(53): Illuminate\\Pipeline\\Pipeline->Illuminate\\Pipeline\\{closure}(Object(Illuminate\\Http\\Request))
#24 /home/a7med404/a7meD404/WD_WORK/WorkingFolder/work-on/school-system/vendor/fideloper/proxy/src/TrustProxies.php(57): Illuminate\\Routing\\Pipeline->Illuminate\\Routing\\{closure}(Object(Illuminate\\Http\\Request))
#25 /home/a7med404/a7meD404/WD_WORK/WorkingFolder/work-on/school-system/vendor/laravel/framework/src/Illuminate/Pipeline/Pipeline.php(163): Fideloper\\Proxy\\TrustProxies->handle(Object(Illuminate\\Http\\Request), Object(Closure))
#26 /home/a7med404/a7meD404/WD_WORK/WorkingFolder/work-on/school-system/vendor/laravel/framework/src/Illuminate/Routing/Pipeline.php(53): Illuminate\\Pipeline\\Pipeline->Illuminate\\Pipeline\\{closure}(Object(Illuminate\\Http\\Request))
#27 /home/a7med404/a7meD404/WD_WORK/WorkingFolder/work-on/school-system/vendor/laravel/framework/src/Illuminate/Foundation/Http/Middleware/TransformsRequest.php(21): Illuminate\\Routing\\Pipeline->Illuminate\\Routing\\{closure}(Object(Illuminate\\Http\\Request))
#28 /home/a7med404/a7meD404/WD_WORK/WorkingFolder/work-on/school-system/vendor/laravel/framework/src/Illuminate/Pipeline/Pipeline.php(163): Illuminate\\Foundation\\Http\\Middleware\\TransformsRequest->handle(Object(Illuminate\\Http\\Request), Object(Closure))
#29 /home/a7med404/a7meD404/WD_WORK/WorkingFolder/work-on/school-system/vendor/laravel/framework/src/Illuminate/Routing/Pipeline.php(53): Illuminate\\Pipeline\\Pipeline->Illuminate\\Pipeline\\{closure}(Object(Illuminate\\Http\\Request))
#30 /home/a7med404/a7meD404/WD_WORK/WorkingFolder/work-on/school-system/vendor/laravel/framework/src/Illuminate/Foundation/Http/Middleware/TransformsRequest.php(21): Illuminate\\Routing\\Pipeline->Illuminate\\Routing\\{closure}(Object(Illuminate\\Http\\Request))
#31 /home/a7med404/a7meD404/WD_WORK/WorkingFolder/work-on/school-system/vendor/laravel/framework/src/Illuminate/Pipeline/Pipeline.php(163): Illuminate\\Foundation\\Http\\Middleware\\TransformsRequest->handle(Object(Illuminate\\Http\\Request), Object(Closure))
#32 /home/a7med404/a7meD404/WD_WORK/WorkingFolder/work-on/school-system/vendor/laravel/framework/src/Illuminate/Routing/Pipeline.php(53): Illuminate\\Pipeline\\Pipeline->Illuminate\\Pipeline\\{closure}(Object(Illuminate\\Http\\Request))
#33 /home/a7med404/a7meD404/WD_WORK/WorkingFolder/work-on/school-system/vendor/laravel/framework/src/Illuminate/Foundation/Http/Middleware/ValidatePostSize.php(27): Illuminate\\Routing\\Pipeline->Illuminate\\Routing\\{closure}(Object(Illuminate\\Http\\Request))
#34 /home/a7med404/a7meD404/WD_WORK/WorkingFolder/work-on/school-system/vendor/laravel/framework/src/Illuminate/Pipeline/Pipeline.php(163): Illuminate\\Foundation\\Http\\Middleware\\ValidatePostSize->handle(Object(Illuminate\\Http\\Request), Object(Closure))
#35 /home/a7med404/a7meD404/WD_WORK/WorkingFolder/work-on/school-system/vendor/laravel/framework/src/Illuminate/Routing/Pipeline.php(53): Illuminate\\Pipeline\\Pipeline->Illuminate\\Pipeline\\{closure}(Object(Illuminate\\Http\\Request))
#36 /home/a7med404/a7meD404/WD_WORK/WorkingFolder/work-on/school-system/vendor/laravel/framework/src/Illuminate/Foundation/Http/Middleware/CheckForMaintenanceMode.php(62): Illuminate\\Routing\\Pipeline->Illuminate\\Routing\\{closure}(Object(Illuminate\\Http\\Request))
#37 /home/a7med404/a7meD404/WD_WORK/WorkingFolder/work-on/school-system/vendor/laravel/framework/src/Illuminate/Pipeline/Pipeline.php(163): Illuminate\\Foundation\\Http\\Middleware\\CheckForMaintenanceMode->handle(Object(Illuminate\\Http\\Request), Object(Closure))
#38 /home/a7med404/a7meD404/WD_WORK/WorkingFolder/work-on/school-system/vendor/laravel/framework/src/Illuminate/Routing/Pipeline.php(53): Illuminate\\Pipeline\\Pipeline->Illuminate\\Pipeline\\{closure}(Object(Illuminate\\Http\\Request))
#39 /home/a7med404/a7meD404/WD_WORK/WorkingFolder/work-on/school-system/vendor/laravel/framework/src/Illuminate/Pipeline/Pipeline.php(104): Illuminate\\Routing\\Pipeline->Illuminate\\Routing\\{closure}(Object(Illuminate\\Http\\Request))
#40 /home/a7med404/a7meD404/WD_WORK/WorkingFolder/work-on/school-system/vendor/laravel/framework/src/Illuminate/Foundation/Http/Kernel.php(151): Illuminate\\Pipeline\\Pipeline->then(Object(Closure))
#41 /home/a7med404/a7meD404/WD_WORK/WorkingFolder/work-on/school-system/vendor/laravel/framework/src/Illuminate/Foundation/Http/Kernel.php(116): Illuminate\\Foundation\\Http\\Kernel->sendRequestThroughRouter(Object(Illuminate\\Http\\Request))
#42 /home/a7med404/a7meD404/WD_WORK/WorkingFolder/work-on/school-system/public/index.php(55): Illuminate\\Foundation\\Http\\Kernel->handle(Object(Illuminate\\Http\\Request))
#43 /home/a7med404/a7meD404/WD_WORK/WorkingFolder/work-on/school-system/server.php(21): require_once('/home/a7med404/...')
#44 {main}
"} 
[2019-07-18 12:39:13] local.ERROR: Class 'Modules\Student\Http\Controllers\PDF' not found {"exception":"[object] (Symfony\\Component\\Debug\\Exception\\FatalThrowableError(code: 0): Class 'Modules\\Student\\Http\\Controllers\\PDF' not found at /home/a7med404/a7meD404/WD_WORK/WorkingFolder/work-on/school-system/Modules/Student/Http/Controllers/OffPrintController.php:65)
[stacktrace]
#0 /home/a7med404/a7meD404/WD_WORK/WorkingFolder/work-on/school-system/Modules/Student/Http/Controllers/OffPrintController.php(56): Modules\\Student\\Http\\Controllers\\OffPrintController->print(1, 1)
#1 [internal function]: Modules\\Student\\Http\\Controllers\\OffPrintController->store(Object(Modules\\Student\\Http\\Requests\\CreateOffPrintRequest))
#2 /home/a7med404/a7meD404/WD_WORK/WorkingFolder/work-on/school-system/vendor/laravel/framework/src/Illuminate/Routing/Controller.php(54): call_user_func_array(Array, Array)
#3 /home/a7med404/a7meD404/WD_WORK/WorkingFolder/work-on/school-system/vendor/laravel/framework/src/Illuminate/Routing/ControllerDispatcher.php(45): Illuminate\\Routing\\Controller->callAction('store', Array)
#4 /home/a7med404/a7meD404/WD_WORK/WorkingFolder/work-on/school-system/vendor/laravel/framework/src/Illuminate/Routing/Route.php(219): Illuminate\\Routing\\ControllerDispatcher->dispatch(Object(Illuminate\\Routing\\Route), Object(Modules\\Student\\Http\\Controllers\\OffPrintController), 'store')
#5 /home/a7med404/a7meD404/WD_WORK/WorkingFolder/work-on/school-system/vendor/laravel/framework/src/Illuminate/Routing/Route.php(176): Illuminate\\Routing\\Route->runController()
#6 /home/a7med404/a7meD404/WD_WORK/WorkingFolder/work-on/school-system/vendor/laravel/framework/src/Illuminate/Routing/Router.php(680): Illuminate\\Routing\\Route->run()
#7 /home/a7med404/a7meD404/WD_WORK/WorkingFolder/work-on/school-system/vendor/laravel/framework/src/Illuminate/Routing/Pipeline.php(30): Illuminate\\Routing\\Router->Illuminate\\Routing\\{closure}(Object(Illuminate\\Http\\Request))
#8 /home/a7med404/a7meD404/WD_WORK/WorkingFolder/work-on/school-system/vendor/laravel/framework/src/Illuminate/Routing/Middleware/SubstituteBindings.php(41): Illuminate\\Routing\\Pipeline->Illuminate\\Routing\\{closure}(Object(Illuminate\\Http\\Request))
#9 /home/a7med404/a7meD404/WD_WORK/WorkingFolder/work-on/school-system/vendor/laravel/framework/src/Illuminate/Pipeline/Pipeline.php(163): Illuminate\\Routing\\Middleware\\SubstituteBindings->handle(Object(Illuminate\\Http\\Request), Object(Closure))
#10 /home/a7med404/a7meD404/WD_WORK/WorkingFolder/work-on/school-system/vendor/laravel/framework/src/Illuminate/Routing/Pipeline.php(53): Illuminate\\Pipeline\\Pipeline->Illuminate\\Pipeline\\{closure}(Object(Illuminate\\Http\\Request))
#11 /home/a7med404/a7meD404/WD_WORK/WorkingFolder/work-on/school-system/vendor/laravel/framework/src/Illuminate/Routing/Middleware/ThrottleRequests.php(58): Illuminate\\Routing\\Pipeline->Illuminate\\Routing\\{closure}(Object(Illuminate\\Http\\Request))
#12 /home/a7med404/a7meD404/WD_WORK/WorkingFolder/work-on/school-system/vendor/laravel/framework/src/Illuminate/Pipeline/Pipeline.php(163): Illuminate\\Routing\\Middleware\\ThrottleRequests->handle(Object(Illuminate\\Http\\Request), Object(Closure), 60, '1')
#13 /home/a7med404/a7meD404/WD_WORK/WorkingFolder/work-on/school-system/vendor/laravel/framework/src/Illuminate/Routing/Pipeline.php(53): Illuminate\\Pipeline\\Pipeline->Illuminate\\Pipeline\\{closure}(Object(Illuminate\\Http\\Request))
#14 /home/a7med404/a7meD404/WD_WORK/WorkingFolder/work-on/school-system/vendor/laravel/framework/src/Illuminate/Pipeline/Pipeline.php(104): Illuminate\\Routing\\Pipeline->Illuminate\\Routing\\{closure}(Object(Illuminate\\Http\\Request))
#15 /home/a7med404/a7meD404/WD_WORK/WorkingFolder/work-on/school-system/vendor/laravel/framework/src/Illuminate/Routing/Router.php(682): Illuminate\\Pipeline\\Pipeline->then(Object(Closure))
#16 /home/a7med404/a7meD404/WD_WORK/WorkingFolder/work-on/school-system/vendor/laravel/framework/src/Illuminate/Routing/Router.php(657): Illuminate\\Routing\\Router->runRouteWithinStack(Object(Illuminate\\Routing\\Route), Object(Illuminate\\Http\\Request))
#17 /home/a7med404/a7meD404/WD_WORK/WorkingFolder/work-on/school-system/vendor/laravel/framework/src/Illuminate/Routing/Router.php(623): Illuminate\\Routing\\Router->runRoute(Object(Illuminate\\Http\\Request), Object(Illuminate\\Routing\\Route))
#18 /home/a7med404/a7meD404/WD_WORK/WorkingFolder/work-on/school-system/vendor/laravel/framework/src/Illuminate/Routing/Router.php(612): Illuminate\\Routing\\Router->dispatchToRoute(Object(Illuminate\\Http\\Request))
#19 /home/a7med404/a7meD404/WD_WORK/WorkingFolder/work-on/school-system/vendor/laravel/framework/src/Illuminate/Foundation/Http/Kernel.php(176): Illuminate\\Routing\\Router->dispatch(Object(Illuminate\\Http\\Request))
#20 /home/a7med404/a7meD404/WD_WORK/WorkingFolder/work-on/school-system/vendor/laravel/framework/src/Illuminate/Routing/Pipeline.php(30): Illuminate\\Foundation\\Http\\Kernel->Illuminate\\Foundation\\Http\\{closure}(Object(Illuminate\\Http\\Request))
#21 /home/a7med404/a7meD404/WD_WORK/WorkingFolder/work-on/school-system/vendor/barryvdh/laravel-debugbar/src/Middleware/InjectDebugbar.php(65): Illuminate\\Routing\\Pipeline->Illuminate\\Routing\\{closure}(Object(Illuminate\\Http\\Request))
#22 /home/a7med404/a7meD404/WD_WORK/WorkingFolder/work-on/school-system/vendor/laravel/framework/src/Illuminate/Pipeline/Pipeline.php(163): Barryvdh\\Debugbar\\Middleware\\InjectDebugbar->handle(Object(Illuminate\\Http\\Request), Object(Closure))
#23 /home/a7med404/a7meD404/WD_WORK/WorkingFolder/work-on/school-system/vendor/laravel/framework/src/Illuminate/Routing/Pipeline.php(53): Illuminate\\Pipeline\\Pipeline->Illuminate\\Pipeline\\{closure}(Object(Illuminate\\Http\\Request))
#24 /home/a7med404/a7meD404/WD_WORK/WorkingFolder/work-on/school-system/vendor/fideloper/proxy/src/TrustProxies.php(57): Illuminate\\Routing\\Pipeline->Illuminate\\Routing\\{closure}(Object(Illuminate\\Http\\Request))
#25 /home/a7med404/a7meD404/WD_WORK/WorkingFolder/work-on/school-system/vendor/laravel/framework/src/Illuminate/Pipeline/Pipeline.php(163): Fideloper\\Proxy\\TrustProxies->handle(Object(Illuminate\\Http\\Request), Object(Closure))
#26 /home/a7med404/a7meD404/WD_WORK/WorkingFolder/work-on/school-system/vendor/laravel/framework/src/Illuminate/Routing/Pipeline.php(53): Illuminate\\Pipeline\\Pipeline->Illuminate\\Pipeline\\{closure}(Object(Illuminate\\Http\\Request))
#27 /home/a7med404/a7meD404/WD_WORK/WorkingFolder/work-on/school-system/vendor/laravel/framework/src/Illuminate/Foundation/Http/Middleware/TransformsRequest.php(21): Illuminate\\Routing\\Pipeline->Illuminate\\Routing\\{closure}(Object(Illuminate\\Http\\Request))
#28 /home/a7med404/a7meD404/WD_WORK/WorkingFolder/work-on/school-system/vendor/laravel/framework/src/Illuminate/Pipeline/Pipeline.php(163): Illuminate\\Foundation\\Http\\Middleware\\TransformsRequest->handle(Object(Illuminate\\Http\\Request), Object(Closure))
#29 /home/a7med404/a7meD404/WD_WORK/WorkingFolder/work-on/school-system/vendor/laravel/framework/src/Illuminate/Routing/Pipeline.php(53): Illuminate\\Pipeline\\Pipeline->Illuminate\\Pipeline\\{closure}(Object(Illuminate\\Http\\Request))
#30 /home/a7med404/a7meD404/WD_WORK/WorkingFolder/work-on/school-system/vendor/laravel/framework/src/Illuminate/Foundation/Http/Middleware/TransformsRequest.php(21): Illuminate\\Routing\\Pipeline->Illuminate\\Routing\\{closure}(Object(Illuminate\\Http\\Request))
#31 /home/a7med404/a7meD404/WD_WORK/WorkingFolder/work-on/school-system/vendor/laravel/framework/src/Illuminate/Pipeline/Pipeline.php(163): Illuminate\\Foundation\\Http\\Middleware\\TransformsRequest->handle(Object(Illuminate\\Http\\Request), Object(Closure))
#32 /home/a7med404/a7meD404/WD_WORK/WorkingFolder/work-on/school-system/vendor/laravel/framework/src/Illuminate/Routing/Pipeline.php(53): Illuminate\\Pipeline\\Pipeline->Illuminate\\Pipeline\\{closure}(Object(Illuminate\\Http\\Request))
#33 /home/a7med404/a7meD404/WD_WORK/WorkingFolder/work-on/school-system/vendor/laravel/framework/src/Illuminate/Foundation/Http/Middleware/ValidatePostSize.php(27): Illuminate\\Routing\\Pipeline->Illuminate\\Routing\\{closure}(Object(Illuminate\\Http\\Request))
#34 /home/a7med404/a7meD404/WD_WORK/WorkingFolder/work-on/school-system/vendor/laravel/framework/src/Illuminate/Pipeline/Pipeline.php(163): Illuminate\\Foundation\\Http\\Middleware\\ValidatePostSize->handle(Object(Illuminate\\Http\\Request), Object(Closure))
#35 /home/a7med404/a7meD404/WD_WORK/WorkingFolder/work-on/school-system/vendor/laravel/framework/src/Illuminate/Routing/Pipeline.php(53): Illuminate\\Pipeline\\Pipeline->Illuminate\\Pipeline\\{closure}(Object(Illuminate\\Http\\Request))
#36 /home/a7med404/a7meD404/WD_WORK/WorkingFolder/work-on/school-system/vendor/laravel/framework/src/Illuminate/Foundation/Http/Middleware/CheckForMaintenanceMode.php(62): Illuminate\\Routing\\Pipeline->Illuminate\\Routing\\{closure}(Object(Illuminate\\Http\\Request))
#37 /home/a7med404/a7meD404/WD_WORK/WorkingFolder/work-on/school-system/vendor/laravel/framework/src/Illuminate/Pipeline/Pipeline.php(163): Illuminate\\Foundation\\Http\\Middleware\\CheckForMaintenanceMode->handle(Object(Illuminate\\Http\\Request), Object(Closure))
#38 /home/a7med404/a7meD404/WD_WORK/WorkingFolder/work-on/school-system/vendor/laravel/framework/src/Illuminate/Routing/Pipeline.php(53): Illuminate\\Pipeline\\Pipeline->Illuminate\\Pipeline\\{closure}(Object(Illuminate\\Http\\Request))
#39 /home/a7med404/a7meD404/WD_WORK/WorkingFolder/work-on/school-system/vendor/laravel/framework/src/Illuminate/Pipeline/Pipeline.php(104): Illuminate\\Routing\\Pipeline->Illuminate\\Routing\\{closure}(Object(Illuminate\\Http\\Request))
#40 /home/a7med404/a7meD404/WD_WORK/WorkingFolder/work-on/school-system/vendor/laravel/framework/src/Illuminate/Foundation/Http/Kernel.php(151): Illuminate\\Pipeline\\Pipeline->then(Object(Closure))
#41 /home/a7med404/a7meD404/WD_WORK/WorkingFolder/work-on/school-system/vendor/laravel/framework/src/Illuminate/Foundation/Http/Kernel.php(116): Illuminate\\Foundation\\Http\\Kernel->sendRequestThroughRouter(Object(Illuminate\\Http\\Request))
#42 /home/a7med404/a7meD404/WD_WORK/WorkingFolder/work-on/school-system/public/index.php(55): Illuminate\\Foundation\\Http\\Kernel->handle(Object(Illuminate\\Http\\Request))
#43 /home/a7med404/a7meD404/WD_WORK/WorkingFolder/work-on/school-system/server.php(21): require_once('/home/a7med404/...')
#44 {main}
"} 
